[ 2016-11-11T10:20:40+08:00 ] ::1 /meituan/index.php/Member/Cart/index.html
INFO: [ app_init ] --START--
INFO: Run Behavior\BuildLiteBehavior [ RunTime:0.000012s ]
INFO: [ app_init ] --END-- [ RunTime:0.000450s ]
INFO: [ app_begin ] --START--
INFO: Run Behavior\ReadHtmlCacheBehavior [ RunTime:0.000552s ]
INFO: [ app_begin ] --END-- [ RunTime:0.000608s ]
NOTIC: [8] Undefined index: uid D:\xampp\htdocs\meituan\Index\Member\Controller\CartController.class.php 第 17 行.
INFO: [ app_end ] --START--
INFO: Run Behavior\ShowPageTraceBehavior [ RunTime:0.000482s ]
INFO: [ app_end ] --END-- [ RunTime:0.000535s ]

[ 2016-11-11T10:20:41+08:00 ] ::1 /meituan/index.php/Member/Login/index.html
INFO: [ app_init ] --START--
INFO: Run Behavior\BuildLiteBehavior [ RunTime:0.000020s ]
INFO: [ app_init ] --END-- [ RunTime:0.000512s ]
INFO: [ app_begin ] --START--
INFO: Run Behavior\ReadHtmlCacheBehavior [ RunTime:0.000605s ]
INFO: [ app_begin ] --END-- [ RunTime:0.000692s ]
INFO: [ view_parse ] --START--
INFO: [ template_filter ] --START--
INFO: Run Behavior\ContentReplaceBehavior [ RunTime:0.000065s ]
INFO: [ template_filter ] --END-- [ RunTime:0.000121s ]
NOTIC: [8] Undefined variable: webInfo D:\xampp\htdocs\meituan\Index\Runtime\Cache\Member\b51282b8db71773dad6ea36dd65ede1d.php 第 11 行.
INFO: Run Behavior\ParseTemplateBehavior [ RunTime:0.076885s ]
INFO: [ view_parse ] --END-- [ RunTime:0.076941s ]
INFO: [ view_filter ] --START--
INFO: Run Behavior\WriteHtmlCacheBehavior [ RunTime:0.000326s ]
INFO: [ view_filter ] --END-- [ RunTime:0.000359s ]
INFO: [ app_end ] --START--
INFO: Run Behavior\ShowPageTraceBehavior [ RunTime:0.000376s ]
INFO: [ app_end ] --END-- [ RunTime:0.000411s ]

[ 2016-11-11T10:20:48+08:00 ] ::1 /meituan/index.php/Member/Login/login.html
INFO: [ app_init ] --START--
INFO: Run Behavior\BuildLiteBehavior [ RunTime:0.000012s ]
INFO: [ app_init ] --END-- [ RunTime:0.000310s ]
INFO: [ app_begin ] --START--
INFO: Run Behavior\ReadHtmlCacheBehavior [ RunTime:0.000391s ]
INFO: [ app_begin ] --END-- [ RunTime:0.000440s ]
SQL: SHOW COLUMNS FROM `group_user` [ RunTime:0.0730s ]
SQL: SELECT * FROM `group_user` WHERE `uname` = 'xiaoke' LIMIT 1   [ RunTime:0.0006s ]
INFO: [ view_parse ] --START--
INFO: [ template_filter ] --START--
INFO: Run Behavior\ContentReplaceBehavior [ RunTime:0.000065s ]
INFO: [ template_filter ] --END-- [ RunTime:0.000153s ]
INFO: Run Behavior\ParseTemplateBehavior [ RunTime:0.043298s ]
INFO: [ view_parse ] --END-- [ RunTime:0.043370s ]
INFO: [ view_filter ] --START--
INFO: Run Behavior\WriteHtmlCacheBehavior [ RunTime:0.000367s ]
INFO: [ view_filter ] --END-- [ RunTime:0.000404s ]
INFO: [ app_end ] --START--
INFO: Run Behavior\ShowPageTraceBehavior [ RunTime:0.000382s ]
INFO: [ app_end ] --END-- [ RunTime:0.000418s ]

[ 2016-11-11T10:20:52+08:00 ] ::1 /meituan/index.php/Member/Cart/index.html
INFO: [ app_init ] --START--
INFO: Run Behavior\BuildLiteBehavior [ RunTime:0.000011s ]
INFO: [ app_init ] --END-- [ RunTime:0.000273s ]
INFO: [ app_begin ] --START--
INFO: Run Behavior\ReadHtmlCacheBehavior [ RunTime:0.000338s ]
INFO: [ app_begin ] --END-- [ RunTime:0.000379s ]
SQL: SHOW COLUMNS FROM `group_cart` [ RunTime:0.0798s ]
SQL: SELECT `goods_id`,`goods_num` FROM `group_cart` WHERE `user_id` = 4  [ RunTime:0.0066s ]
INFO: [ app_end ] --START--
INFO: Run Behavior\ShowPageTraceBehavior [ RunTime:0.000637s ]
INFO: [ app_end ] --END-- [ RunTime:0.000686s ]

[ 2016-11-11T10:20:53+08:00 ] ::1 /meituan/index.php/Member/Account/index.html
INFO: [ app_init ] --START--
INFO: Run Behavior\BuildLiteBehavior [ RunTime:0.000025s ]
INFO: [ app_init ] --END-- [ RunTime:0.000674s ]
INFO: [ app_begin ] --START--
INFO: Run Behavior\ReadHtmlCacheBehavior [ RunTime:0.000463s ]
INFO: [ app_begin ] --END-- [ RunTime:0.000520s ]
INFO: [ view_parse ] --START--
INFO: [ template_filter ] --START--
INFO: Run Behavior\ContentReplaceBehavior [ RunTime:0.000074s ]
INFO: [ template_filter ] --END-- [ RunTime:0.000150s ]
NOTIC: [8] Undefined variable: webInfo D:\xampp\htdocs\meituan\Index\Runtime\Cache\Member\004b27e488634de8858d29c8cb9c7688.php 第 11 行.
NOTIC: [8] Undefined variable: balance D:\xampp\htdocs\meituan\Index\Runtime\Cache\Member\004b27e488634de8858d29c8cb9c7688.php 第 225 行.
INFO: Run Behavior\ParseTemplateBehavior [ RunTime:0.098762s ]
INFO: [ view_parse ] --END-- [ RunTime:0.098825s ]
INFO: [ view_filter ] --START--
INFO: Run Behavior\WriteHtmlCacheBehavior [ RunTime:0.000410s ]
INFO: [ view_filter ] --END-- [ RunTime:0.000450s ]
INFO: [ app_end ] --START--
INFO: Run Behavior\ShowPageTraceBehavior [ RunTime:0.000411s ]
INFO: [ app_end ] --END-- [ RunTime:0.000467s ]

[ 2016-11-11T10:20:56+08:00 ] ::1 /meituan/index.php/Member/Account/index.html
INFO: [ app_init ] --START--
INFO: Run Behavior\BuildLiteBehavior [ RunTime:0.000013s ]
INFO: [ app_init ] --END-- [ RunTime:0.000345s ]
INFO: [ app_begin ] --START--
INFO: Run Behavior\ReadHtmlCacheBehavior [ RunTime:0.000431s ]
INFO: [ app_begin ] --END-- [ RunTime:0.000493s ]
INFO: [ view_parse ] --START--
INFO: [ template_filter ] --START--
INFO: Run Behavior\ContentReplaceBehavior [ RunTime:0.000062s ]
INFO: [ template_filter ] --END-- [ RunTime:0.000104s ]
NOTIC: [8] Undefined variable: webInfo D:\xampp\htdocs\meituan\Index\Runtime\Cache\Member\004b27e488634de8858d29c8cb9c7688.php 第 11 行.
NOTIC: [8] Undefined variable: balance D:\xampp\htdocs\meituan\Index\Runtime\Cache\Member\004b27e488634de8858d29c8cb9c7688.php 第 225 行.
INFO: Run Behavior\ParseTemplateBehavior [ RunTime:0.008002s ]
INFO: [ view_parse ] --END-- [ RunTime:0.008047s ]
INFO: [ view_filter ] --START--
INFO: Run Behavior\WriteHtmlCacheBehavior [ RunTime:0.000354s ]
INFO: [ view_filter ] --END-- [ RunTime:0.000391s ]
INFO: [ app_end ] --START--
INFO: Run Behavior\ShowPageTraceBehavior [ RunTime:0.000374s ]
INFO: [ app_end ] --END-- [ RunTime:0.000405s ]

[ 2016-11-11T10:20:57+08:00 ] ::1 /meituan/index.php/Member/Account/index.html
INFO: [ app_init ] --START--
INFO: Run Behavior\BuildLiteBehavior [ RunTime:0.000014s ]
INFO: [ app_init ] --END-- [ RunTime:0.000339s ]
INFO: [ app_begin ] --START--
INFO: Run Behavior\ReadHtmlCacheBehavior [ RunTime:0.000422s ]
INFO: [ app_begin ] --END-- [ RunTime:0.000474s ]
INFO: [ view_parse ] --START--
INFO: [ template_filter ] --START--
INFO: Run Behavior\ContentReplaceBehavior [ RunTime:0.000064s ]
INFO: [ template_filter ] --END-- [ RunTime:0.000124s ]
NOTIC: [8] Undefined variable: webInfo D:\xampp\htdocs\meituan\Index\Runtime\Cache\Member\004b27e488634de8858d29c8cb9c7688.php 第 11 行.
NOTIC: [8] Undefined variable: balance D:\xampp\htdocs\meituan\Index\Runtime\Cache\Member\004b27e488634de8858d29c8cb9c7688.php 第 225 行.
INFO: Run Behavior\ParseTemplateBehavior [ RunTime:0.008955s ]
INFO: [ view_parse ] --END-- [ RunTime:0.009011s ]
INFO: [ view_filter ] --START--
INFO: Run Behavior\WriteHtmlCacheBehavior [ RunTime:0.000481s ]
INFO: [ view_filter ] --END-- [ RunTime:0.000536s ]
INFO: [ app_end ] --START--
INFO: Run Behavior\ShowPageTraceBehavior [ RunTime:0.000532s ]
INFO: [ app_end ] --END-- [ RunTime:0.000585s ]

[ 2016-11-11T10:21:01+08:00 ] ::1 /meituan/index.php/Member/Account/index.html
INFO: [ app_init ] --START--
INFO: Run Behavior\BuildLiteBehavior [ RunTime:0.000014s ]
INFO: [ app_init ] --END-- [ RunTime:0.000342s ]
INFO: [ app_begin ] --START--
INFO: Run Behavior\ReadHtmlCacheBehavior [ RunTime:0.000474s ]
INFO: [ app_begin ] --END-- [ RunTime:0.000532s ]
INFO: [ view_parse ] --START--
INFO: [ template_filter ] --START--
INFO: Run Behavior\ContentReplaceBehavior [ RunTime:0.000072s ]
INFO: [ template_filter ] --END-- [ RunTime:0.000136s ]
NOTIC: [8] Undefined variable: webInfo D:\xampp\htdocs\meituan\Index\Runtime\Cache\Member\004b27e488634de8858d29c8cb9c7688.php 第 11 行.
NOTIC: [8] Undefined variable: balance D:\xampp\htdocs\meituan\Index\Runtime\Cache\Member\004b27e488634de8858d29c8cb9c7688.php 第 225 行.
INFO: Run Behavior\ParseTemplateBehavior [ RunTime:0.011887s ]
INFO: [ view_parse ] --END-- [ RunTime:0.011939s ]
INFO: [ view_filter ] --START--
INFO: Run Behavior\WriteHtmlCacheBehavior [ RunTime:0.000424s ]
INFO: [ view_filter ] --END-- [ RunTime:0.000464s ]
INFO: [ app_end ] --START--
INFO: Run Behavior\ShowPageTraceBehavior [ RunTime:0.000430s ]
INFO: [ app_end ] --END-- [ RunTime:0.000471s ]

[ 2016-11-11T10:21:03+08:00 ] ::1 /meituan/index.php/Member/Account/index.html
INFO: [ app_init ] --START--
INFO: Run Behavior\BuildLiteBehavior [ RunTime:0.000014s ]
INFO: [ app_init ] --END-- [ RunTime:0.000333s ]
INFO: [ app_begin ] --START--
INFO: Run Behavior\ReadHtmlCacheBehavior [ RunTime:0.000418s ]
INFO: [ app_begin ] --END-- [ RunTime:0.000467s ]
INFO: [ view_parse ] --START--
INFO: [ template_filter ] --START--
INFO: Run Behavior\ContentReplaceBehavior [ RunTime:0.000065s ]
INFO: [ template_filter ] --END-- [ RunTime:0.000114s ]
NOTIC: [8] Undefined variable: webInfo D:\xampp\htdocs\meituan\Index\Runtime\Cache\Member\004b27e488634de8858d29c8cb9c7688.php 第 11 行.
NOTIC: [8] Undefined variable: balance D:\xampp\htdocs\meituan\Index\Runtime\Cache\Member\004b27e488634de8858d29c8cb9c7688.php 第 225 行.
INFO: Run Behavior\ParseTemplateBehavior [ RunTime:0.008406s ]
INFO: [ view_parse ] --END-- [ RunTime:0.008452s ]
INFO: [ view_filter ] --START--
INFO: Run Behavior\WriteHtmlCacheBehavior [ RunTime:0.000336s ]
INFO: [ view_filter ] --END-- [ RunTime:0.000369s ]
INFO: [ app_end ] --START--
INFO: Run Behavior\ShowPageTraceBehavior [ RunTime:0.000383s ]
INFO: [ app_end ] --END-- [ RunTime:0.000417s ]

[ 2016-11-11T10:21:07+08:00 ] ::1 /meituan/index.php/Member/Cart/index.html
INFO: [ app_init ] --START--
INFO: Run Behavior\BuildLiteBehavior [ RunTime:0.000011s ]
INFO: [ app_init ] --END-- [ RunTime:0.000324s ]
INFO: [ app_begin ] --START--
INFO: Run Behavior\ReadHtmlCacheBehavior [ RunTime:0.000472s ]
INFO: [ app_begin ] --END-- [ RunTime:0.000523s ]
SQL: SHOW COLUMNS FROM `group_cart` [ RunTime:0.0091s ]
SQL: SELECT `goods_id`,`goods_num` FROM `group_cart` WHERE `user_id` = 4  [ RunTime:0.0003s ]
INFO: [ app_end ] --START--
INFO: Run Behavior\ShowPageTraceBehavior [ RunTime:0.000609s ]
INFO: [ app_end ] --END-- [ RunTime:0.000652s ]

[ 2016-11-11T10:21:12+08:00 ] ::1 /meituan/index.php/Member/Buy/index/gid/16
INFO: [ app_init ] --START--
INFO: Run Behavior\BuildLiteBehavior [ RunTime:0.000020s ]
INFO: [ app_init ] --END-- [ RunTime:0.000302s ]
INFO: [ app_begin ] --START--
INFO: Run Behavior\ReadHtmlCacheBehavior [ RunTime:0.000363s ]
INFO: [ app_begin ] --END-- [ RunTime:0.000403s ]
SQL: SHOW COLUMNS FROM `group_user` [ RunTime:0.0093s ]
SQL: SHOW COLUMNS FROM `group_user_address` [ RunTime:0.0696s ]
SQL: SELECT * FROM `group_user_address` WHERE `user_id` = '4'  [ RunTime:0.0007s ]
SQL: SHOW COLUMNS FROM `group_goods` [ RunTime:0.0062s ]
SQL: SHOW COLUMNS FROM `group_goods_img` [ RunTime:0.0041s ]
SQL: SELECT Goods.main_title AS main_title,Goods.gid AS gid,Goods.price AS price FROM group_goods Goods LEFT JOIN group_goods_img Goods_img ON Goods.gid=Goods_img.goods_id WHERE Goods.gid = 16 LIMIT 1   [ RunTime:0.0005s ]
INFO: [ view_parse ] --START--
INFO: [ template_filter ] --START--
INFO: Run Behavior\ContentReplaceBehavior [ RunTime:0.000077s ]
INFO: [ template_filter ] --END-- [ RunTime:0.000128s ]
NOTIC: [8] Undefined variable: webInfo D:\xampp\htdocs\meituan\Index\Runtime\Cache\Member\a1c511993856c3556d85577d889896cc.php 第 11 行.
INFO: Run Behavior\ParseTemplateBehavior [ RunTime:0.058119s ]
INFO: [ view_parse ] --END-- [ RunTime:0.058181s ]
INFO: [ view_filter ] --START--
INFO: Run Behavior\WriteHtmlCacheBehavior [ RunTime:0.000193s ]
INFO: [ view_filter ] --END-- [ RunTime:0.000226s ]
INFO: [ app_end ] --START--
INFO: Run Behavior\ShowPageTraceBehavior [ RunTime:0.000385s ]
INFO: [ app_end ] --END-- [ RunTime:0.000418s ]

[ 2016-11-11T10:21:15+08:00 ] ::1 /meituan/index.php/Member/Buy/payment.html
INFO: [ app_init ] --START--
INFO: Run Behavior\BuildLiteBehavior [ RunTime:0.000013s ]
INFO: [ app_init ] --END-- [ RunTime:0.000338s ]
INFO: [ app_begin ] --START--
INFO: Run Behavior\ReadHtmlCacheBehavior [ RunTime:0.000416s ]
INFO: [ app_begin ] --END-- [ RunTime:0.000465s ]
SQL: SHOW COLUMNS FROM `group_order` [ RunTime:0.0615s ]
SQL: INSERT INTO `group_order` (`user_id`,`goods_id`,`goods_num`,`total_money`,`address_id`) VALUES ('4','16','1','20','0') [ RunTime:0.5313s ]
SQL: SHOW COLUMNS FROM `group_order` [ RunTime:0.0080s ]
SQL: SELECT `goods_num`,`total_money` FROM `group_order` WHERE `user_id` = 4  [ RunTime:0.0007s ]
INFO: [ view_parse ] --START--
INFO: [ template_filter ] --START--
INFO: Run Behavior\ContentReplaceBehavior [ RunTime:0.000144s ]
INFO: [ template_filter ] --END-- [ RunTime:0.000255s ]
NOTIC: [8] Undefined variable: webInfo D:\xampp\htdocs\meituan\Index\Runtime\Cache\Member\274996d977a063b43ff1969d695259bb.php 第 11 行.
NOTIC: [8] Undefined index: orderid D:\xampp\htdocs\meituan\Index\Runtime\Cache\Member\274996d977a063b43ff1969d695259bb.php 第 187 行.
NOTIC: [8] Undefined index: orderid D:\xampp\htdocs\meituan\Index\Runtime\Cache\Member\274996d977a063b43ff1969d695259bb.php 第 187 行.
NOTIC: [8] Undefined index: orderid D:\xampp\htdocs\meituan\Index\Runtime\Cache\Member\274996d977a063b43ff1969d695259bb.php 第 187 行.
NOTIC: [8] Undefined index: orderid D:\xampp\htdocs\meituan\Index\Runtime\Cache\Member\274996d977a063b43ff1969d695259bb.php 第 187 行.
NOTIC: [8] Undefined index: orderid D:\xampp\htdocs\meituan\Index\Runtime\Cache\Member\274996d977a063b43ff1969d695259bb.php 第 187 行.
NOTIC: [8] Undefined index: orderid D:\xampp\htdocs\meituan\Index\Runtime\Cache\Member\274996d977a063b43ff1969d695259bb.php 第 187 行.
NOTIC: [8] Undefined index: orderid D:\xampp\htdocs\meituan\Index\Runtime\Cache\Member\274996d977a063b43ff1969d695259bb.php 第 187 行.
NOTIC: [8] Undefined index: orderid D:\xampp\htdocs\meituan\Index\Runtime\Cache\Member\274996d977a063b43ff1969d695259bb.php 第 187 行.
INFO: Run Behavior\ParseTemplateBehavior [ RunTime:0.079454s ]
INFO: [ view_parse ] --END-- [ RunTime:0.079541s ]
INFO: [ view_filter ] --START--
INFO: Run Behavior\WriteHtmlCacheBehavior [ RunTime:0.000387s ]
INFO: [ view_filter ] --END-- [ RunTime:0.000435s ]
INFO: [ app_end ] --START--
INFO: Run Behavior\ShowPageTraceBehavior [ RunTime:0.000489s ]
INFO: [ app_end ] --END-- [ RunTime:0.000533s ]

[ 2016-11-11T10:21:18+08:00 ] ::1 /meituan/index.php/Member/Buy/checkBuy.html
INFO: [ app_init ] --START--
INFO: Run Behavior\BuildLiteBehavior [ RunTime:0.000015s ]
INFO: [ app_init ] --END-- [ RunTime:0.000294s ]
INFO: [ app_begin ] --START--
INFO: Run Behavior\ReadHtmlCacheBehavior [ RunTime:0.000358s ]
INFO: [ app_begin ] --END-- [ RunTime:0.000402s ]

[ 2016-11-11T10:45:35+08:00 ] ::1 /meituan/index.php/Member/Buy/payment.html
INFO: [ app_init ] --START--
INFO: Run Behavior\BuildLiteBehavior [ RunTime:0.000014s ]
INFO: [ app_init ] --END-- [ RunTime:0.000363s ]
INFO: [ app_begin ] --START--
INFO: Run Behavior\ReadHtmlCacheBehavior [ RunTime:0.000713s ]
INFO: [ app_begin ] --END-- [ RunTime:0.000779s ]
SQL: SHOW COLUMNS FROM `group_order` [ RunTime:0.0395s ]
SQL: INSERT INTO `group_order` (`user_id`,`goods_id`,`goods_num`,`total_money`,`address_id`) VALUES ('4','16','1','20','0') [ RunTime:0.0998s ]
SQL: SHOW COLUMNS FROM `group_order` [ RunTime:0.0166s ]
SQL: SELECT `goods_num`,`total_money` FROM `group_order` WHERE `user_id` = 4  [ RunTime:0.0003s ]
INFO: [ view_parse ] --START--
INFO: [ template_filter ] --START--
INFO: Run Behavior\ContentReplaceBehavior [ RunTime:0.000059s ]
INFO: [ template_filter ] --END-- [ RunTime:0.000104s ]
NOTIC: [8] Undefined variable: webInfo D:\xampp\htdocs\meituan\Index\Runtime\Cache\Member\274996d977a063b43ff1969d695259bb.php 第 11 行.
NOTIC: [8] Undefined index: orderid D:\xampp\htdocs\meituan\Index\Runtime\Cache\Member\274996d977a063b43ff1969d695259bb.php 第 187 行.
NOTIC: [8] Undefined index: orderid D:\xampp\htdocs\meituan\Index\Runtime\Cache\Member\274996d977a063b43ff1969d695259bb.php 第 187 行.
NOTIC: [8] Undefined index: orderid D:\xampp\htdocs\meituan\Index\Runtime\Cache\Member\274996d977a063b43ff1969d695259bb.php 第 187 行.
NOTIC: [8] Undefined index: orderid D:\xampp\htdocs\meituan\Index\Runtime\Cache\Member\274996d977a063b43ff1969d695259bb.php 第 187 行.
NOTIC: [8] Undefined index: orderid D:\xampp\htdocs\meituan\Index\Runtime\Cache\Member\274996d977a063b43ff1969d695259bb.php 第 187 行.
NOTIC: [8] Undefined index: orderid D:\xampp\htdocs\meituan\Index\Runtime\Cache\Member\274996d977a063b43ff1969d695259bb.php 第 187 行.
NOTIC: [8] Undefined index: orderid D:\xampp\htdocs\meituan\Index\Runtime\Cache\Member\274996d977a063b43ff1969d695259bb.php 第 187 行.
NOTIC: [8] Undefined index: orderid D:\xampp\htdocs\meituan\Index\Runtime\Cache\Member\274996d977a063b43ff1969d695259bb.php 第 187 行.
NOTIC: [8] Undefined index: orderid D:\xampp\htdocs\meituan\Index\Runtime\Cache\Member\274996d977a063b43ff1969d695259bb.php 第 187 行.
INFO: Run Behavior\ParseTemplateBehavior [ RunTime:0.026876s ]
INFO: [ view_parse ] --END-- [ RunTime:0.026922s ]
INFO: [ view_filter ] --START--
INFO: Run Behavior\WriteHtmlCacheBehavior [ RunTime:0.000439s ]
INFO: [ view_filter ] --END-- [ RunTime:0.000472s ]
INFO: [ app_end ] --START--
INFO: Run Behavior\ShowPageTraceBehavior [ RunTime:0.001090s ]
INFO: [ app_end ] --END-- [ RunTime:0.001181s ]

[ 2016-11-11T10:45:37+08:00 ] ::1 /meituan/index.php/Member/Buy/checkBuy.html
INFO: [ app_init ] --START--
INFO: Run Behavior\BuildLiteBehavior [ RunTime:0.000012s ]
INFO: [ app_init ] --END-- [ RunTime:0.000369s ]
INFO: [ app_begin ] --START--
INFO: Run Behavior\ReadHtmlCacheBehavior [ RunTime:0.000826s ]
INFO: [ app_begin ] --END-- [ RunTime:0.000892s ]

[ 2016-11-11T10:45:48+08:00 ] ::1 /meituan/index.php/Member/Buy/checkBuy.html
INFO: [ app_init ] --START--
INFO: Run Behavior\BuildLiteBehavior [ RunTime:0.000019s ]
INFO: [ app_init ] --END-- [ RunTime:0.000571s ]
INFO: [ app_begin ] --START--
INFO: Run Behavior\ReadHtmlCacheBehavior [ RunTime:0.000944s ]
INFO: [ app_begin ] --END-- [ RunTime:0.001015s ]

[ 2016-11-11T10:46:13+08:00 ] ::1 /meituan/index.php/Member/Buy/checkBuy.html
INFO: [ app_init ] --START--
INFO: Run Behavior\BuildLiteBehavior [ RunTime:0.000012s ]
INFO: [ app_init ] --END-- [ RunTime:0.000360s ]
INFO: [ app_begin ] --START--
INFO: Run Behavior\ReadHtmlCacheBehavior [ RunTime:0.000656s ]
INFO: [ app_begin ] --END-- [ RunTime:0.000714s ]

[ 2016-11-11T10:47:18+08:00 ] ::1 /meituan/index.php/Member/Buy/checkBuy.html
INFO: [ app_init ] --START--
INFO: Run Behavior\BuildLiteBehavior [ RunTime:0.000023s ]
INFO: [ app_init ] --END-- [ RunTime:0.000570s ]
INFO: [ app_begin ] --START--
INFO: Run Behavior\ReadHtmlCacheBehavior [ RunTime:0.001509s ]
INFO: [ app_begin ] --END-- [ RunTime:0.001653s ]

[ 2016-11-11T10:47:20+08:00 ] ::1 /meituan/index.php/Member/Buy/checkBuy.html
INFO: [ app_init ] --START--
INFO: Run Behavior\BuildLiteBehavior [ RunTime:0.000012s ]
INFO: [ app_init ] --END-- [ RunTime:0.000311s ]
INFO: [ app_begin ] --START--
INFO: Run Behavior\ReadHtmlCacheBehavior [ RunTime:0.000590s ]
INFO: [ app_begin ] --END-- [ RunTime:0.000634s ]

[ 2016-11-11T10:47:25+08:00 ] ::1 /meituan/index.php/Member/Buy/checkBuy.html
INFO: [ app_init ] --START--
INFO: Run Behavior\BuildLiteBehavior [ RunTime:0.000013s ]
INFO: [ app_init ] --END-- [ RunTime:0.000350s ]
INFO: [ app_begin ] --START--
INFO: Run Behavior\ReadHtmlCacheBehavior [ RunTime:0.000632s ]
INFO: [ app_begin ] --END-- [ RunTime:0.000678s ]

[ 2016-11-11T10:47:26+08:00 ] ::1 /meituan/index.php/Member/Buy/checkBuy.html
INFO: [ app_init ] --START--
INFO: Run Behavior\BuildLiteBehavior [ RunTime:0.000020s ]
INFO: [ app_init ] --END-- [ RunTime:0.000398s ]
INFO: [ app_begin ] --START--
INFO: Run Behavior\ReadHtmlCacheBehavior [ RunTime:0.000623s ]
INFO: [ app_begin ] --END-- [ RunTime:0.000705s ]

[ 2016-11-11T10:48:31+08:00 ] ::1 /meituan/index.php/Member/Buy/checkBuy.html
INFO: [ app_init ] --START--
INFO: Run Behavior\BuildLiteBehavior [ RunTime:0.000015s ]
INFO: [ app_init ] --END-- [ RunTime:0.000420s ]
INFO: [ app_begin ] --START--
INFO: Run Behavior\ReadHtmlCacheBehavior [ RunTime:0.000852s ]
INFO: [ app_begin ] --END-- [ RunTime:0.000910s ]

[ 2016-11-11T10:48:32+08:00 ] ::1 /meituan/index.php/Member/Buy/checkBuy.html
INFO: [ app_init ] --START--
INFO: Run Behavior\BuildLiteBehavior [ RunTime:0.000014s ]
INFO: [ app_init ] --END-- [ RunTime:0.000372s ]
INFO: [ app_begin ] --START--
INFO: Run Behavior\ReadHtmlCacheBehavior [ RunTime:0.001084s ]
INFO: [ app_begin ] --END-- [ RunTime:0.001182s ]

[ 2016-11-11T10:48:33+08:00 ] ::1 /meituan/index.php/Member/Buy/checkBuy.html
INFO: [ app_init ] --START--
INFO: Run Behavior\BuildLiteBehavior [ RunTime:0.000013s ]
INFO: [ app_init ] --END-- [ RunTime:0.000380s ]
INFO: [ app_begin ] --START--
INFO: Run Behavior\ReadHtmlCacheBehavior [ RunTime:0.000703s ]
INFO: [ app_begin ] --END-- [ RunTime:0.000766s ]

[ 2016-11-11T10:48:34+08:00 ] ::1 /meituan/index.php/Member/Buy/checkBuy.html
INFO: [ app_init ] --START--
INFO: Run Behavior\BuildLiteBehavior [ RunTime:0.000012s ]
INFO: [ app_init ] --END-- [ RunTime:0.000348s ]
INFO: [ app_begin ] --START--
INFO: Run Behavior\ReadHtmlCacheBehavior [ RunTime:0.000794s ]
INFO: [ app_begin ] --END-- [ RunTime:0.000885s ]

[ 2016-11-11T10:48:34+08:00 ] ::1 /meituan/index.php/Member/Buy/checkBuy.html
INFO: [ app_init ] --START--
INFO: Run Behavior\BuildLiteBehavior [ RunTime:0.000012s ]
INFO: [ app_init ] --END-- [ RunTime:0.000328s ]
INFO: [ app_begin ] --START--
INFO: Run Behavior\ReadHtmlCacheBehavior [ RunTime:0.000632s ]
INFO: [ app_begin ] --END-- [ RunTime:0.000676s ]

[ 2016-11-11T10:48:35+08:00 ] ::1 /meituan/index.php/Member/Buy/checkBuy.html
INFO: [ app_init ] --START--
INFO: Run Behavior\BuildLiteBehavior [ RunTime:0.000011s ]
INFO: [ app_init ] --END-- [ RunTime:0.000355s ]
INFO: [ app_begin ] --START--
INFO: Run Behavior\ReadHtmlCacheBehavior [ RunTime:0.000660s ]
INFO: [ app_begin ] --END-- [ RunTime:0.000708s ]

[ 2016-11-11T10:48:36+08:00 ] ::1 /meituan/index.php/Member/Buy/checkBuy.html
INFO: [ app_init ] --START--
INFO: Run Behavior\BuildLiteBehavior [ RunTime:0.000011s ]
INFO: [ app_init ] --END-- [ RunTime:0.000310s ]
INFO: [ app_begin ] --START--
INFO: Run Behavior\ReadHtmlCacheBehavior [ RunTime:0.000802s ]
INFO: [ app_begin ] --END-- [ RunTime:0.000858s ]

[ 2016-11-11T10:49:22+08:00 ] ::1 /meituan/index.php/Member/Buy/checkBuy.html
INFO: [ app_init ] --START--
INFO: Run Behavior\BuildLiteBehavior [ RunTime:0.000012s ]
INFO: [ app_init ] --END-- [ RunTime:0.000342s ]
INFO: [ app_begin ] --START--
INFO: Run Behavior\ReadHtmlCacheBehavior [ RunTime:0.000621s ]
INFO: [ app_begin ] --END-- [ RunTime:0.000665s ]

[ 2016-11-11T10:49:34+08:00 ] ::1 /meituan/index.php/Member/Buy/checkBuy.html
INFO: [ app_init ] --START--
INFO: Run Behavior\BuildLiteBehavior [ RunTime:0.000015s ]
INFO: [ app_init ] --END-- [ RunTime:0.000511s ]
INFO: [ app_begin ] --START--
INFO: Run Behavior\ReadHtmlCacheBehavior [ RunTime:0.000641s ]
INFO: [ app_begin ] --END-- [ RunTime:0.000694s ]
NOTIC: [2] Creating default object from empty value D:\xampp\htdocs\meituan\Index\Member\Controller\BuyController.class.php 第 89 行.
NOTIC: [2] openssl_sign(): supplied key param cannot be coerced into a private key D:\xampp\htdocs\meituan\ThinkPHP\Library\Vendor\alipaySdk\aop\AopClient.php 第 106 行.

[ 2016-11-11T10:51:00+08:00 ] ::1 /meituan/index.php/Member/Buy/checkBuy.html
INFO: [ app_init ] --START--
INFO: Run Behavior\BuildLiteBehavior [ RunTime:0.000012s ]
INFO: [ app_init ] --END-- [ RunTime:0.000321s ]
INFO: [ app_begin ] --START--
INFO: Run Behavior\ReadHtmlCacheBehavior [ RunTime:0.001076s ]
INFO: [ app_begin ] --END-- [ RunTime:0.001160s ]
NOTIC: [2] Creating default object from empty value D:\xampp\htdocs\meituan\Index\Member\Controller\BuyController.class.php 第 89 行.
NOTIC: [2] openssl_sign(): supplied key param cannot be coerced into a private key D:\xampp\htdocs\meituan\ThinkPHP\Library\Vendor\alipaySdk\aop\AopClient.php 第 106 行.
NOTIC: [8] Undefined property: stdClass::$sign D:\xampp\htdocs\meituan\ThinkPHP\Library\Vendor\alipaySdk\aop\AopClient.php 第 790 行.
ERR:  check sign Fail! The reason : signData is Empty

[ 2016-11-11T10:51:25+08:00 ] ::1 /meituan/index.php/Member/Buy/checkBuy.html
INFO: [ app_init ] --START--
INFO: Run Behavior\BuildLiteBehavior [ RunTime:0.000012s ]
INFO: [ app_init ] --END-- [ RunTime:0.000338s ]
INFO: [ app_begin ] --START--
INFO: Run Behavior\ReadHtmlCacheBehavior [ RunTime:0.000615s ]
INFO: [ app_begin ] --END-- [ RunTime:0.000667s ]
NOTIC: [2] Creating default object from empty value D:\xampp\htdocs\meituan\Index\Member\Controller\BuyController.class.php 第 89 行.
NOTIC: [2] openssl_sign(): supplied key param cannot be coerced into a private key D:\xampp\htdocs\meituan\ThinkPHP\Library\Vendor\alipaySdk\aop\AopClient.php 第 106 行.
NOTIC: [8] Undefined property: stdClass::$sign D:\xampp\htdocs\meituan\ThinkPHP\Library\Vendor\alipaySdk\aop\AopClient.php 第 790 行.
ERR:  check sign Fail! The reason : signData is Empty

[ 2016-11-11T10:55:01+08:00 ] ::1 /meituan/index.php/Member/Buy/checkBuy.html
INFO: [ app_init ] --START--
INFO: Run Behavior\BuildLiteBehavior [ RunTime:0.000011s ]
INFO: [ app_init ] --END-- [ RunTime:0.000319s ]
INFO: [ app_begin ] --START--
INFO: Run Behavior\ReadHtmlCacheBehavior [ RunTime:0.000605s ]
INFO: [ app_begin ] --END-- [ RunTime:0.000648s ]
NOTIC: [2] Creating default object from empty value D:\xampp\htdocs\meituan\Index\Member\Controller\BuyController.class.php 第 89 行.
NOTIC: [8] Undefined property: stdClass::$sign D:\xampp\htdocs\meituan\ThinkPHP\Library\Vendor\alipaySdk\aop\AopClient.php 第 790 行.
ERR:  check sign Fail! The reason : signData is Empty

[ 2016-11-11T10:55:02+08:00 ] ::1 /meituan/index.php/Member/Buy/checkBuy.html
INFO: [ app_init ] --START--
INFO: Run Behavior\BuildLiteBehavior [ RunTime:0.000012s ]
INFO: [ app_init ] --END-- [ RunTime:0.000345s ]
INFO: [ app_begin ] --START--
INFO: Run Behavior\ReadHtmlCacheBehavior [ RunTime:0.000625s ]
INFO: [ app_begin ] --END-- [ RunTime:0.000671s ]
NOTIC: [2] Creating default object from empty value D:\xampp\htdocs\meituan\Index\Member\Controller\BuyController.class.php 第 89 行.
NOTIC: [8] Undefined property: stdClass::$sign D:\xampp\htdocs\meituan\ThinkPHP\Library\Vendor\alipaySdk\aop\AopClient.php 第 790 行.
ERR:  check sign Fail! The reason : signData is Empty

[ 2016-11-11T10:55:03+08:00 ] ::1 /meituan/index.php/Member/Buy/checkBuy.html
INFO: [ app_init ] --START--
INFO: Run Behavior\BuildLiteBehavior [ RunTime:0.000012s ]
INFO: [ app_init ] --END-- [ RunTime:0.000352s ]
INFO: [ app_begin ] --START--
INFO: Run Behavior\ReadHtmlCacheBehavior [ RunTime:0.000697s ]
INFO: [ app_begin ] --END-- [ RunTime:0.000755s ]
NOTIC: [2] Creating default object from empty value D:\xampp\htdocs\meituan\Index\Member\Controller\BuyController.class.php 第 89 行.
NOTIC: [8] Undefined property: stdClass::$sign D:\xampp\htdocs\meituan\ThinkPHP\Library\Vendor\alipaySdk\aop\AopClient.php 第 790 行.
ERR:  check sign Fail! The reason : signData is Empty

[ 2016-11-11T10:55:36+08:00 ] ::1 /meituan/index.php/Member/Buy/checkBuy.html
INFO: [ app_init ] --START--
INFO: Run Behavior\BuildLiteBehavior [ RunTime:0.000011s ]
INFO: [ app_init ] --END-- [ RunTime:0.000343s ]
INFO: [ app_begin ] --START--
INFO: Run Behavior\ReadHtmlCacheBehavior [ RunTime:0.000597s ]
INFO: [ app_begin ] --END-- [ RunTime:0.000637s ]
NOTIC: [2] Creating default object from empty value D:\xampp\htdocs\meituan\Index\Member\Controller\BuyController.class.php 第 89 行.
NOTIC: [8] Undefined property: stdClass::$sign D:\xampp\htdocs\meituan\ThinkPHP\Library\Vendor\alipaySdk\aop\AopClient.php 第 790 行.
ERR:  check sign Fail! The reason : signData is Empty

[ 2016-11-11T10:55:38+08:00 ] ::1 /meituan/index.php/Member/Buy/checkBuy.html
INFO: [ app_init ] --START--
INFO: Run Behavior\BuildLiteBehavior [ RunTime:0.000013s ]
INFO: [ app_init ] --END-- [ RunTime:0.000351s ]
INFO: [ app_begin ] --START--
INFO: Run Behavior\ReadHtmlCacheBehavior [ RunTime:0.000663s ]
INFO: [ app_begin ] --END-- [ RunTime:0.000726s ]
NOTIC: [2] Creating default object from empty value D:\xampp\htdocs\meituan\Index\Member\Controller\BuyController.class.php 第 89 行.
NOTIC: [8] Undefined property: stdClass::$sign D:\xampp\htdocs\meituan\ThinkPHP\Library\Vendor\alipaySdk\aop\AopClient.php 第 790 行.
ERR:  check sign Fail! The reason : signData is Empty

[ 2016-11-11T10:55:39+08:00 ] ::1 /meituan/index.php/Member/Buy/checkBuy.html
INFO: [ app_init ] --START--
INFO: Run Behavior\BuildLiteBehavior [ RunTime:0.000011s ]
INFO: [ app_init ] --END-- [ RunTime:0.000333s ]
INFO: [ app_begin ] --START--
INFO: Run Behavior\ReadHtmlCacheBehavior [ RunTime:0.000599s ]
INFO: [ app_begin ] --END-- [ RunTime:0.000655s ]
NOTIC: [2] Creating default object from empty value D:\xampp\htdocs\meituan\Index\Member\Controller\BuyController.class.php 第 89 行.
NOTIC: [8] Undefined property: stdClass::$sign D:\xampp\htdocs\meituan\ThinkPHP\Library\Vendor\alipaySdk\aop\AopClient.php 第 790 行.
ERR:  check sign Fail! The reason : signData is Empty

[ 2016-11-11T10:59:03+08:00 ] ::1 /meituan/index.php/Member/Buy/checkBuy.html
INFO: [ app_init ] --START--
INFO: Run Behavior\BuildLiteBehavior [ RunTime:0.000014s ]
INFO: [ app_init ] --END-- [ RunTime:0.000381s ]
INFO: [ app_begin ] --START--
INFO: Run Behavior\ReadHtmlCacheBehavior [ RunTime:0.000763s ]
INFO: [ app_begin ] --END-- [ RunTime:0.000887s ]
NOTIC: [2] Creating default object from empty value D:\xampp\htdocs\meituan\Index\Member\Controller\BuyController.class.php 第 89 行.

[ 2016-11-11T11:02:51+08:00 ] ::1 /meituan/index.php/Member/Buy/index/gid/16
INFO: [ app_init ] --START--
INFO: Run Behavior\BuildLiteBehavior [ RunTime:0.000018s ]
INFO: [ app_init ] --END-- [ RunTime:0.000437s ]
INFO: [ app_begin ] --START--
INFO: Run Behavior\ReadHtmlCacheBehavior [ RunTime:0.000717s ]
INFO: [ app_begin ] --END-- [ RunTime:0.000802s ]
SQL: SHOW COLUMNS FROM `group_user` [ RunTime:0.0115s ]
SQL: SHOW COLUMNS FROM `group_user_address` [ RunTime:0.0064s ]
SQL: SELECT * FROM `group_user_address` WHERE `user_id` = '4'  [ RunTime:0.0004s ]
SQL: SHOW COLUMNS FROM `group_goods` [ RunTime:0.0077s ]
SQL: SHOW COLUMNS FROM `group_goods_img` [ RunTime:0.0038s ]
SQL: SELECT Goods.main_title AS main_title,Goods.gid AS gid,Goods.price AS price FROM group_goods Goods LEFT JOIN group_goods_img Goods_img ON Goods.gid=Goods_img.goods_id WHERE Goods.gid = 16 LIMIT 1   [ RunTime:0.0004s ]
INFO: [ view_parse ] --START--
INFO: [ template_filter ] --START--
INFO: Run Behavior\ContentReplaceBehavior [ RunTime:0.000081s ]
INFO: [ template_filter ] --END-- [ RunTime:0.000133s ]
NOTIC: [8] Undefined variable: webInfo D:\xampp\htdocs\meituan\Index\Runtime\Cache\Member\a1c511993856c3556d85577d889896cc.php 第 11 行.
INFO: Run Behavior\ParseTemplateBehavior [ RunTime:0.033212s ]
INFO: [ view_parse ] --END-- [ RunTime:0.033275s ]
INFO: [ view_filter ] --START--
INFO: Run Behavior\WriteHtmlCacheBehavior [ RunTime:0.000203s ]
INFO: [ view_filter ] --END-- [ RunTime:0.000235s ]
INFO: [ app_end ] --START--
INFO: Run Behavior\ShowPageTraceBehavior [ RunTime:0.000465s ]
INFO: [ app_end ] --END-- [ RunTime:0.000525s ]

[ 2016-11-11T11:02:53+08:00 ] ::1 /meituan/index.php/Member/Buy/payment.html
INFO: [ app_init ] --START--
INFO: Run Behavior\BuildLiteBehavior [ RunTime:0.000015s ]
INFO: [ app_init ] --END-- [ RunTime:0.000365s ]
INFO: [ app_begin ] --START--
INFO: Run Behavior\ReadHtmlCacheBehavior [ RunTime:0.000369s ]
INFO: [ app_begin ] --END-- [ RunTime:0.000412s ]
SQL: SHOW COLUMNS FROM `group_order` [ RunTime:0.0100s ]
SQL: INSERT INTO `group_order` (`user_id`,`goods_id`,`goods_num`,`total_money`,`address_id`) VALUES ('4','16','1','20','0') [ RunTime:0.1637s ]
SQL: SHOW COLUMNS FROM `group_order` [ RunTime:0.0071s ]
SQL: SELECT `goods_num`,`total_money` FROM `group_order` WHERE `user_id` = 4  [ RunTime:0.0007s ]
INFO: [ view_parse ] --START--
INFO: [ template_filter ] --START--
INFO: Run Behavior\ContentReplaceBehavior [ RunTime:0.000086s ]
INFO: [ template_filter ] --END-- [ RunTime:0.000151s ]
NOTIC: [8] Undefined variable: webInfo D:\xampp\htdocs\meituan\Index\Runtime\Cache\Member\274996d977a063b43ff1969d695259bb.php 第 11 行.
NOTIC: [8] Undefined index: orderid D:\xampp\htdocs\meituan\Index\Runtime\Cache\Member\274996d977a063b43ff1969d695259bb.php 第 187 行.
NOTIC: [8] Undefined index: orderid D:\xampp\htdocs\meituan\Index\Runtime\Cache\Member\274996d977a063b43ff1969d695259bb.php 第 187 行.
NOTIC: [8] Undefined index: orderid D:\xampp\htdocs\meituan\Index\Runtime\Cache\Member\274996d977a063b43ff1969d695259bb.php 第 187 行.
NOTIC: [8] Undefined index: orderid D:\xampp\htdocs\meituan\Index\Runtime\Cache\Member\274996d977a063b43ff1969d695259bb.php 第 187 行.
NOTIC: [8] Undefined index: orderid D:\xampp\htdocs\meituan\Index\Runtime\Cache\Member\274996d977a063b43ff1969d695259bb.php 第 187 行.
NOTIC: [8] Undefined index: orderid D:\xampp\htdocs\meituan\Index\Runtime\Cache\Member\274996d977a063b43ff1969d695259bb.php 第 187 行.
NOTIC: [8] Undefined index: orderid D:\xampp\htdocs\meituan\Index\Runtime\Cache\Member\274996d977a063b43ff1969d695259bb.php 第 187 行.
NOTIC: [8] Undefined index: orderid D:\xampp\htdocs\meituan\Index\Runtime\Cache\Member\274996d977a063b43ff1969d695259bb.php 第 187 行.
NOTIC: [8] Undefined index: orderid D:\xampp\htdocs\meituan\Index\Runtime\Cache\Member\274996d977a063b43ff1969d695259bb.php 第 187 行.
NOTIC: [8] Undefined index: orderid D:\xampp\htdocs\meituan\Index\Runtime\Cache\Member\274996d977a063b43ff1969d695259bb.php 第 187 行.
INFO: Run Behavior\ParseTemplateBehavior [ RunTime:0.020561s ]
INFO: [ view_parse ] --END-- [ RunTime:0.020667s ]
INFO: [ view_filter ] --START--
INFO: Run Behavior\WriteHtmlCacheBehavior [ RunTime:0.000368s ]
INFO: [ view_filter ] --END-- [ RunTime:0.000423s ]
INFO: [ app_end ] --START--
INFO: Run Behavior\ShowPageTraceBehavior [ RunTime:0.000971s ]
INFO: [ app_end ] --END-- [ RunTime:0.001084s ]

[ 2016-11-11T11:02:55+08:00 ] ::1 /meituan/index.php/Member/Buy/checkBuy.html
INFO: [ app_init ] --START--
INFO: Run Behavior\BuildLiteBehavior [ RunTime:0.000010s ]
INFO: [ app_init ] --END-- [ RunTime:0.000294s ]
INFO: [ app_begin ] --START--
INFO: Run Behavior\ReadHtmlCacheBehavior [ RunTime:0.000652s ]
INFO: [ app_begin ] --END-- [ RunTime:0.000764s ]
NOTIC: [2] Creating default object from empty value D:\xampp\htdocs\meituan\Index\Member\Controller\BuyController.class.php 第 89 行.
NOTIC: [8] Undefined property: stdClass::$sign D:\xampp\htdocs\meituan\ThinkPHP\Library\Vendor\alipaySdk\aop\AopClient.php 第 790 行.
ERR:  check sign Fail! The reason : signData is Empty

[ 2016-11-11T11:05:07+08:00 ] ::1 /meituan/index.php/Member/Buy/checkBuy.html
INFO: [ app_init ] --START--
INFO: Run Behavior\BuildLiteBehavior [ RunTime:0.000012s ]
INFO: [ app_init ] --END-- [ RunTime:0.000351s ]
INFO: [ app_begin ] --START--
INFO: Run Behavior\ReadHtmlCacheBehavior [ RunTime:0.000784s ]
INFO: [ app_begin ] --END-- [ RunTime:0.000866s ]
NOTIC: [2] Creating default object from empty value D:\xampp\htdocs\meituan\Index\Member\Controller\BuyController.class.php 第 89 行.
NOTIC: [8] Undefined property: stdClass::$sign D:\xampp\htdocs\meituan\ThinkPHP\Library\Vendor\alipaySdk\aop\AopClient.php 第 790 行.
ERR:  check sign Fail! The reason : signData is Empty

