[ 2016-11-02T10:46:51+08:00 ] ::1 /meituan/
INFO: [ app_init ] --START--
INFO: Run Behavior\BuildLiteBehavior [ RunTime:0.000020s ]
INFO: [ app_init ] --END-- [ RunTime:0.030409s ]
INFO: [ app_begin ] --START--
INFO: Run Behavior\ReadHtmlCacheBehavior [ RunTime:0.034705s ]
INFO: [ app_begin ] --END-- [ RunTime:0.034858s ]
SQL: SHOW COLUMNS FROM `group_category` [ RunTime:0.1362s ]
NOTIC: [8] Undefined variable: url D:\xampp\htdocs\meituan\Index\Home\Controller\IndexController.class.php 第 49 行.
SQL: SELECT `cname`,`cid` FROM `group_category` WHERE `pid` = 0 AND `display` = 1  [ RunTime:0.0294s ]
SQL: SHOW COLUMNS FROM `group_locality` [ RunTime:0.0357s ]
SQL: SELECT `lname`,`lid` FROM `group_locality` WHERE `pid` = 0 AND `display` = 1  [ RunTime:0.0005s ]
SQL: SHOW COLUMNS FROM `group_goods` [ RunTime:0.0492s ]
SQL: SHOW COLUMNS FROM `group_goods_img` [ RunTime:0.0394s ]
SQL: SHOW COLUMNS FROM `group_goods_detail` [ RunTime:0.0147s ]
SQL: SHOW COLUMNS FROM `group_shop` [ RunTime:0.0443s ]
SQL: SELECT COUNT(*) AS tp_count FROM group_goods Goods LEFT JOIN group_goods_img Goods_img ON Goods.gid=Goods_img.goods_id LEFT JOIN group_goods_detail Goods_detail ON Goods.gid=Goods_detail.goods_id LEFT JOIN group_shop Shop ON Goods.shopid=Shop.shopid LEFT JOIN group_locality Locality ON Goods.lid=Locality.lid LEFT JOIN group_category Category ON Goods.cid=Category.cid LIMIT 1   [ RunTime:0.0902s ]
SQL: SELECT Goods.gid AS gid,Goods.main_title AS main_title,Goods.sub_title AS sub_title,Goods.price AS price,Goods.old_price AS old_price,Goods.buy AS buy,Goods_img.big_img AS big_img,Category.cid AS cid FROM group_goods Goods LEFT JOIN group_goods_img Goods_img ON Goods.gid=Goods_img.goods_id LEFT JOIN group_goods_detail Goods_detail ON Goods.gid=Goods_detail.goods_id LEFT JOIN group_shop Shop ON Goods.shopid=Shop.shopid LEFT JOIN group_locality Locality ON Goods.lid=Locality.lid LEFT JOIN group_category Category ON Goods.cid=Category.cid WHERE ( price>0 ) ORDER BY Goods.begin_time desc LIMIT 0,10   [ RunTime:0.0451s ]
INFO: [ view_parse ] --START--
INFO: [ template_filter ] --START--
INFO: Run Behavior\ContentReplaceBehavior [ RunTime:0.022810s ]
INFO: [ template_filter ] --END-- [ RunTime:0.022913s ]
NOTIC: [8] Undefined variable: webInfo D:\xampp\htdocs\meituan\Index\Runtime\Cache\Home\f8cf203eb98c60ed9cec339b90173a5c.php 第 11 行.
NOTIC: [8] Undefined variable: v D:\xampp\htdocs\meituan\Index\Runtime\Cache\Home\f8cf203eb98c60ed9cec339b90173a5c.php 第 175 行.
NOTIC: [8] Undefined variable: v D:\xampp\htdocs\meituan\Index\Runtime\Cache\Home\f8cf203eb98c60ed9cec339b90173a5c.php 第 175 行.
NOTIC: [8] Undefined variable: soncid D:\xampp\htdocs\meituan\Index\Runtime\Cache\Home\f8cf203eb98c60ed9cec339b90173a5c.php 第 191 行.
NOTIC: [8] Undefined variable: sonlid D:\xampp\htdocs\meituan\Index\Runtime\Cache\Home\f8cf203eb98c60ed9cec339b90173a5c.php 第 206 行.
INFO: Run Behavior\ParseTemplateBehavior [ RunTime:0.393104s ]
INFO: [ view_parse ] --END-- [ RunTime:0.393161s ]
INFO: [ view_filter ] --START--
INFO: Run Behavior\WriteHtmlCacheBehavior [ RunTime:0.041352s ]
INFO: [ view_filter ] --END-- [ RunTime:0.041418s ]
INFO: [ app_end ] --START--
INFO: Run Behavior\ShowPageTraceBehavior [ RunTime:0.026423s ]
INFO: [ app_end ] --END-- [ RunTime:0.026512s ]

[ 2016-11-02T10:46:52+08:00 ] ::1 /meituan/
INFO: [ app_init ] --START--
INFO: Run Behavior\BuildLiteBehavior [ RunTime:0.000017s ]
INFO: [ app_init ] --END-- [ RunTime:0.000474s ]
INFO: [ app_begin ] --START--
INFO: Run Behavior\ReadHtmlCacheBehavior [ RunTime:0.000860s ]
INFO: [ app_begin ] --END-- [ RunTime:0.000936s ]
SQL: SHOW COLUMNS FROM `group_category` [ RunTime:0.0343s ]
NOTIC: [8] Undefined variable: url D:\xampp\htdocs\meituan\Index\Home\Controller\IndexController.class.php 第 49 行.
SQL: SELECT `cname`,`cid` FROM `group_category` WHERE `pid` = 0 AND `display` = 1  [ RunTime:0.0007s ]
SQL: SHOW COLUMNS FROM `group_locality` [ RunTime:0.0079s ]
SQL: SELECT `lname`,`lid` FROM `group_locality` WHERE `pid` = 0 AND `display` = 1  [ RunTime:0.0003s ]
SQL: SHOW COLUMNS FROM `group_goods` [ RunTime:0.0080s ]
SQL: SHOW COLUMNS FROM `group_goods_img` [ RunTime:0.0097s ]
SQL: SHOW COLUMNS FROM `group_goods_detail` [ RunTime:0.0135s ]
SQL: SHOW COLUMNS FROM `group_shop` [ RunTime:0.0131s ]
SQL: SELECT COUNT(*) AS tp_count FROM group_goods Goods LEFT JOIN group_goods_img Goods_img ON Goods.gid=Goods_img.goods_id LEFT JOIN group_goods_detail Goods_detail ON Goods.gid=Goods_detail.goods_id LEFT JOIN group_shop Shop ON Goods.shopid=Shop.shopid LEFT JOIN group_locality Locality ON Goods.lid=Locality.lid LEFT JOIN group_category Category ON Goods.cid=Category.cid LIMIT 1   [ RunTime:0.0005s ]
SQL: SELECT Goods.gid AS gid,Goods.main_title AS main_title,Goods.sub_title AS sub_title,Goods.price AS price,Goods.old_price AS old_price,Goods.buy AS buy,Goods_img.big_img AS big_img,Category.cid AS cid FROM group_goods Goods LEFT JOIN group_goods_img Goods_img ON Goods.gid=Goods_img.goods_id LEFT JOIN group_goods_detail Goods_detail ON Goods.gid=Goods_detail.goods_id LEFT JOIN group_shop Shop ON Goods.shopid=Shop.shopid LEFT JOIN group_locality Locality ON Goods.lid=Locality.lid LEFT JOIN group_category Category ON Goods.cid=Category.cid WHERE ( price>0 ) ORDER BY Goods.begin_time desc LIMIT 0,10   [ RunTime:0.0005s ]
INFO: [ view_parse ] --START--
INFO: [ template_filter ] --START--
INFO: Run Behavior\ContentReplaceBehavior [ RunTime:0.000163s ]
INFO: [ template_filter ] --END-- [ RunTime:0.000244s ]
NOTIC: [8] Undefined variable: webInfo D:\xampp\htdocs\meituan\Index\Runtime\Cache\Home\f8cf203eb98c60ed9cec339b90173a5c.php 第 11 行.
NOTIC: [8] Undefined variable: v D:\xampp\htdocs\meituan\Index\Runtime\Cache\Home\f8cf203eb98c60ed9cec339b90173a5c.php 第 175 行.
NOTIC: [8] Undefined variable: v D:\xampp\htdocs\meituan\Index\Runtime\Cache\Home\f8cf203eb98c60ed9cec339b90173a5c.php 第 175 行.
NOTIC: [8] Undefined variable: soncid D:\xampp\htdocs\meituan\Index\Runtime\Cache\Home\f8cf203eb98c60ed9cec339b90173a5c.php 第 191 行.
NOTIC: [8] Undefined variable: sonlid D:\xampp\htdocs\meituan\Index\Runtime\Cache\Home\f8cf203eb98c60ed9cec339b90173a5c.php 第 206 行.
INFO: Run Behavior\ParseTemplateBehavior [ RunTime:0.069207s ]
INFO: [ view_parse ] --END-- [ RunTime:0.069281s ]
INFO: [ view_filter ] --START--
INFO: Run Behavior\WriteHtmlCacheBehavior [ RunTime:0.000535s ]
INFO: [ view_filter ] --END-- [ RunTime:0.000608s ]
INFO: [ app_end ] --START--
INFO: Run Behavior\ShowPageTraceBehavior [ RunTime:0.000860s ]
INFO: [ app_end ] --END-- [ RunTime:0.000947s ]

[ 2016-11-02T10:48:08+08:00 ] ::1 /meituan/
INFO: [ app_init ] --START--
INFO: Run Behavior\BuildLiteBehavior [ RunTime:0.000011s ]
INFO: [ app_init ] --END-- [ RunTime:0.000306s ]
INFO: [ app_begin ] --START--
INFO: Run Behavior\ReadHtmlCacheBehavior [ RunTime:0.000443s ]
INFO: [ app_begin ] --END-- [ RunTime:0.000484s ]
SQL: SHOW COLUMNS FROM `group_category` [ RunTime:0.0087s ]
NOTIC: [8] Undefined variable: url D:\xampp\htdocs\meituan\Index\Home\Controller\IndexController.class.php 第 49 行.
SQL: SELECT `cname`,`cid` FROM `group_category` WHERE `pid` = 0 AND `display` = 1  [ RunTime:0.0003s ]
SQL: SHOW COLUMNS FROM `group_locality` [ RunTime:0.0059s ]
SQL: SELECT `lname`,`lid` FROM `group_locality` WHERE `pid` = 0 AND `display` = 1  [ RunTime:0.0003s ]
SQL: SHOW COLUMNS FROM `group_goods` [ RunTime:0.0058s ]
SQL: SHOW COLUMNS FROM `group_goods_img` [ RunTime:0.0041s ]
SQL: SHOW COLUMNS FROM `group_goods_detail` [ RunTime:0.0059s ]
SQL: SHOW COLUMNS FROM `group_shop` [ RunTime:0.0059s ]
SQL: SELECT COUNT(*) AS tp_count FROM group_goods Goods LEFT JOIN group_goods_img Goods_img ON Goods.gid=Goods_img.goods_id LEFT JOIN group_goods_detail Goods_detail ON Goods.gid=Goods_detail.goods_id LEFT JOIN group_shop Shop ON Goods.shopid=Shop.shopid LEFT JOIN group_locality Locality ON Goods.lid=Locality.lid LEFT JOIN group_category Category ON Goods.cid=Category.cid LIMIT 1   [ RunTime:0.0005s ]
SQL: SELECT Goods.gid AS gid,Goods.main_title AS main_title,Goods.sub_title AS sub_title,Goods.price AS price,Goods.old_price AS old_price,Goods.buy AS buy,Goods_img.big_img AS big_img,Category.cid AS cid FROM group_goods Goods LEFT JOIN group_goods_img Goods_img ON Goods.gid=Goods_img.goods_id LEFT JOIN group_goods_detail Goods_detail ON Goods.gid=Goods_detail.goods_id LEFT JOIN group_shop Shop ON Goods.shopid=Shop.shopid LEFT JOIN group_locality Locality ON Goods.lid=Locality.lid LEFT JOIN group_category Category ON Goods.cid=Category.cid WHERE ( price>0 ) ORDER BY Goods.begin_time desc LIMIT 0,10   [ RunTime:0.0006s ]
INFO: [ view_parse ] --START--
INFO: [ template_filter ] --START--
INFO: Run Behavior\ContentReplaceBehavior [ RunTime:0.000081s ]
INFO: [ template_filter ] --END-- [ RunTime:0.000127s ]
NOTIC: [8] Undefined variable: webInfo D:\xampp\htdocs\meituan\Index\Runtime\Cache\Home\f8cf203eb98c60ed9cec339b90173a5c.php 第 11 行.
NOTIC: [8] Undefined variable: v D:\xampp\htdocs\meituan\Index\Runtime\Cache\Home\f8cf203eb98c60ed9cec339b90173a5c.php 第 175 行.
NOTIC: [8] Undefined variable: v D:\xampp\htdocs\meituan\Index\Runtime\Cache\Home\f8cf203eb98c60ed9cec339b90173a5c.php 第 175 行.
NOTIC: [8] Undefined variable: soncid D:\xampp\htdocs\meituan\Index\Runtime\Cache\Home\f8cf203eb98c60ed9cec339b90173a5c.php 第 191 行.
NOTIC: [8] Undefined variable: sonlid D:\xampp\htdocs\meituan\Index\Runtime\Cache\Home\f8cf203eb98c60ed9cec339b90173a5c.php 第 206 行.
INFO: Run Behavior\ParseTemplateBehavior [ RunTime:0.054141s ]
INFO: [ view_parse ] --END-- [ RunTime:0.054243s ]
INFO: [ view_filter ] --START--
INFO: Run Behavior\WriteHtmlCacheBehavior [ RunTime:0.000911s ]
INFO: [ view_filter ] --END-- [ RunTime:0.000986s ]
INFO: [ app_end ] --START--
INFO: Run Behavior\ShowPageTraceBehavior [ RunTime:0.001072s ]
INFO: [ app_end ] --END-- [ RunTime:0.001173s ]

[ 2016-11-02T10:48:08+08:00 ] ::1 /meituan/
INFO: [ app_init ] --START--
INFO: Run Behavior\BuildLiteBehavior [ RunTime:0.000021s ]
INFO: [ app_init ] --END-- [ RunTime:0.000461s ]
INFO: [ app_begin ] --START--
INFO: Run Behavior\ReadHtmlCacheBehavior [ RunTime:0.000600s ]
INFO: [ app_begin ] --END-- [ RunTime:0.000681s ]
SQL: SHOW COLUMNS FROM `group_category` [ RunTime:0.0139s ]
NOTIC: [8] Undefined variable: url D:\xampp\htdocs\meituan\Index\Home\Controller\IndexController.class.php 第 49 行.
SQL: SELECT `cname`,`cid` FROM `group_category` WHERE `pid` = 0 AND `display` = 1  [ RunTime:0.0005s ]
SQL: SHOW COLUMNS FROM `group_locality` [ RunTime:0.0070s ]
SQL: SELECT `lname`,`lid` FROM `group_locality` WHERE `pid` = 0 AND `display` = 1  [ RunTime:0.0003s ]
SQL: SHOW COLUMNS FROM `group_goods` [ RunTime:0.0046s ]
SQL: SHOW COLUMNS FROM `group_goods_img` [ RunTime:0.0037s ]
SQL: SHOW COLUMNS FROM `group_goods_detail` [ RunTime:0.0041s ]
SQL: SHOW COLUMNS FROM `group_shop` [ RunTime:0.0044s ]
SQL: SELECT COUNT(*) AS tp_count FROM group_goods Goods LEFT JOIN group_goods_img Goods_img ON Goods.gid=Goods_img.goods_id LEFT JOIN group_goods_detail Goods_detail ON Goods.gid=Goods_detail.goods_id LEFT JOIN group_shop Shop ON Goods.shopid=Shop.shopid LEFT JOIN group_locality Locality ON Goods.lid=Locality.lid LEFT JOIN group_category Category ON Goods.cid=Category.cid LIMIT 1   [ RunTime:0.0007s ]
SQL: SELECT Goods.gid AS gid,Goods.main_title AS main_title,Goods.sub_title AS sub_title,Goods.price AS price,Goods.old_price AS old_price,Goods.buy AS buy,Goods_img.big_img AS big_img,Category.cid AS cid FROM group_goods Goods LEFT JOIN group_goods_img Goods_img ON Goods.gid=Goods_img.goods_id LEFT JOIN group_goods_detail Goods_detail ON Goods.gid=Goods_detail.goods_id LEFT JOIN group_shop Shop ON Goods.shopid=Shop.shopid LEFT JOIN group_locality Locality ON Goods.lid=Locality.lid LEFT JOIN group_category Category ON Goods.cid=Category.cid WHERE ( price>0 ) ORDER BY Goods.begin_time desc LIMIT 0,10   [ RunTime:0.0010s ]
INFO: [ view_parse ] --START--
INFO: [ template_filter ] --START--
INFO: Run Behavior\ContentReplaceBehavior [ RunTime:0.000089s ]
INFO: [ template_filter ] --END-- [ RunTime:0.000155s ]
NOTIC: [8] Undefined variable: webInfo D:\xampp\htdocs\meituan\Index\Runtime\Cache\Home\f8cf203eb98c60ed9cec339b90173a5c.php 第 11 行.
NOTIC: [8] Undefined variable: v D:\xampp\htdocs\meituan\Index\Runtime\Cache\Home\f8cf203eb98c60ed9cec339b90173a5c.php 第 175 行.
NOTIC: [8] Undefined variable: v D:\xampp\htdocs\meituan\Index\Runtime\Cache\Home\f8cf203eb98c60ed9cec339b90173a5c.php 第 175 行.
NOTIC: [8] Undefined variable: soncid D:\xampp\htdocs\meituan\Index\Runtime\Cache\Home\f8cf203eb98c60ed9cec339b90173a5c.php 第 191 行.
NOTIC: [8] Undefined variable: sonlid D:\xampp\htdocs\meituan\Index\Runtime\Cache\Home\f8cf203eb98c60ed9cec339b90173a5c.php 第 206 行.
INFO: Run Behavior\ParseTemplateBehavior [ RunTime:0.052744s ]
INFO: [ view_parse ] --END-- [ RunTime:0.052805s ]
INFO: [ view_filter ] --START--
INFO: Run Behavior\WriteHtmlCacheBehavior [ RunTime:0.000207s ]
INFO: [ view_filter ] --END-- [ RunTime:0.000241s ]
INFO: [ app_end ] --START--
INFO: Run Behavior\ShowPageTraceBehavior [ RunTime:0.000396s ]
INFO: [ app_end ] --END-- [ RunTime:0.000438s ]

[ 2016-11-02T10:48:11+08:00 ] ::1 /meituan/
INFO: [ app_init ] --START--
INFO: Run Behavior\BuildLiteBehavior [ RunTime:0.000014s ]
INFO: [ app_init ] --END-- [ RunTime:0.000353s ]
INFO: [ app_begin ] --START--
INFO: Run Behavior\ReadHtmlCacheBehavior [ RunTime:0.000422s ]
INFO: [ app_begin ] --END-- [ RunTime:0.000470s ]
SQL: SHOW COLUMNS FROM `group_category` [ RunTime:0.0097s ]
NOTIC: [8] Undefined variable: url D:\xampp\htdocs\meituan\Index\Home\Controller\IndexController.class.php 第 49 行.
SQL: SELECT `cname`,`cid` FROM `group_category` WHERE `pid` = 0 AND `display` = 1  [ RunTime:0.0003s ]
SQL: SHOW COLUMNS FROM `group_locality` [ RunTime:0.0084s ]
SQL: SELECT `lname`,`lid` FROM `group_locality` WHERE `pid` = 0 AND `display` = 1  [ RunTime:0.0003s ]
SQL: SHOW COLUMNS FROM `group_goods` [ RunTime:0.0054s ]
SQL: SHOW COLUMNS FROM `group_goods_img` [ RunTime:0.0030s ]
SQL: SHOW COLUMNS FROM `group_goods_detail` [ RunTime:0.0059s ]
SQL: SHOW COLUMNS FROM `group_shop` [ RunTime:0.0053s ]
SQL: SELECT COUNT(*) AS tp_count FROM group_goods Goods LEFT JOIN group_goods_img Goods_img ON Goods.gid=Goods_img.goods_id LEFT JOIN group_goods_detail Goods_detail ON Goods.gid=Goods_detail.goods_id LEFT JOIN group_shop Shop ON Goods.shopid=Shop.shopid LEFT JOIN group_locality Locality ON Goods.lid=Locality.lid LEFT JOIN group_category Category ON Goods.cid=Category.cid LIMIT 1   [ RunTime:0.0004s ]
SQL: SELECT Goods.gid AS gid,Goods.main_title AS main_title,Goods.sub_title AS sub_title,Goods.price AS price,Goods.old_price AS old_price,Goods.buy AS buy,Goods_img.big_img AS big_img,Category.cid AS cid FROM group_goods Goods LEFT JOIN group_goods_img Goods_img ON Goods.gid=Goods_img.goods_id LEFT JOIN group_goods_detail Goods_detail ON Goods.gid=Goods_detail.goods_id LEFT JOIN group_shop Shop ON Goods.shopid=Shop.shopid LEFT JOIN group_locality Locality ON Goods.lid=Locality.lid LEFT JOIN group_category Category ON Goods.cid=Category.cid WHERE ( price>0 ) ORDER BY Goods.begin_time desc LIMIT 0,10   [ RunTime:0.0005s ]
INFO: [ view_parse ] --START--
INFO: [ template_filter ] --START--
INFO: Run Behavior\ContentReplaceBehavior [ RunTime:0.000083s ]
INFO: [ template_filter ] --END-- [ RunTime:0.000132s ]
NOTIC: [8] Undefined variable: webInfo D:\xampp\htdocs\meituan\Index\Runtime\Cache\Home\f8cf203eb98c60ed9cec339b90173a5c.php 第 11 行.
NOTIC: [8] Undefined variable: v D:\xampp\htdocs\meituan\Index\Runtime\Cache\Home\f8cf203eb98c60ed9cec339b90173a5c.php 第 175 行.
NOTIC: [8] Undefined variable: v D:\xampp\htdocs\meituan\Index\Runtime\Cache\Home\f8cf203eb98c60ed9cec339b90173a5c.php 第 175 行.
NOTIC: [8] Undefined variable: soncid D:\xampp\htdocs\meituan\Index\Runtime\Cache\Home\f8cf203eb98c60ed9cec339b90173a5c.php 第 191 行.
NOTIC: [8] Undefined variable: sonlid D:\xampp\htdocs\meituan\Index\Runtime\Cache\Home\f8cf203eb98c60ed9cec339b90173a5c.php 第 206 行.
INFO: Run Behavior\ParseTemplateBehavior [ RunTime:0.046012s ]
INFO: [ view_parse ] --END-- [ RunTime:0.046071s ]
INFO: [ view_filter ] --START--
INFO: Run Behavior\WriteHtmlCacheBehavior [ RunTime:0.000196s ]
INFO: [ view_filter ] --END-- [ RunTime:0.000227s ]
INFO: [ app_end ] --START--
INFO: Run Behavior\ShowPageTraceBehavior [ RunTime:0.000673s ]
INFO: [ app_end ] --END-- [ RunTime:0.000756s ]

[ 2016-11-02T10:48:11+08:00 ] ::1 /meituan/
INFO: [ app_init ] --START--
INFO: Run Behavior\BuildLiteBehavior [ RunTime:0.000018s ]
INFO: [ app_init ] --END-- [ RunTime:0.000442s ]
INFO: [ app_begin ] --START--
INFO: Run Behavior\ReadHtmlCacheBehavior [ RunTime:0.000690s ]
INFO: [ app_begin ] --END-- [ RunTime:0.000813s ]
SQL: SHOW COLUMNS FROM `group_category` [ RunTime:0.0064s ]
NOTIC: [8] Undefined variable: url D:\xampp\htdocs\meituan\Index\Home\Controller\IndexController.class.php 第 49 行.
SQL: SELECT `cname`,`cid` FROM `group_category` WHERE `pid` = 0 AND `display` = 1  [ RunTime:0.0003s ]
SQL: SHOW COLUMNS FROM `group_locality` [ RunTime:0.0031s ]
SQL: SELECT `lname`,`lid` FROM `group_locality` WHERE `pid` = 0 AND `display` = 1  [ RunTime:0.0003s ]
SQL: SHOW COLUMNS FROM `group_goods` [ RunTime:0.0033s ]
SQL: SHOW COLUMNS FROM `group_goods_img` [ RunTime:0.0030s ]
SQL: SHOW COLUMNS FROM `group_goods_detail` [ RunTime:0.0040s ]
SQL: SHOW COLUMNS FROM `group_shop` [ RunTime:0.0034s ]
SQL: SELECT COUNT(*) AS tp_count FROM group_goods Goods LEFT JOIN group_goods_img Goods_img ON Goods.gid=Goods_img.goods_id LEFT JOIN group_goods_detail Goods_detail ON Goods.gid=Goods_detail.goods_id LEFT JOIN group_shop Shop ON Goods.shopid=Shop.shopid LEFT JOIN group_locality Locality ON Goods.lid=Locality.lid LEFT JOIN group_category Category ON Goods.cid=Category.cid LIMIT 1   [ RunTime:0.0004s ]
SQL: SELECT Goods.gid AS gid,Goods.main_title AS main_title,Goods.sub_title AS sub_title,Goods.price AS price,Goods.old_price AS old_price,Goods.buy AS buy,Goods_img.big_img AS big_img,Category.cid AS cid FROM group_goods Goods LEFT JOIN group_goods_img Goods_img ON Goods.gid=Goods_img.goods_id LEFT JOIN group_goods_detail Goods_detail ON Goods.gid=Goods_detail.goods_id LEFT JOIN group_shop Shop ON Goods.shopid=Shop.shopid LEFT JOIN group_locality Locality ON Goods.lid=Locality.lid LEFT JOIN group_category Category ON Goods.cid=Category.cid WHERE ( price>0 ) ORDER BY Goods.begin_time desc LIMIT 0,10   [ RunTime:0.0006s ]
INFO: [ view_parse ] --START--
INFO: [ template_filter ] --START--
INFO: Run Behavior\ContentReplaceBehavior [ RunTime:0.000115s ]
INFO: [ template_filter ] --END-- [ RunTime:0.000180s ]
NOTIC: [8] Undefined variable: webInfo D:\xampp\htdocs\meituan\Index\Runtime\Cache\Home\f8cf203eb98c60ed9cec339b90173a5c.php 第 11 行.
NOTIC: [8] Undefined variable: v D:\xampp\htdocs\meituan\Index\Runtime\Cache\Home\f8cf203eb98c60ed9cec339b90173a5c.php 第 175 行.
NOTIC: [8] Undefined variable: v D:\xampp\htdocs\meituan\Index\Runtime\Cache\Home\f8cf203eb98c60ed9cec339b90173a5c.php 第 175 行.
NOTIC: [8] Undefined variable: soncid D:\xampp\htdocs\meituan\Index\Runtime\Cache\Home\f8cf203eb98c60ed9cec339b90173a5c.php 第 191 行.
NOTIC: [8] Undefined variable: sonlid D:\xampp\htdocs\meituan\Index\Runtime\Cache\Home\f8cf203eb98c60ed9cec339b90173a5c.php 第 206 行.
INFO: Run Behavior\ParseTemplateBehavior [ RunTime:0.055193s ]
INFO: [ view_parse ] --END-- [ RunTime:0.055246s ]
INFO: [ view_filter ] --START--
INFO: Run Behavior\WriteHtmlCacheBehavior [ RunTime:0.000255s ]
INFO: [ view_filter ] --END-- [ RunTime:0.000295s ]
INFO: [ app_end ] --START--
INFO: Run Behavior\ShowPageTraceBehavior [ RunTime:0.000446s ]
INFO: [ app_end ] --END-- [ RunTime:0.000495s ]

[ 2016-11-02T10:48:14+08:00 ] ::1 /meituan/
INFO: [ app_init ] --START--
INFO: Run Behavior\BuildLiteBehavior [ RunTime:0.000013s ]
INFO: [ app_init ] --END-- [ RunTime:0.000378s ]
INFO: [ app_begin ] --START--
INFO: Run Behavior\ReadHtmlCacheBehavior [ RunTime:0.000540s ]
INFO: [ app_begin ] --END-- [ RunTime:0.000593s ]
SQL: SHOW COLUMNS FROM `group_category` [ RunTime:0.0099s ]
NOTIC: [8] Undefined variable: url D:\xampp\htdocs\meituan\Index\Home\Controller\IndexController.class.php 第 49 行.
SQL: SELECT `cname`,`cid` FROM `group_category` WHERE `pid` = 0 AND `display` = 1  [ RunTime:0.0003s ]
SQL: SHOW COLUMNS FROM `group_locality` [ RunTime:0.0064s ]
SQL: SELECT `lname`,`lid` FROM `group_locality` WHERE `pid` = 0 AND `display` = 1  [ RunTime:0.0003s ]
SQL: SHOW COLUMNS FROM `group_goods` [ RunTime:0.0058s ]
SQL: SHOW COLUMNS FROM `group_goods_img` [ RunTime:0.0036s ]
SQL: SHOW COLUMNS FROM `group_goods_detail` [ RunTime:0.0057s ]
SQL: SHOW COLUMNS FROM `group_shop` [ RunTime:0.0055s ]
SQL: SELECT COUNT(*) AS tp_count FROM group_goods Goods LEFT JOIN group_goods_img Goods_img ON Goods.gid=Goods_img.goods_id LEFT JOIN group_goods_detail Goods_detail ON Goods.gid=Goods_detail.goods_id LEFT JOIN group_shop Shop ON Goods.shopid=Shop.shopid LEFT JOIN group_locality Locality ON Goods.lid=Locality.lid LEFT JOIN group_category Category ON Goods.cid=Category.cid LIMIT 1   [ RunTime:0.0005s ]
SQL: SELECT Goods.gid AS gid,Goods.main_title AS main_title,Goods.sub_title AS sub_title,Goods.price AS price,Goods.old_price AS old_price,Goods.buy AS buy,Goods_img.big_img AS big_img,Category.cid AS cid FROM group_goods Goods LEFT JOIN group_goods_img Goods_img ON Goods.gid=Goods_img.goods_id LEFT JOIN group_goods_detail Goods_detail ON Goods.gid=Goods_detail.goods_id LEFT JOIN group_shop Shop ON Goods.shopid=Shop.shopid LEFT JOIN group_locality Locality ON Goods.lid=Locality.lid LEFT JOIN group_category Category ON Goods.cid=Category.cid WHERE ( price>0 ) ORDER BY Goods.begin_time desc LIMIT 0,10   [ RunTime:0.0006s ]
INFO: [ view_parse ] --START--
INFO: [ template_filter ] --START--
INFO: Run Behavior\ContentReplaceBehavior [ RunTime:0.000076s ]
INFO: [ template_filter ] --END-- [ RunTime:0.000122s ]
NOTIC: [8] Undefined variable: webInfo D:\xampp\htdocs\meituan\Index\Runtime\Cache\Home\f8cf203eb98c60ed9cec339b90173a5c.php 第 11 行.
NOTIC: [8] Undefined variable: v D:\xampp\htdocs\meituan\Index\Runtime\Cache\Home\f8cf203eb98c60ed9cec339b90173a5c.php 第 175 行.
NOTIC: [8] Undefined variable: v D:\xampp\htdocs\meituan\Index\Runtime\Cache\Home\f8cf203eb98c60ed9cec339b90173a5c.php 第 175 行.
NOTIC: [8] Undefined variable: soncid D:\xampp\htdocs\meituan\Index\Runtime\Cache\Home\f8cf203eb98c60ed9cec339b90173a5c.php 第 191 行.
NOTIC: [8] Undefined variable: sonlid D:\xampp\htdocs\meituan\Index\Runtime\Cache\Home\f8cf203eb98c60ed9cec339b90173a5c.php 第 206 行.
INFO: Run Behavior\ParseTemplateBehavior [ RunTime:0.048065s ]
INFO: [ view_parse ] --END-- [ RunTime:0.048117s ]
INFO: [ view_filter ] --START--
INFO: Run Behavior\WriteHtmlCacheBehavior [ RunTime:0.000368s ]
INFO: [ view_filter ] --END-- [ RunTime:0.000404s ]
INFO: [ app_end ] --START--
INFO: Run Behavior\ShowPageTraceBehavior [ RunTime:0.000674s ]
INFO: [ app_end ] --END-- [ RunTime:0.000730s ]

[ 2016-11-02T10:48:15+08:00 ] ::1 /meituan/
INFO: [ app_init ] --START--
INFO: Run Behavior\BuildLiteBehavior [ RunTime:0.000021s ]
INFO: [ app_init ] --END-- [ RunTime:0.000478s ]
INFO: [ app_begin ] --START--
INFO: Run Behavior\ReadHtmlCacheBehavior [ RunTime:0.000573s ]
INFO: [ app_begin ] --END-- [ RunTime:0.000647s ]
SQL: SHOW COLUMNS FROM `group_category` [ RunTime:0.0059s ]
NOTIC: [8] Undefined variable: url D:\xampp\htdocs\meituan\Index\Home\Controller\IndexController.class.php 第 49 行.
SQL: SELECT `cname`,`cid` FROM `group_category` WHERE `pid` = 0 AND `display` = 1  [ RunTime:0.0005s ]
SQL: SHOW COLUMNS FROM `group_locality` [ RunTime:0.0049s ]
SQL: SELECT `lname`,`lid` FROM `group_locality` WHERE `pid` = 0 AND `display` = 1  [ RunTime:0.0004s ]
SQL: SHOW COLUMNS FROM `group_goods` [ RunTime:0.0043s ]
SQL: SHOW COLUMNS FROM `group_goods_img` [ RunTime:0.0043s ]
SQL: SHOW COLUMNS FROM `group_goods_detail` [ RunTime:0.0044s ]
SQL: SHOW COLUMNS FROM `group_shop` [ RunTime:0.0044s ]
SQL: SELECT COUNT(*) AS tp_count FROM group_goods Goods LEFT JOIN group_goods_img Goods_img ON Goods.gid=Goods_img.goods_id LEFT JOIN group_goods_detail Goods_detail ON Goods.gid=Goods_detail.goods_id LEFT JOIN group_shop Shop ON Goods.shopid=Shop.shopid LEFT JOIN group_locality Locality ON Goods.lid=Locality.lid LEFT JOIN group_category Category ON Goods.cid=Category.cid LIMIT 1   [ RunTime:0.0005s ]
SQL: SELECT Goods.gid AS gid,Goods.main_title AS main_title,Goods.sub_title AS sub_title,Goods.price AS price,Goods.old_price AS old_price,Goods.buy AS buy,Goods_img.big_img AS big_img,Category.cid AS cid FROM group_goods Goods LEFT JOIN group_goods_img Goods_img ON Goods.gid=Goods_img.goods_id LEFT JOIN group_goods_detail Goods_detail ON Goods.gid=Goods_detail.goods_id LEFT JOIN group_shop Shop ON Goods.shopid=Shop.shopid LEFT JOIN group_locality Locality ON Goods.lid=Locality.lid LEFT JOIN group_category Category ON Goods.cid=Category.cid WHERE ( price>0 ) ORDER BY Goods.begin_time desc LIMIT 0,10   [ RunTime:0.0008s ]
INFO: [ view_parse ] --START--
INFO: [ template_filter ] --START--
INFO: Run Behavior\ContentReplaceBehavior [ RunTime:0.000089s ]
INFO: [ template_filter ] --END-- [ RunTime:0.000145s ]
NOTIC: [8] Undefined variable: webInfo D:\xampp\htdocs\meituan\Index\Runtime\Cache\Home\f8cf203eb98c60ed9cec339b90173a5c.php 第 11 行.
NOTIC: [8] Undefined variable: v D:\xampp\htdocs\meituan\Index\Runtime\Cache\Home\f8cf203eb98c60ed9cec339b90173a5c.php 第 175 行.
NOTIC: [8] Undefined variable: v D:\xampp\htdocs\meituan\Index\Runtime\Cache\Home\f8cf203eb98c60ed9cec339b90173a5c.php 第 175 行.
NOTIC: [8] Undefined variable: soncid D:\xampp\htdocs\meituan\Index\Runtime\Cache\Home\f8cf203eb98c60ed9cec339b90173a5c.php 第 191 行.
NOTIC: [8] Undefined variable: sonlid D:\xampp\htdocs\meituan\Index\Runtime\Cache\Home\f8cf203eb98c60ed9cec339b90173a5c.php 第 206 行.
INFO: Run Behavior\ParseTemplateBehavior [ RunTime:0.079041s ]
INFO: [ view_parse ] --END-- [ RunTime:0.079114s ]
INFO: [ view_filter ] --START--
INFO: Run Behavior\WriteHtmlCacheBehavior [ RunTime:0.000305s ]
INFO: [ view_filter ] --END-- [ RunTime:0.000359s ]
INFO: [ app_end ] --START--
INFO: Run Behavior\ShowPageTraceBehavior [ RunTime:0.000563s ]
INFO: [ app_end ] --END-- [ RunTime:0.000625s ]

[ 2016-11-02T10:48:17+08:00 ] ::1 /meituan/index.php/Home/Index/index/p/2.html
INFO: [ app_init ] --START--
INFO: Run Behavior\BuildLiteBehavior [ RunTime:0.000013s ]
INFO: [ app_init ] --END-- [ RunTime:0.000336s ]
INFO: [ app_begin ] --START--
INFO: Run Behavior\ReadHtmlCacheBehavior [ RunTime:0.000428s ]
INFO: [ app_begin ] --END-- [ RunTime:0.000478s ]
SQL: SHOW COLUMNS FROM `group_category` [ RunTime:0.0137s ]
NOTIC: [8] Undefined variable: url D:\xampp\htdocs\meituan\Index\Home\Controller\IndexController.class.php 第 49 行.
SQL: SELECT `cname`,`cid` FROM `group_category` WHERE `pid` = 0 AND `display` = 1  [ RunTime:0.0003s ]
SQL: SHOW COLUMNS FROM `group_locality` [ RunTime:0.0112s ]
SQL: SELECT `lname`,`lid` FROM `group_locality` WHERE `pid` = 0 AND `display` = 1  [ RunTime:0.0003s ]
SQL: SHOW COLUMNS FROM `group_goods` [ RunTime:0.0067s ]
SQL: SHOW COLUMNS FROM `group_goods_img` [ RunTime:0.0035s ]
SQL: SHOW COLUMNS FROM `group_goods_detail` [ RunTime:0.0057s ]
SQL: SHOW COLUMNS FROM `group_shop` [ RunTime:0.0065s ]
SQL: SELECT COUNT(*) AS tp_count FROM group_goods Goods LEFT JOIN group_goods_img Goods_img ON Goods.gid=Goods_img.goods_id LEFT JOIN group_goods_detail Goods_detail ON Goods.gid=Goods_detail.goods_id LEFT JOIN group_shop Shop ON Goods.shopid=Shop.shopid LEFT JOIN group_locality Locality ON Goods.lid=Locality.lid LEFT JOIN group_category Category ON Goods.cid=Category.cid LIMIT 1   [ RunTime:0.0004s ]
SQL: SELECT Goods.gid AS gid,Goods.main_title AS main_title,Goods.sub_title AS sub_title,Goods.price AS price,Goods.old_price AS old_price,Goods.buy AS buy,Goods_img.big_img AS big_img,Category.cid AS cid FROM group_goods Goods LEFT JOIN group_goods_img Goods_img ON Goods.gid=Goods_img.goods_id LEFT JOIN group_goods_detail Goods_detail ON Goods.gid=Goods_detail.goods_id LEFT JOIN group_shop Shop ON Goods.shopid=Shop.shopid LEFT JOIN group_locality Locality ON Goods.lid=Locality.lid LEFT JOIN group_category Category ON Goods.cid=Category.cid WHERE ( price>0 ) ORDER BY Goods.begin_time desc LIMIT 10,10   [ RunTime:0.0007s ]
INFO: [ view_parse ] --START--
INFO: [ template_filter ] --START--
INFO: Run Behavior\ContentReplaceBehavior [ RunTime:0.000090s ]
INFO: [ template_filter ] --END-- [ RunTime:0.000145s ]
NOTIC: [8] Undefined variable: webInfo D:\xampp\htdocs\meituan\Index\Runtime\Cache\Home\f8cf203eb98c60ed9cec339b90173a5c.php 第 11 行.
NOTIC: [8] Undefined variable: v D:\xampp\htdocs\meituan\Index\Runtime\Cache\Home\f8cf203eb98c60ed9cec339b90173a5c.php 第 175 行.
NOTIC: [8] Undefined variable: v D:\xampp\htdocs\meituan\Index\Runtime\Cache\Home\f8cf203eb98c60ed9cec339b90173a5c.php 第 175 行.
NOTIC: [8] Undefined variable: soncid D:\xampp\htdocs\meituan\Index\Runtime\Cache\Home\f8cf203eb98c60ed9cec339b90173a5c.php 第 191 行.
NOTIC: [8] Undefined variable: sonlid D:\xampp\htdocs\meituan\Index\Runtime\Cache\Home\f8cf203eb98c60ed9cec339b90173a5c.php 第 206 行.
INFO: Run Behavior\ParseTemplateBehavior [ RunTime:0.049176s ]
INFO: [ view_parse ] --END-- [ RunTime:0.049221s ]
INFO: [ view_filter ] --START--
INFO: Run Behavior\WriteHtmlCacheBehavior [ RunTime:0.000202s ]
INFO: [ view_filter ] --END-- [ RunTime:0.000235s ]
INFO: [ app_end ] --START--
INFO: Run Behavior\ShowPageTraceBehavior [ RunTime:0.000405s ]
INFO: [ app_end ] --END-- [ RunTime:0.000449s ]

[ 2016-11-02T10:48:18+08:00 ] ::1 /meituan/
INFO: [ app_init ] --START--
INFO: Run Behavior\BuildLiteBehavior [ RunTime:0.000021s ]
INFO: [ app_init ] --END-- [ RunTime:0.000545s ]
INFO: [ app_begin ] --START--
INFO: Run Behavior\ReadHtmlCacheBehavior [ RunTime:0.000863s ]
INFO: [ app_begin ] --END-- [ RunTime:0.000954s ]
SQL: SHOW COLUMNS FROM `group_category` [ RunTime:0.0119s ]
NOTIC: [8] Undefined variable: url D:\xampp\htdocs\meituan\Index\Home\Controller\IndexController.class.php 第 49 行.
SQL: SELECT `cname`,`cid` FROM `group_category` WHERE `pid` = 0 AND `display` = 1  [ RunTime:0.0004s ]
SQL: SHOW COLUMNS FROM `group_locality` [ RunTime:0.0076s ]
SQL: SELECT `lname`,`lid` FROM `group_locality` WHERE `pid` = 0 AND `display` = 1  [ RunTime:0.0003s ]
SQL: SHOW COLUMNS FROM `group_goods` [ RunTime:0.0080s ]
SQL: SHOW COLUMNS FROM `group_goods_img` [ RunTime:0.0042s ]
SQL: SHOW COLUMNS FROM `group_goods_detail` [ RunTime:0.0093s ]
SQL: SHOW COLUMNS FROM `group_shop` [ RunTime:0.0112s ]
SQL: SELECT COUNT(*) AS tp_count FROM group_goods Goods LEFT JOIN group_goods_img Goods_img ON Goods.gid=Goods_img.goods_id LEFT JOIN group_goods_detail Goods_detail ON Goods.gid=Goods_detail.goods_id LEFT JOIN group_shop Shop ON Goods.shopid=Shop.shopid LEFT JOIN group_locality Locality ON Goods.lid=Locality.lid LEFT JOIN group_category Category ON Goods.cid=Category.cid LIMIT 1   [ RunTime:0.0006s ]
SQL: SELECT Goods.gid AS gid,Goods.main_title AS main_title,Goods.sub_title AS sub_title,Goods.price AS price,Goods.old_price AS old_price,Goods.buy AS buy,Goods_img.big_img AS big_img,Category.cid AS cid FROM group_goods Goods LEFT JOIN group_goods_img Goods_img ON Goods.gid=Goods_img.goods_id LEFT JOIN group_goods_detail Goods_detail ON Goods.gid=Goods_detail.goods_id LEFT JOIN group_shop Shop ON Goods.shopid=Shop.shopid LEFT JOIN group_locality Locality ON Goods.lid=Locality.lid LEFT JOIN group_category Category ON Goods.cid=Category.cid WHERE ( price>0 ) ORDER BY Goods.begin_time desc LIMIT 0,10   [ RunTime:0.0006s ]
INFO: [ view_parse ] --START--
INFO: [ template_filter ] --START--
INFO: Run Behavior\ContentReplaceBehavior [ RunTime:0.000121s ]
INFO: [ template_filter ] --END-- [ RunTime:0.000198s ]
NOTIC: [8] Undefined variable: webInfo D:\xampp\htdocs\meituan\Index\Runtime\Cache\Home\f8cf203eb98c60ed9cec339b90173a5c.php 第 11 行.
NOTIC: [8] Undefined variable: v D:\xampp\htdocs\meituan\Index\Runtime\Cache\Home\f8cf203eb98c60ed9cec339b90173a5c.php 第 175 行.
NOTIC: [8] Undefined variable: v D:\xampp\htdocs\meituan\Index\Runtime\Cache\Home\f8cf203eb98c60ed9cec339b90173a5c.php 第 175 行.
NOTIC: [8] Undefined variable: soncid D:\xampp\htdocs\meituan\Index\Runtime\Cache\Home\f8cf203eb98c60ed9cec339b90173a5c.php 第 191 行.
NOTIC: [8] Undefined variable: sonlid D:\xampp\htdocs\meituan\Index\Runtime\Cache\Home\f8cf203eb98c60ed9cec339b90173a5c.php 第 206 行.
INFO: Run Behavior\ParseTemplateBehavior [ RunTime:0.067030s ]
INFO: [ view_parse ] --END-- [ RunTime:0.067088s ]
INFO: [ view_filter ] --START--
INFO: Run Behavior\WriteHtmlCacheBehavior [ RunTime:0.000451s ]
INFO: [ view_filter ] --END-- [ RunTime:0.000503s ]
INFO: [ app_end ] --START--
INFO: Run Behavior\ShowPageTraceBehavior [ RunTime:0.000659s ]
INFO: [ app_end ] --END-- [ RunTime:0.000748s ]

[ 2016-11-02T10:48:20+08:00 ] ::1 /meituan/index.php/Home/detail/index/gid/24
INFO: [ app_init ] --START--
INFO: Run Behavior\BuildLiteBehavior [ RunTime:0.000013s ]
INFO: [ app_init ] --END-- [ RunTime:0.000327s ]
INFO: [ app_begin ] --START--
INFO: Run Behavior\ReadHtmlCacheBehavior [ RunTime:0.000420s ]
INFO: [ app_begin ] --END-- [ RunTime:0.000490s ]
SQL: SHOW COLUMNS FROM `group_goods` [ RunTime:0.0094s ]
SQL: SHOW COLUMNS FROM `group_goods_img` [ RunTime:0.0068s ]
SQL: SHOW COLUMNS FROM `group_goods_detail` [ RunTime:0.0070s ]
SQL: SHOW COLUMNS FROM `group_shop` [ RunTime:0.0063s ]
SQL: SHOW COLUMNS FROM `group_locality` [ RunTime:0.0044s ]
SQL: SHOW COLUMNS FROM `group_category` [ RunTime:0.0070s ]
SQL: SELECT Goods.gid AS gid,Goods.main_title AS main_title,Goods.sub_title AS sub_title,Goods.price AS price,Goods.old_price AS old_price,Goods.begin_time AS begin_time,Goods.end_time AS end_time,Goods.buy AS buy,Goods_img.small_img AS small_img,Goods_img.big_img AS big_img,Goods_img.max_img AS max_img,Goods_detail.detail AS detail,Goods_detail.goods_server AS goods_server,Shop.shopname AS shopname,Shop.shopid AS shopid,Shop.shopaddress AS shopaddress,Shop.shoptel AS shoptel,Shop.coordinate AS coordinate,Locality.lname AS lname,Locality.lid AS lid,Category.cname AS cname,Category.cid AS cid FROM group_goods Goods LEFT JOIN group_goods_img Goods_img ON Goods.gid=Goods_img.goods_id LEFT JOIN group_goods_detail Goods_detail ON Goods.gid=Goods_detail.goods_id LEFT JOIN group_shop Shop ON Goods.shopid=Shop.shopid LEFT JOIN group_locality Locality ON Goods.lid=Locality.lid LEFT JOIN group_category Category ON Goods.cid=Category.cid WHERE Goods.gid = '24' LIMIT 1   [ RunTime:0.0288s ]
INFO: [ view_parse ] --START--
INFO: [ template_filter ] --START--
INFO: Run Behavior\ContentReplaceBehavior [ RunTime:0.000114s ]
INFO: [ template_filter ] --END-- [ RunTime:0.000168s ]
NOTIC: [8] Undefined variable: webInfo D:\xampp\htdocs\meituan\Index\Runtime\Cache\Home\24fc8d200ad2054c77c8ae05d79f0c26.php 第 11 行.
NOTIC: [8] Undefined index: metroaddress D:\xampp\htdocs\meituan\Index\Runtime\Cache\Home\24fc8d200ad2054c77c8ae05d79f0c26.php 第 249 行.
INFO: Run Behavior\ParseTemplateBehavior [ RunTime:0.096136s ]
INFO: [ view_parse ] --END-- [ RunTime:0.096186s ]
INFO: [ view_filter ] --START--
INFO: Run Behavior\WriteHtmlCacheBehavior [ RunTime:0.000226s ]
INFO: [ view_filter ] --END-- [ RunTime:0.000258s ]
INFO: [ app_end ] --START--
INFO: Run Behavior\ShowPageTraceBehavior [ RunTime:0.000546s ]
INFO: [ app_end ] --END-- [ RunTime:0.000604s ]

[ 2016-11-02T10:50:07+08:00 ] ::1 /meituan/index.php/Home/Index/index.html
INFO: [ app_init ] --START--
INFO: Run Behavior\BuildLiteBehavior [ RunTime:0.000022s ]
INFO: [ app_init ] --END-- [ RunTime:0.000468s ]
INFO: [ app_begin ] --START--
INFO: Run Behavior\ReadHtmlCacheBehavior [ RunTime:0.000442s ]
INFO: [ app_begin ] --END-- [ RunTime:0.000495s ]
SQL: SHOW COLUMNS FROM `group_category` [ RunTime:0.0517s ]
NOTIC: [8] Undefined variable: url D:\xampp\htdocs\meituan\Index\Home\Controller\IndexController.class.php 第 49 行.
SQL: SELECT `cname`,`cid` FROM `group_category` WHERE `pid` = 0 AND `display` = 1  [ RunTime:0.0004s ]
SQL: SHOW COLUMNS FROM `group_locality` [ RunTime:0.0073s ]
SQL: SELECT `lname`,`lid` FROM `group_locality` WHERE `pid` = 0 AND `display` = 1  [ RunTime:0.0003s ]
SQL: SHOW COLUMNS FROM `group_goods` [ RunTime:0.0082s ]
SQL: SHOW COLUMNS FROM `group_goods_img` [ RunTime:0.0046s ]
SQL: SHOW COLUMNS FROM `group_goods_detail` [ RunTime:0.0057s ]
SQL: SHOW COLUMNS FROM `group_shop` [ RunTime:0.0062s ]
SQL: SELECT COUNT(*) AS tp_count FROM group_goods Goods LEFT JOIN group_goods_img Goods_img ON Goods.gid=Goods_img.goods_id LEFT JOIN group_goods_detail Goods_detail ON Goods.gid=Goods_detail.goods_id LEFT JOIN group_shop Shop ON Goods.shopid=Shop.shopid LEFT JOIN group_locality Locality ON Goods.lid=Locality.lid LEFT JOIN group_category Category ON Goods.cid=Category.cid LIMIT 1   [ RunTime:0.0005s ]
SQL: SELECT Goods.gid AS gid,Goods.main_title AS main_title,Goods.sub_title AS sub_title,Goods.price AS price,Goods.old_price AS old_price,Goods.buy AS buy,Goods_img.big_img AS big_img,Category.cid AS cid FROM group_goods Goods LEFT JOIN group_goods_img Goods_img ON Goods.gid=Goods_img.goods_id LEFT JOIN group_goods_detail Goods_detail ON Goods.gid=Goods_detail.goods_id LEFT JOIN group_shop Shop ON Goods.shopid=Shop.shopid LEFT JOIN group_locality Locality ON Goods.lid=Locality.lid LEFT JOIN group_category Category ON Goods.cid=Category.cid WHERE ( price>0 ) ORDER BY Goods.begin_time desc LIMIT 0,10   [ RunTime:0.0006s ]
INFO: [ view_parse ] --START--
INFO: [ template_filter ] --START--
INFO: Run Behavior\ContentReplaceBehavior [ RunTime:0.000102s ]
INFO: [ template_filter ] --END-- [ RunTime:0.000174s ]
NOTIC: [8] Undefined variable: webInfo D:\xampp\htdocs\meituan\Index\Runtime\Cache\Home\f8cf203eb98c60ed9cec339b90173a5c.php 第 11 行.
NOTIC: [8] Undefined variable: v D:\xampp\htdocs\meituan\Index\Runtime\Cache\Home\f8cf203eb98c60ed9cec339b90173a5c.php 第 175 行.
NOTIC: [8] Undefined variable: v D:\xampp\htdocs\meituan\Index\Runtime\Cache\Home\f8cf203eb98c60ed9cec339b90173a5c.php 第 175 行.
NOTIC: [8] Undefined variable: soncid D:\xampp\htdocs\meituan\Index\Runtime\Cache\Home\f8cf203eb98c60ed9cec339b90173a5c.php 第 191 行.
NOTIC: [8] Undefined variable: sonlid D:\xampp\htdocs\meituan\Index\Runtime\Cache\Home\f8cf203eb98c60ed9cec339b90173a5c.php 第 206 行.
INFO: Run Behavior\ParseTemplateBehavior [ RunTime:0.047188s ]
INFO: [ view_parse ] --END-- [ RunTime:0.047239s ]
INFO: [ view_filter ] --START--
INFO: Run Behavior\WriteHtmlCacheBehavior [ RunTime:0.000218s ]
INFO: [ view_filter ] --END-- [ RunTime:0.000252s ]
INFO: [ app_end ] --START--
INFO: Run Behavior\ShowPageTraceBehavior [ RunTime:0.000464s ]
INFO: [ app_end ] --END-- [ RunTime:0.000508s ]

[ 2016-11-02T10:50:08+08:00 ] ::1 /meituan/
INFO: [ app_init ] --START--
INFO: Run Behavior\BuildLiteBehavior [ RunTime:0.000014s ]
INFO: [ app_init ] --END-- [ RunTime:0.000348s ]
INFO: [ app_begin ] --START--
INFO: Run Behavior\ReadHtmlCacheBehavior [ RunTime:0.000425s ]
INFO: [ app_begin ] --END-- [ RunTime:0.000480s ]
SQL: SHOW COLUMNS FROM `group_category` [ RunTime:0.0303s ]
NOTIC: [8] Undefined variable: url D:\xampp\htdocs\meituan\Index\Home\Controller\IndexController.class.php 第 49 行.
SQL: SELECT `cname`,`cid` FROM `group_category` WHERE `pid` = 0 AND `display` = 1  [ RunTime:0.0004s ]
SQL: SHOW COLUMNS FROM `group_locality` [ RunTime:0.0082s ]
SQL: SELECT `lname`,`lid` FROM `group_locality` WHERE `pid` = 0 AND `display` = 1  [ RunTime:0.0006s ]
SQL: SHOW COLUMNS FROM `group_goods` [ RunTime:0.0083s ]
SQL: SHOW COLUMNS FROM `group_goods_img` [ RunTime:0.0036s ]
SQL: SHOW COLUMNS FROM `group_goods_detail` [ RunTime:0.0076s ]
SQL: SHOW COLUMNS FROM `group_shop` [ RunTime:0.0063s ]
SQL: SELECT COUNT(*) AS tp_count FROM group_goods Goods LEFT JOIN group_goods_img Goods_img ON Goods.gid=Goods_img.goods_id LEFT JOIN group_goods_detail Goods_detail ON Goods.gid=Goods_detail.goods_id LEFT JOIN group_shop Shop ON Goods.shopid=Shop.shopid LEFT JOIN group_locality Locality ON Goods.lid=Locality.lid LEFT JOIN group_category Category ON Goods.cid=Category.cid LIMIT 1   [ RunTime:0.0005s ]
SQL: SELECT Goods.gid AS gid,Goods.main_title AS main_title,Goods.sub_title AS sub_title,Goods.price AS price,Goods.old_price AS old_price,Goods.buy AS buy,Goods_img.big_img AS big_img,Category.cid AS cid FROM group_goods Goods LEFT JOIN group_goods_img Goods_img ON Goods.gid=Goods_img.goods_id LEFT JOIN group_goods_detail Goods_detail ON Goods.gid=Goods_detail.goods_id LEFT JOIN group_shop Shop ON Goods.shopid=Shop.shopid LEFT JOIN group_locality Locality ON Goods.lid=Locality.lid LEFT JOIN group_category Category ON Goods.cid=Category.cid WHERE ( price>0 ) ORDER BY Goods.begin_time desc LIMIT 0,10   [ RunTime:0.0005s ]
INFO: [ view_parse ] --START--
INFO: [ template_filter ] --START--
INFO: Run Behavior\ContentReplaceBehavior [ RunTime:0.000129s ]
INFO: [ template_filter ] --END-- [ RunTime:0.000203s ]
NOTIC: [8] Undefined variable: webInfo D:\xampp\htdocs\meituan\Index\Runtime\Cache\Home\f8cf203eb98c60ed9cec339b90173a5c.php 第 11 行.
NOTIC: [8] Undefined variable: v D:\xampp\htdocs\meituan\Index\Runtime\Cache\Home\f8cf203eb98c60ed9cec339b90173a5c.php 第 175 行.
NOTIC: [8] Undefined variable: v D:\xampp\htdocs\meituan\Index\Runtime\Cache\Home\f8cf203eb98c60ed9cec339b90173a5c.php 第 175 行.
NOTIC: [8] Undefined variable: soncid D:\xampp\htdocs\meituan\Index\Runtime\Cache\Home\f8cf203eb98c60ed9cec339b90173a5c.php 第 191 行.
NOTIC: [8] Undefined variable: sonlid D:\xampp\htdocs\meituan\Index\Runtime\Cache\Home\f8cf203eb98c60ed9cec339b90173a5c.php 第 206 行.
INFO: Run Behavior\ParseTemplateBehavior [ RunTime:0.063015s ]
INFO: [ view_parse ] --END-- [ RunTime:0.063065s ]
INFO: [ view_filter ] --START--
INFO: Run Behavior\WriteHtmlCacheBehavior [ RunTime:0.000228s ]
INFO: [ view_filter ] --END-- [ RunTime:0.000264s ]
INFO: [ app_end ] --START--
INFO: Run Behavior\ShowPageTraceBehavior [ RunTime:0.000418s ]
INFO: [ app_end ] --END-- [ RunTime:0.000462s ]

[ 2016-11-02T10:50:11+08:00 ] ::1 /meituan/index.php/Home/Index/index.html
INFO: [ app_init ] --START--
INFO: Run Behavior\BuildLiteBehavior [ RunTime:0.000020s ]
INFO: [ app_init ] --END-- [ RunTime:0.000547s ]
INFO: [ app_begin ] --START--
INFO: Run Behavior\ReadHtmlCacheBehavior [ RunTime:0.000516s ]
INFO: [ app_begin ] --END-- [ RunTime:0.000568s ]
SQL: SHOW COLUMNS FROM `group_category` [ RunTime:0.0084s ]
NOTIC: [8] Undefined variable: url D:\xampp\htdocs\meituan\Index\Home\Controller\IndexController.class.php 第 49 行.
SQL: SELECT `cname`,`cid` FROM `group_category` WHERE `pid` = 0 AND `display` = 1  [ RunTime:0.0004s ]
SQL: SHOW COLUMNS FROM `group_locality` [ RunTime:0.0075s ]
SQL: SELECT `lname`,`lid` FROM `group_locality` WHERE `pid` = 0 AND `display` = 1  [ RunTime:0.0003s ]
SQL: SHOW COLUMNS FROM `group_goods` [ RunTime:0.0061s ]
SQL: SHOW COLUMNS FROM `group_goods_img` [ RunTime:0.0037s ]
SQL: SHOW COLUMNS FROM `group_goods_detail` [ RunTime:0.0094s ]
SQL: SHOW COLUMNS FROM `group_shop` [ RunTime:0.0066s ]
SQL: SELECT COUNT(*) AS tp_count FROM group_goods Goods LEFT JOIN group_goods_img Goods_img ON Goods.gid=Goods_img.goods_id LEFT JOIN group_goods_detail Goods_detail ON Goods.gid=Goods_detail.goods_id LEFT JOIN group_shop Shop ON Goods.shopid=Shop.shopid LEFT JOIN group_locality Locality ON Goods.lid=Locality.lid LEFT JOIN group_category Category ON Goods.cid=Category.cid LIMIT 1   [ RunTime:0.0004s ]
SQL: SELECT Goods.gid AS gid,Goods.main_title AS main_title,Goods.sub_title AS sub_title,Goods.price AS price,Goods.old_price AS old_price,Goods.buy AS buy,Goods_img.big_img AS big_img,Category.cid AS cid FROM group_goods Goods LEFT JOIN group_goods_img Goods_img ON Goods.gid=Goods_img.goods_id LEFT JOIN group_goods_detail Goods_detail ON Goods.gid=Goods_detail.goods_id LEFT JOIN group_shop Shop ON Goods.shopid=Shop.shopid LEFT JOIN group_locality Locality ON Goods.lid=Locality.lid LEFT JOIN group_category Category ON Goods.cid=Category.cid WHERE ( price>0 ) ORDER BY Goods.begin_time desc LIMIT 0,10   [ RunTime:0.0008s ]
INFO: [ view_parse ] --START--
INFO: [ template_filter ] --START--
INFO: Run Behavior\ContentReplaceBehavior [ RunTime:0.000086s ]
INFO: [ template_filter ] --END-- [ RunTime:0.000138s ]
NOTIC: [8] Undefined variable: webInfo D:\xampp\htdocs\meituan\Index\Runtime\Cache\Home\f8cf203eb98c60ed9cec339b90173a5c.php 第 11 行.
NOTIC: [8] Undefined variable: v D:\xampp\htdocs\meituan\Index\Runtime\Cache\Home\f8cf203eb98c60ed9cec339b90173a5c.php 第 175 行.
NOTIC: [8] Undefined variable: v D:\xampp\htdocs\meituan\Index\Runtime\Cache\Home\f8cf203eb98c60ed9cec339b90173a5c.php 第 175 行.
NOTIC: [8] Undefined variable: soncid D:\xampp\htdocs\meituan\Index\Runtime\Cache\Home\f8cf203eb98c60ed9cec339b90173a5c.php 第 191 行.
NOTIC: [8] Undefined variable: sonlid D:\xampp\htdocs\meituan\Index\Runtime\Cache\Home\f8cf203eb98c60ed9cec339b90173a5c.php 第 206 行.
INFO: Run Behavior\ParseTemplateBehavior [ RunTime:0.072514s ]
INFO: [ view_parse ] --END-- [ RunTime:0.072572s ]
INFO: [ view_filter ] --START--
INFO: Run Behavior\WriteHtmlCacheBehavior [ RunTime:0.000309s ]
INFO: [ view_filter ] --END-- [ RunTime:0.000341s ]
INFO: [ app_end ] --START--
INFO: Run Behavior\ShowPageTraceBehavior [ RunTime:0.000777s ]
INFO: [ app_end ] --END-- [ RunTime:0.000856s ]

[ 2016-11-02T10:50:15+08:00 ] ::1 /meituan/index.php/Home/Index/index.html
INFO: [ app_init ] --START--
INFO: Run Behavior\BuildLiteBehavior [ RunTime:0.000019s ]
INFO: [ app_init ] --END-- [ RunTime:0.000424s ]
INFO: [ app_begin ] --START--
INFO: Run Behavior\ReadHtmlCacheBehavior [ RunTime:0.000395s ]
INFO: [ app_begin ] --END-- [ RunTime:0.000438s ]
SQL: SHOW COLUMNS FROM `group_category` [ RunTime:0.0108s ]
NOTIC: [8] Undefined variable: url D:\xampp\htdocs\meituan\Index\Home\Controller\IndexController.class.php 第 49 行.
SQL: SELECT `cname`,`cid` FROM `group_category` WHERE `pid` = 0 AND `display` = 1  [ RunTime:0.0004s ]
SQL: SHOW COLUMNS FROM `group_locality` [ RunTime:0.0060s ]
SQL: SELECT `lname`,`lid` FROM `group_locality` WHERE `pid` = 0 AND `display` = 1  [ RunTime:0.0003s ]
SQL: SHOW COLUMNS FROM `group_goods` [ RunTime:0.0070s ]
SQL: SHOW COLUMNS FROM `group_goods_img` [ RunTime:0.0035s ]
SQL: SHOW COLUMNS FROM `group_goods_detail` [ RunTime:0.0059s ]
SQL: SHOW COLUMNS FROM `group_shop` [ RunTime:0.0068s ]
SQL: SELECT COUNT(*) AS tp_count FROM group_goods Goods LEFT JOIN group_goods_img Goods_img ON Goods.gid=Goods_img.goods_id LEFT JOIN group_goods_detail Goods_detail ON Goods.gid=Goods_detail.goods_id LEFT JOIN group_shop Shop ON Goods.shopid=Shop.shopid LEFT JOIN group_locality Locality ON Goods.lid=Locality.lid LEFT JOIN group_category Category ON Goods.cid=Category.cid LIMIT 1   [ RunTime:0.0005s ]
SQL: SELECT Goods.gid AS gid,Goods.main_title AS main_title,Goods.sub_title AS sub_title,Goods.price AS price,Goods.old_price AS old_price,Goods.buy AS buy,Goods_img.big_img AS big_img,Category.cid AS cid FROM group_goods Goods LEFT JOIN group_goods_img Goods_img ON Goods.gid=Goods_img.goods_id LEFT JOIN group_goods_detail Goods_detail ON Goods.gid=Goods_detail.goods_id LEFT JOIN group_shop Shop ON Goods.shopid=Shop.shopid LEFT JOIN group_locality Locality ON Goods.lid=Locality.lid LEFT JOIN group_category Category ON Goods.cid=Category.cid WHERE ( price>0 ) ORDER BY Goods.begin_time desc LIMIT 0,10   [ RunTime:0.0006s ]
INFO: [ view_parse ] --START--
INFO: [ template_filter ] --START--
INFO: Run Behavior\ContentReplaceBehavior [ RunTime:0.000093s ]
INFO: [ template_filter ] --END-- [ RunTime:0.000147s ]
NOTIC: [8] Undefined variable: webInfo D:\xampp\htdocs\meituan\Index\Runtime\Cache\Home\f8cf203eb98c60ed9cec339b90173a5c.php 第 11 行.
NOTIC: [8] Undefined variable: v D:\xampp\htdocs\meituan\Index\Runtime\Cache\Home\f8cf203eb98c60ed9cec339b90173a5c.php 第 175 行.
NOTIC: [8] Undefined variable: v D:\xampp\htdocs\meituan\Index\Runtime\Cache\Home\f8cf203eb98c60ed9cec339b90173a5c.php 第 175 行.
NOTIC: [8] Undefined variable: soncid D:\xampp\htdocs\meituan\Index\Runtime\Cache\Home\f8cf203eb98c60ed9cec339b90173a5c.php 第 191 行.
NOTIC: [8] Undefined variable: sonlid D:\xampp\htdocs\meituan\Index\Runtime\Cache\Home\f8cf203eb98c60ed9cec339b90173a5c.php 第 206 行.
INFO: Run Behavior\ParseTemplateBehavior [ RunTime:0.058532s ]
INFO: [ view_parse ] --END-- [ RunTime:0.058583s ]
INFO: [ view_filter ] --START--
INFO: Run Behavior\WriteHtmlCacheBehavior [ RunTime:0.000247s ]
INFO: [ view_filter ] --END-- [ RunTime:0.000312s ]
INFO: [ app_end ] --START--
INFO: Run Behavior\ShowPageTraceBehavior [ RunTime:0.000839s ]
INFO: [ app_end ] --END-- [ RunTime:0.000948s ]

[ 2016-11-02T10:50:17+08:00 ] ::1 /meituan/index.php/Home/Index/index/p/2.html
INFO: [ app_init ] --START--
INFO: Run Behavior\BuildLiteBehavior [ RunTime:0.000012s ]
INFO: [ app_init ] --END-- [ RunTime:0.000304s ]
INFO: [ app_begin ] --START--
INFO: Run Behavior\ReadHtmlCacheBehavior [ RunTime:0.000394s ]
INFO: [ app_begin ] --END-- [ RunTime:0.000436s ]
SQL: SHOW COLUMNS FROM `group_category` [ RunTime:0.0092s ]
NOTIC: [8] Undefined variable: url D:\xampp\htdocs\meituan\Index\Home\Controller\IndexController.class.php 第 49 行.
SQL: SELECT `cname`,`cid` FROM `group_category` WHERE `pid` = 0 AND `display` = 1  [ RunTime:0.0003s ]
SQL: SHOW COLUMNS FROM `group_locality` [ RunTime:0.0064s ]
SQL: SELECT `lname`,`lid` FROM `group_locality` WHERE `pid` = 0 AND `display` = 1  [ RunTime:0.0003s ]
SQL: SHOW COLUMNS FROM `group_goods` [ RunTime:0.0069s ]
SQL: SHOW COLUMNS FROM `group_goods_img` [ RunTime:0.0036s ]
SQL: SHOW COLUMNS FROM `group_goods_detail` [ RunTime:0.0059s ]
SQL: SHOW COLUMNS FROM `group_shop` [ RunTime:0.0070s ]
SQL: SELECT COUNT(*) AS tp_count FROM group_goods Goods LEFT JOIN group_goods_img Goods_img ON Goods.gid=Goods_img.goods_id LEFT JOIN group_goods_detail Goods_detail ON Goods.gid=Goods_detail.goods_id LEFT JOIN group_shop Shop ON Goods.shopid=Shop.shopid LEFT JOIN group_locality Locality ON Goods.lid=Locality.lid LEFT JOIN group_category Category ON Goods.cid=Category.cid LIMIT 1   [ RunTime:0.0004s ]
SQL: SELECT Goods.gid AS gid,Goods.main_title AS main_title,Goods.sub_title AS sub_title,Goods.price AS price,Goods.old_price AS old_price,Goods.buy AS buy,Goods_img.big_img AS big_img,Category.cid AS cid FROM group_goods Goods LEFT JOIN group_goods_img Goods_img ON Goods.gid=Goods_img.goods_id LEFT JOIN group_goods_detail Goods_detail ON Goods.gid=Goods_detail.goods_id LEFT JOIN group_shop Shop ON Goods.shopid=Shop.shopid LEFT JOIN group_locality Locality ON Goods.lid=Locality.lid LEFT JOIN group_category Category ON Goods.cid=Category.cid WHERE ( price>0 ) ORDER BY Goods.begin_time desc LIMIT 10,10   [ RunTime:0.0005s ]
INFO: [ view_parse ] --START--
INFO: [ template_filter ] --START--
INFO: Run Behavior\ContentReplaceBehavior [ RunTime:0.000085s ]
INFO: [ template_filter ] --END-- [ RunTime:0.000135s ]
NOTIC: [8] Undefined variable: webInfo D:\xampp\htdocs\meituan\Index\Runtime\Cache\Home\f8cf203eb98c60ed9cec339b90173a5c.php 第 11 行.
NOTIC: [8] Undefined variable: v D:\xampp\htdocs\meituan\Index\Runtime\Cache\Home\f8cf203eb98c60ed9cec339b90173a5c.php 第 175 行.
NOTIC: [8] Undefined variable: v D:\xampp\htdocs\meituan\Index\Runtime\Cache\Home\f8cf203eb98c60ed9cec339b90173a5c.php 第 175 行.
NOTIC: [8] Undefined variable: soncid D:\xampp\htdocs\meituan\Index\Runtime\Cache\Home\f8cf203eb98c60ed9cec339b90173a5c.php 第 191 行.
NOTIC: [8] Undefined variable: sonlid D:\xampp\htdocs\meituan\Index\Runtime\Cache\Home\f8cf203eb98c60ed9cec339b90173a5c.php 第 206 行.
INFO: Run Behavior\ParseTemplateBehavior [ RunTime:0.050134s ]
INFO: [ view_parse ] --END-- [ RunTime:0.050180s ]
INFO: [ view_filter ] --START--
INFO: Run Behavior\WriteHtmlCacheBehavior [ RunTime:0.000193s ]
INFO: [ view_filter ] --END-- [ RunTime:0.000226s ]
INFO: [ app_end ] --START--
INFO: Run Behavior\ShowPageTraceBehavior [ RunTime:0.001153s ]
INFO: [ app_end ] --END-- [ RunTime:0.001203s ]

[ 2016-11-02T10:50:18+08:00 ] ::1 /meituan/
INFO: [ app_init ] --START--
INFO: Run Behavior\BuildLiteBehavior [ RunTime:0.000013s ]
INFO: [ app_init ] --END-- [ RunTime:0.000311s ]
INFO: [ app_begin ] --START--
INFO: Run Behavior\ReadHtmlCacheBehavior [ RunTime:0.000381s ]
INFO: [ app_begin ] --END-- [ RunTime:0.000431s ]
SQL: SHOW COLUMNS FROM `group_category` [ RunTime:0.3206s ]
NOTIC: [8] Undefined variable: url D:\xampp\htdocs\meituan\Index\Home\Controller\IndexController.class.php 第 49 行.
SQL: SELECT `cname`,`cid` FROM `group_category` WHERE `pid` = 0 AND `display` = 1  [ RunTime:0.0005s ]
SQL: SHOW COLUMNS FROM `group_locality` [ RunTime:0.0113s ]
SQL: SELECT `lname`,`lid` FROM `group_locality` WHERE `pid` = 0 AND `display` = 1  [ RunTime:0.0003s ]
SQL: SHOW COLUMNS FROM `group_goods` [ RunTime:0.0056s ]
SQL: SHOW COLUMNS FROM `group_goods_img` [ RunTime:0.0031s ]
SQL: SHOW COLUMNS FROM `group_goods_detail` [ RunTime:0.0059s ]
SQL: SHOW COLUMNS FROM `group_shop` [ RunTime:0.0060s ]
SQL: SELECT COUNT(*) AS tp_count FROM group_goods Goods LEFT JOIN group_goods_img Goods_img ON Goods.gid=Goods_img.goods_id LEFT JOIN group_goods_detail Goods_detail ON Goods.gid=Goods_detail.goods_id LEFT JOIN group_shop Shop ON Goods.shopid=Shop.shopid LEFT JOIN group_locality Locality ON Goods.lid=Locality.lid LEFT JOIN group_category Category ON Goods.cid=Category.cid LIMIT 1   [ RunTime:0.0005s ]
SQL: SELECT Goods.gid AS gid,Goods.main_title AS main_title,Goods.sub_title AS sub_title,Goods.price AS price,Goods.old_price AS old_price,Goods.buy AS buy,Goods_img.big_img AS big_img,Category.cid AS cid FROM group_goods Goods LEFT JOIN group_goods_img Goods_img ON Goods.gid=Goods_img.goods_id LEFT JOIN group_goods_detail Goods_detail ON Goods.gid=Goods_detail.goods_id LEFT JOIN group_shop Shop ON Goods.shopid=Shop.shopid LEFT JOIN group_locality Locality ON Goods.lid=Locality.lid LEFT JOIN group_category Category ON Goods.cid=Category.cid WHERE ( price>0 ) ORDER BY Goods.begin_time desc LIMIT 0,10   [ RunTime:0.0006s ]
INFO: [ view_parse ] --START--
INFO: [ template_filter ] --START--
INFO: Run Behavior\ContentReplaceBehavior [ RunTime:0.000084s ]
INFO: [ template_filter ] --END-- [ RunTime:0.000134s ]
NOTIC: [8] Undefined variable: webInfo D:\xampp\htdocs\meituan\Index\Runtime\Cache\Home\f8cf203eb98c60ed9cec339b90173a5c.php 第 11 行.
NOTIC: [8] Undefined variable: v D:\xampp\htdocs\meituan\Index\Runtime\Cache\Home\f8cf203eb98c60ed9cec339b90173a5c.php 第 175 行.
NOTIC: [8] Undefined variable: v D:\xampp\htdocs\meituan\Index\Runtime\Cache\Home\f8cf203eb98c60ed9cec339b90173a5c.php 第 175 行.
NOTIC: [8] Undefined variable: soncid D:\xampp\htdocs\meituan\Index\Runtime\Cache\Home\f8cf203eb98c60ed9cec339b90173a5c.php 第 191 行.
NOTIC: [8] Undefined variable: sonlid D:\xampp\htdocs\meituan\Index\Runtime\Cache\Home\f8cf203eb98c60ed9cec339b90173a5c.php 第 206 行.
INFO: Run Behavior\ParseTemplateBehavior [ RunTime:0.048871s ]
INFO: [ view_parse ] --END-- [ RunTime:0.048917s ]
INFO: [ view_filter ] --START--
INFO: Run Behavior\WriteHtmlCacheBehavior [ RunTime:0.000201s ]
INFO: [ view_filter ] --END-- [ RunTime:0.000235s ]
INFO: [ app_end ] --START--
INFO: Run Behavior\ShowPageTraceBehavior [ RunTime:0.000739s ]
INFO: [ app_end ] --END-- [ RunTime:0.000854s ]

[ 2016-11-02T10:50:20+08:00 ] ::1 /meituan/index.php/Home/detail/index/gid/24
INFO: [ app_init ] --START--
INFO: Run Behavior\BuildLiteBehavior [ RunTime:0.000022s ]
INFO: [ app_init ] --END-- [ RunTime:0.000635s ]
INFO: [ app_begin ] --START--
INFO: Run Behavior\ReadHtmlCacheBehavior [ RunTime:0.000632s ]
INFO: [ app_begin ] --END-- [ RunTime:0.000700s ]
SQL: SHOW COLUMNS FROM `group_goods` [ RunTime:0.0099s ]
SQL: SHOW COLUMNS FROM `group_goods_img` [ RunTime:0.0064s ]
SQL: SHOW COLUMNS FROM `group_goods_detail` [ RunTime:0.0060s ]
SQL: SHOW COLUMNS FROM `group_shop` [ RunTime:0.0057s ]
SQL: SHOW COLUMNS FROM `group_locality` [ RunTime:0.0046s ]
SQL: SHOW COLUMNS FROM `group_category` [ RunTime:0.0077s ]
SQL: SELECT Goods.gid AS gid,Goods.main_title AS main_title,Goods.sub_title AS sub_title,Goods.price AS price,Goods.old_price AS old_price,Goods.begin_time AS begin_time,Goods.end_time AS end_time,Goods.buy AS buy,Goods_img.small_img AS small_img,Goods_img.big_img AS big_img,Goods_img.max_img AS max_img,Goods_detail.detail AS detail,Goods_detail.goods_server AS goods_server,Shop.shopname AS shopname,Shop.shopid AS shopid,Shop.shopaddress AS shopaddress,Shop.shoptel AS shoptel,Shop.coordinate AS coordinate,Locality.lname AS lname,Locality.lid AS lid,Category.cname AS cname,Category.cid AS cid FROM group_goods Goods LEFT JOIN group_goods_img Goods_img ON Goods.gid=Goods_img.goods_id LEFT JOIN group_goods_detail Goods_detail ON Goods.gid=Goods_detail.goods_id LEFT JOIN group_shop Shop ON Goods.shopid=Shop.shopid LEFT JOIN group_locality Locality ON Goods.lid=Locality.lid LEFT JOIN group_category Category ON Goods.cid=Category.cid WHERE Goods.gid = '24' LIMIT 1   [ RunTime:0.0006s ]
INFO: [ view_parse ] --START--
INFO: [ template_filter ] --START--
INFO: Run Behavior\ContentReplaceBehavior [ RunTime:0.000101s ]
INFO: [ template_filter ] --END-- [ RunTime:0.000153s ]
NOTIC: [8] Undefined variable: webInfo D:\xampp\htdocs\meituan\Index\Runtime\Cache\Home\24fc8d200ad2054c77c8ae05d79f0c26.php 第 11 行.
NOTIC: [8] Undefined index: metroaddress D:\xampp\htdocs\meituan\Index\Runtime\Cache\Home\24fc8d200ad2054c77c8ae05d79f0c26.php 第 249 行.
INFO: Run Behavior\ParseTemplateBehavior [ RunTime:0.048648s ]
INFO: [ view_parse ] --END-- [ RunTime:0.048695s ]
INFO: [ view_filter ] --START--
INFO: Run Behavior\WriteHtmlCacheBehavior [ RunTime:0.000283s ]
INFO: [ view_filter ] --END-- [ RunTime:0.000319s ]
INFO: [ app_end ] --START--
INFO: Run Behavior\ShowPageTraceBehavior [ RunTime:0.000744s ]
INFO: [ app_end ] --END-- [ RunTime:0.000830s ]

[ 2016-11-02T10:50:57+08:00 ] ::1 /meituan/index.php/Home/Index/index.html
INFO: [ app_init ] --START--
INFO: Run Behavior\BuildLiteBehavior [ RunTime:0.000016s ]
INFO: [ app_init ] --END-- [ RunTime:0.000428s ]
INFO: [ app_begin ] --START--
INFO: Run Behavior\ReadHtmlCacheBehavior [ RunTime:0.000567s ]
INFO: [ app_begin ] --END-- [ RunTime:0.000635s ]
SQL: SHOW COLUMNS FROM `group_category` [ RunTime:0.1038s ]
NOTIC: [8] Undefined variable: url D:\xampp\htdocs\meituan\Index\Home\Controller\IndexController.class.php 第 49 行.
SQL: SELECT `cname`,`cid` FROM `group_category` WHERE `pid` = 0 AND `display` = 1  [ RunTime:0.0005s ]
SQL: SHOW COLUMNS FROM `group_locality` [ RunTime:0.0107s ]
SQL: SELECT `lname`,`lid` FROM `group_locality` WHERE `pid` = 0 AND `display` = 1  [ RunTime:0.0005s ]
SQL: SHOW COLUMNS FROM `group_goods` [ RunTime:0.0108s ]
SQL: SHOW COLUMNS FROM `group_goods_img` [ RunTime:0.0070s ]
SQL: SHOW COLUMNS FROM `group_goods_detail` [ RunTime:0.0259s ]
SQL: SHOW COLUMNS FROM `group_shop` [ RunTime:0.0105s ]
SQL: SELECT COUNT(*) AS tp_count FROM group_goods Goods LEFT JOIN group_goods_img Goods_img ON Goods.gid=Goods_img.goods_id LEFT JOIN group_goods_detail Goods_detail ON Goods.gid=Goods_detail.goods_id LEFT JOIN group_shop Shop ON Goods.shopid=Shop.shopid LEFT JOIN group_locality Locality ON Goods.lid=Locality.lid LEFT JOIN group_category Category ON Goods.cid=Category.cid LIMIT 1   [ RunTime:0.0008s ]
SQL: SELECT Goods.gid AS gid,Goods.main_title AS main_title,Goods.sub_title AS sub_title,Goods.price AS price,Goods.old_price AS old_price,Goods.buy AS buy,Goods_img.big_img AS big_img,Category.cid AS cid FROM group_goods Goods LEFT JOIN group_goods_img Goods_img ON Goods.gid=Goods_img.goods_id LEFT JOIN group_goods_detail Goods_detail ON Goods.gid=Goods_detail.goods_id LEFT JOIN group_shop Shop ON Goods.shopid=Shop.shopid LEFT JOIN group_locality Locality ON Goods.lid=Locality.lid LEFT JOIN group_category Category ON Goods.cid=Category.cid WHERE ( price>0 ) ORDER BY Goods.begin_time desc LIMIT 0,10   [ RunTime:0.0011s ]
INFO: [ view_parse ] --START--
INFO: [ template_filter ] --START--
INFO: Run Behavior\ContentReplaceBehavior [ RunTime:0.000179s ]
INFO: [ template_filter ] --END-- [ RunTime:0.000307s ]
NOTIC: [8] Undefined variable: webInfo D:\xampp\htdocs\meituan\Index\Runtime\Cache\Home\f8cf203eb98c60ed9cec339b90173a5c.php 第 11 行.
NOTIC: [8] Undefined variable: v D:\xampp\htdocs\meituan\Index\Runtime\Cache\Home\f8cf203eb98c60ed9cec339b90173a5c.php 第 175 行.
NOTIC: [8] Undefined variable: v D:\xampp\htdocs\meituan\Index\Runtime\Cache\Home\f8cf203eb98c60ed9cec339b90173a5c.php 第 175 行.
NOTIC: [8] Undefined variable: soncid D:\xampp\htdocs\meituan\Index\Runtime\Cache\Home\f8cf203eb98c60ed9cec339b90173a5c.php 第 191 行.
NOTIC: [8] Undefined variable: sonlid D:\xampp\htdocs\meituan\Index\Runtime\Cache\Home\f8cf203eb98c60ed9cec339b90173a5c.php 第 206 行.
INFO: Run Behavior\ParseTemplateBehavior [ RunTime:0.064050s ]
INFO: [ view_parse ] --END-- [ RunTime:0.064122s ]
INFO: [ view_filter ] --START--
INFO: Run Behavior\WriteHtmlCacheBehavior [ RunTime:0.000357s ]
INFO: [ view_filter ] --END-- [ RunTime:0.000402s ]
INFO: [ app_end ] --START--
INFO: Run Behavior\ShowPageTraceBehavior [ RunTime:0.000675s ]
INFO: [ app_end ] --END-- [ RunTime:0.000742s ]

[ 2016-11-02T10:50:58+08:00 ] ::1 /meituan/
INFO: [ app_init ] --START--
INFO: Run Behavior\BuildLiteBehavior [ RunTime:0.000011s ]
INFO: [ app_init ] --END-- [ RunTime:0.000286s ]
INFO: [ app_begin ] --START--
INFO: Run Behavior\ReadHtmlCacheBehavior [ RunTime:0.000357s ]
INFO: [ app_begin ] --END-- [ RunTime:0.000400s ]
SQL: SHOW COLUMNS FROM `group_category` [ RunTime:0.0084s ]
NOTIC: [8] Undefined variable: url D:\xampp\htdocs\meituan\Index\Home\Controller\IndexController.class.php 第 49 行.
SQL: SELECT `cname`,`cid` FROM `group_category` WHERE `pid` = 0 AND `display` = 1  [ RunTime:0.0003s ]
SQL: SHOW COLUMNS FROM `group_locality` [ RunTime:0.0062s ]
SQL: SELECT `lname`,`lid` FROM `group_locality` WHERE `pid` = 0 AND `display` = 1  [ RunTime:0.0003s ]
SQL: SHOW COLUMNS FROM `group_goods` [ RunTime:0.0062s ]
SQL: SHOW COLUMNS FROM `group_goods_img` [ RunTime:0.0032s ]
SQL: SHOW COLUMNS FROM `group_goods_detail` [ RunTime:0.0060s ]
SQL: SHOW COLUMNS FROM `group_shop` [ RunTime:0.0055s ]
SQL: SELECT COUNT(*) AS tp_count FROM group_goods Goods LEFT JOIN group_goods_img Goods_img ON Goods.gid=Goods_img.goods_id LEFT JOIN group_goods_detail Goods_detail ON Goods.gid=Goods_detail.goods_id LEFT JOIN group_shop Shop ON Goods.shopid=Shop.shopid LEFT JOIN group_locality Locality ON Goods.lid=Locality.lid LEFT JOIN group_category Category ON Goods.cid=Category.cid LIMIT 1   [ RunTime:0.0004s ]
SQL: SELECT Goods.gid AS gid,Goods.main_title AS main_title,Goods.sub_title AS sub_title,Goods.price AS price,Goods.old_price AS old_price,Goods.buy AS buy,Goods_img.big_img AS big_img,Category.cid AS cid FROM group_goods Goods LEFT JOIN group_goods_img Goods_img ON Goods.gid=Goods_img.goods_id LEFT JOIN group_goods_detail Goods_detail ON Goods.gid=Goods_detail.goods_id LEFT JOIN group_shop Shop ON Goods.shopid=Shop.shopid LEFT JOIN group_locality Locality ON Goods.lid=Locality.lid LEFT JOIN group_category Category ON Goods.cid=Category.cid WHERE ( price>0 ) ORDER BY Goods.begin_time desc LIMIT 0,10   [ RunTime:0.0005s ]
INFO: [ view_parse ] --START--
INFO: [ template_filter ] --START--
INFO: Run Behavior\ContentReplaceBehavior [ RunTime:0.000097s ]
INFO: [ template_filter ] --END-- [ RunTime:0.000149s ]
NOTIC: [8] Undefined variable: webInfo D:\xampp\htdocs\meituan\Index\Runtime\Cache\Home\f8cf203eb98c60ed9cec339b90173a5c.php 第 11 行.
NOTIC: [8] Undefined variable: v D:\xampp\htdocs\meituan\Index\Runtime\Cache\Home\f8cf203eb98c60ed9cec339b90173a5c.php 第 175 行.
NOTIC: [8] Undefined variable: v D:\xampp\htdocs\meituan\Index\Runtime\Cache\Home\f8cf203eb98c60ed9cec339b90173a5c.php 第 175 行.
NOTIC: [8] Undefined variable: soncid D:\xampp\htdocs\meituan\Index\Runtime\Cache\Home\f8cf203eb98c60ed9cec339b90173a5c.php 第 191 行.
NOTIC: [8] Undefined variable: sonlid D:\xampp\htdocs\meituan\Index\Runtime\Cache\Home\f8cf203eb98c60ed9cec339b90173a5c.php 第 206 行.
INFO: Run Behavior\ParseTemplateBehavior [ RunTime:0.061234s ]
INFO: [ view_parse ] --END-- [ RunTime:0.061279s ]
INFO: [ view_filter ] --START--
INFO: Run Behavior\WriteHtmlCacheBehavior [ RunTime:0.000255s ]
INFO: [ view_filter ] --END-- [ RunTime:0.000287s ]
INFO: [ app_end ] --START--
INFO: Run Behavior\ShowPageTraceBehavior [ RunTime:0.000580s ]
INFO: [ app_end ] --END-- [ RunTime:0.000639s ]

[ 2016-11-02T10:51:00+08:00 ] ::1 /meituan/index.php/Home/Index/index.html
INFO: [ app_init ] --START--
INFO: Run Behavior\BuildLiteBehavior [ RunTime:0.000012s ]
INFO: [ app_init ] --END-- [ RunTime:0.000354s ]
INFO: [ app_begin ] --START--
INFO: Run Behavior\ReadHtmlCacheBehavior [ RunTime:0.000484s ]
INFO: [ app_begin ] --END-- [ RunTime:0.000545s ]
SQL: SHOW COLUMNS FROM `group_category` [ RunTime:0.0202s ]
NOTIC: [8] Undefined variable: url D:\xampp\htdocs\meituan\Index\Home\Controller\IndexController.class.php 第 49 行.
SQL: SELECT `cname`,`cid` FROM `group_category` WHERE `pid` = 0 AND `display` = 1  [ RunTime:0.0003s ]
SQL: SHOW COLUMNS FROM `group_locality` [ RunTime:0.0058s ]
SQL: SELECT `lname`,`lid` FROM `group_locality` WHERE `pid` = 0 AND `display` = 1  [ RunTime:0.0003s ]
SQL: SHOW COLUMNS FROM `group_goods` [ RunTime:0.0058s ]
SQL: SHOW COLUMNS FROM `group_goods_img` [ RunTime:0.0038s ]
SQL: SHOW COLUMNS FROM `group_goods_detail` [ RunTime:0.0067s ]
SQL: SHOW COLUMNS FROM `group_shop` [ RunTime:0.0060s ]
SQL: SELECT COUNT(*) AS tp_count FROM group_goods Goods LEFT JOIN group_goods_img Goods_img ON Goods.gid=Goods_img.goods_id LEFT JOIN group_goods_detail Goods_detail ON Goods.gid=Goods_detail.goods_id LEFT JOIN group_shop Shop ON Goods.shopid=Shop.shopid LEFT JOIN group_locality Locality ON Goods.lid=Locality.lid LEFT JOIN group_category Category ON Goods.cid=Category.cid LIMIT 1   [ RunTime:0.0005s ]
SQL: SELECT Goods.gid AS gid,Goods.main_title AS main_title,Goods.sub_title AS sub_title,Goods.price AS price,Goods.old_price AS old_price,Goods.buy AS buy,Goods_img.big_img AS big_img,Category.cid AS cid FROM group_goods Goods LEFT JOIN group_goods_img Goods_img ON Goods.gid=Goods_img.goods_id LEFT JOIN group_goods_detail Goods_detail ON Goods.gid=Goods_detail.goods_id LEFT JOIN group_shop Shop ON Goods.shopid=Shop.shopid LEFT JOIN group_locality Locality ON Goods.lid=Locality.lid LEFT JOIN group_category Category ON Goods.cid=Category.cid WHERE ( price>0 ) ORDER BY Goods.begin_time desc LIMIT 0,10   [ RunTime:0.0005s ]
INFO: [ view_parse ] --START--
INFO: [ template_filter ] --START--
INFO: Run Behavior\ContentReplaceBehavior [ RunTime:0.000083s ]
INFO: [ template_filter ] --END-- [ RunTime:0.000133s ]
NOTIC: [8] Undefined variable: webInfo D:\xampp\htdocs\meituan\Index\Runtime\Cache\Home\f8cf203eb98c60ed9cec339b90173a5c.php 第 11 行.
NOTIC: [8] Undefined variable: v D:\xampp\htdocs\meituan\Index\Runtime\Cache\Home\f8cf203eb98c60ed9cec339b90173a5c.php 第 175 行.
NOTIC: [8] Undefined variable: v D:\xampp\htdocs\meituan\Index\Runtime\Cache\Home\f8cf203eb98c60ed9cec339b90173a5c.php 第 175 行.
NOTIC: [8] Undefined variable: soncid D:\xampp\htdocs\meituan\Index\Runtime\Cache\Home\f8cf203eb98c60ed9cec339b90173a5c.php 第 191 行.
NOTIC: [8] Undefined variable: sonlid D:\xampp\htdocs\meituan\Index\Runtime\Cache\Home\f8cf203eb98c60ed9cec339b90173a5c.php 第 206 行.
INFO: Run Behavior\ParseTemplateBehavior [ RunTime:0.049180s ]
INFO: [ view_parse ] --END-- [ RunTime:0.049241s ]
INFO: [ view_filter ] --START--
INFO: Run Behavior\WriteHtmlCacheBehavior [ RunTime:0.000465s ]
INFO: [ view_filter ] --END-- [ RunTime:0.000522s ]
INFO: [ app_end ] --START--
INFO: Run Behavior\ShowPageTraceBehavior [ RunTime:0.000832s ]
INFO: [ app_end ] --END-- [ RunTime:0.000919s ]

[ 2016-11-02T10:51:28+08:00 ] ::1 /meituan/
INFO: [ app_init ] --START--
INFO: Run Behavior\BuildLiteBehavior [ RunTime:0.000013s ]
INFO: [ app_init ] --END-- [ RunTime:0.000338s ]
INFO: [ app_begin ] --START--
INFO: Run Behavior\ReadHtmlCacheBehavior [ RunTime:0.000432s ]
INFO: [ app_begin ] --END-- [ RunTime:0.000490s ]
SQL: SHOW COLUMNS FROM `group_category` [ RunTime:0.9743s ]
NOTIC: [8] Undefined variable: url D:\xampp\htdocs\meituan\Index\Home\Controller\IndexController.class.php 第 49 行.
SQL: SELECT `cname`,`cid` FROM `group_category` WHERE `pid` = 0 AND `display` = 1  [ RunTime:0.0008s ]
SQL: SHOW COLUMNS FROM `group_locality` [ RunTime:0.2360s ]
SQL: SELECT `lname`,`lid` FROM `group_locality` WHERE `pid` = 0 AND `display` = 1  [ RunTime:0.0006s ]
SQL: SHOW COLUMNS FROM `group_goods` [ RunTime:0.0161s ]
SQL: SHOW COLUMNS FROM `group_goods_img` [ RunTime:0.0046s ]
SQL: SHOW COLUMNS FROM `group_goods_detail` [ RunTime:0.0075s ]
SQL: SHOW COLUMNS FROM `group_shop` [ RunTime:0.0078s ]
SQL: SELECT COUNT(*) AS tp_count FROM group_goods Goods LEFT JOIN group_goods_img Goods_img ON Goods.gid=Goods_img.goods_id LEFT JOIN group_goods_detail Goods_detail ON Goods.gid=Goods_detail.goods_id LEFT JOIN group_shop Shop ON Goods.shopid=Shop.shopid LEFT JOIN group_locality Locality ON Goods.lid=Locality.lid LEFT JOIN group_category Category ON Goods.cid=Category.cid LIMIT 1   [ RunTime:0.0006s ]
SQL: SELECT Goods.gid AS gid,Goods.main_title AS main_title,Goods.sub_title AS sub_title,Goods.price AS price,Goods.old_price AS old_price,Goods.buy AS buy,Goods_img.big_img AS big_img,Category.cid AS cid FROM group_goods Goods LEFT JOIN group_goods_img Goods_img ON Goods.gid=Goods_img.goods_id LEFT JOIN group_goods_detail Goods_detail ON Goods.gid=Goods_detail.goods_id LEFT JOIN group_shop Shop ON Goods.shopid=Shop.shopid LEFT JOIN group_locality Locality ON Goods.lid=Locality.lid LEFT JOIN group_category Category ON Goods.cid=Category.cid WHERE ( price>0 ) ORDER BY Goods.begin_time desc LIMIT 0,10   [ RunTime:0.0007s ]
INFO: [ view_parse ] --START--
INFO: [ template_filter ] --START--
INFO: Run Behavior\ContentReplaceBehavior [ RunTime:0.000077s ]
INFO: [ template_filter ] --END-- [ RunTime:0.000152s ]
NOTIC: [8] Undefined variable: webInfo D:\xampp\htdocs\meituan\Index\Runtime\Cache\Home\f8cf203eb98c60ed9cec339b90173a5c.php 第 11 行.
NOTIC: [8] Undefined variable: v D:\xampp\htdocs\meituan\Index\Runtime\Cache\Home\f8cf203eb98c60ed9cec339b90173a5c.php 第 175 行.
NOTIC: [8] Undefined variable: v D:\xampp\htdocs\meituan\Index\Runtime\Cache\Home\f8cf203eb98c60ed9cec339b90173a5c.php 第 175 行.
NOTIC: [8] Undefined variable: soncid D:\xampp\htdocs\meituan\Index\Runtime\Cache\Home\f8cf203eb98c60ed9cec339b90173a5c.php 第 191 行.
NOTIC: [8] Undefined variable: sonlid D:\xampp\htdocs\meituan\Index\Runtime\Cache\Home\f8cf203eb98c60ed9cec339b90173a5c.php 第 206 行.
INFO: Run Behavior\ParseTemplateBehavior [ RunTime:0.050083s ]
INFO: [ view_parse ] --END-- [ RunTime:0.050137s ]
INFO: [ view_filter ] --START--
INFO: Run Behavior\WriteHtmlCacheBehavior [ RunTime:0.000206s ]
INFO: [ view_filter ] --END-- [ RunTime:0.000242s ]
INFO: [ app_end ] --START--
INFO: Run Behavior\ShowPageTraceBehavior [ RunTime:0.000636s ]
INFO: [ app_end ] --END-- [ RunTime:0.000713s ]

[ 2016-11-02T10:51:28+08:00 ] ::1 /meituan/
INFO: [ app_init ] --START--
INFO: Run Behavior\BuildLiteBehavior [ RunTime:0.000025s ]
INFO: [ app_init ] --END-- [ RunTime:0.000563s ]
INFO: [ app_begin ] --START--
INFO: Run Behavior\ReadHtmlCacheBehavior [ RunTime:0.000447s ]
INFO: [ app_begin ] --END-- [ RunTime:0.000503s ]
SQL: SHOW COLUMNS FROM `group_category` [ RunTime:0.0079s ]
NOTIC: [8] Undefined variable: url D:\xampp\htdocs\meituan\Index\Home\Controller\IndexController.class.php 第 49 行.
SQL: SELECT `cname`,`cid` FROM `group_category` WHERE `pid` = 0 AND `display` = 1  [ RunTime:0.0003s ]
SQL: SHOW COLUMNS FROM `group_locality` [ RunTime:0.0035s ]
SQL: SELECT `lname`,`lid` FROM `group_locality` WHERE `pid` = 0 AND `display` = 1  [ RunTime:0.0003s ]
SQL: SHOW COLUMNS FROM `group_goods` [ RunTime:0.0034s ]
SQL: SHOW COLUMNS FROM `group_goods_img` [ RunTime:0.0029s ]
SQL: SHOW COLUMNS FROM `group_goods_detail` [ RunTime:0.0029s ]
SQL: SHOW COLUMNS FROM `group_shop` [ RunTime:0.0030s ]
SQL: SELECT COUNT(*) AS tp_count FROM group_goods Goods LEFT JOIN group_goods_img Goods_img ON Goods.gid=Goods_img.goods_id LEFT JOIN group_goods_detail Goods_detail ON Goods.gid=Goods_detail.goods_id LEFT JOIN group_shop Shop ON Goods.shopid=Shop.shopid LEFT JOIN group_locality Locality ON Goods.lid=Locality.lid LEFT JOIN group_category Category ON Goods.cid=Category.cid LIMIT 1   [ RunTime:0.0004s ]
SQL: SELECT Goods.gid AS gid,Goods.main_title AS main_title,Goods.sub_title AS sub_title,Goods.price AS price,Goods.old_price AS old_price,Goods.buy AS buy,Goods_img.big_img AS big_img,Category.cid AS cid FROM group_goods Goods LEFT JOIN group_goods_img Goods_img ON Goods.gid=Goods_img.goods_id LEFT JOIN group_goods_detail Goods_detail ON Goods.gid=Goods_detail.goods_id LEFT JOIN group_shop Shop ON Goods.shopid=Shop.shopid LEFT JOIN group_locality Locality ON Goods.lid=Locality.lid LEFT JOIN group_category Category ON Goods.cid=Category.cid WHERE ( price>0 ) ORDER BY Goods.begin_time desc LIMIT 0,10   [ RunTime:0.0005s ]
INFO: [ view_parse ] --START--
INFO: [ template_filter ] --START--
INFO: Run Behavior\ContentReplaceBehavior [ RunTime:0.000084s ]
INFO: [ template_filter ] --END-- [ RunTime:0.000132s ]
NOTIC: [8] Undefined variable: webInfo D:\xampp\htdocs\meituan\Index\Runtime\Cache\Home\f8cf203eb98c60ed9cec339b90173a5c.php 第 11 行.
NOTIC: [8] Undefined variable: v D:\xampp\htdocs\meituan\Index\Runtime\Cache\Home\f8cf203eb98c60ed9cec339b90173a5c.php 第 175 行.
NOTIC: [8] Undefined variable: v D:\xampp\htdocs\meituan\Index\Runtime\Cache\Home\f8cf203eb98c60ed9cec339b90173a5c.php 第 175 行.
NOTIC: [8] Undefined variable: soncid D:\xampp\htdocs\meituan\Index\Runtime\Cache\Home\f8cf203eb98c60ed9cec339b90173a5c.php 第 191 行.
NOTIC: [8] Undefined variable: sonlid D:\xampp\htdocs\meituan\Index\Runtime\Cache\Home\f8cf203eb98c60ed9cec339b90173a5c.php 第 206 行.
INFO: Run Behavior\ParseTemplateBehavior [ RunTime:0.049973s ]
INFO: [ view_parse ] --END-- [ RunTime:0.050024s ]
INFO: [ view_filter ] --START--
INFO: Run Behavior\WriteHtmlCacheBehavior [ RunTime:0.000243s ]
INFO: [ view_filter ] --END-- [ RunTime:0.000291s ]
INFO: [ app_end ] --START--
INFO: Run Behavior\ShowPageTraceBehavior [ RunTime:0.000438s ]
INFO: [ app_end ] --END-- [ RunTime:0.000487s ]

[ 2016-11-02T10:51:31+08:00 ] ::1 /meituan/index.php/Home/detail/index/gid/16
INFO: [ app_init ] --START--
INFO: Run Behavior\BuildLiteBehavior [ RunTime:0.000013s ]
INFO: [ app_init ] --END-- [ RunTime:0.000313s ]
INFO: [ app_begin ] --START--
INFO: Run Behavior\ReadHtmlCacheBehavior [ RunTime:0.000492s ]
INFO: [ app_begin ] --END-- [ RunTime:0.000550s ]
SQL: SHOW COLUMNS FROM `group_goods` [ RunTime:0.0087s ]
SQL: SHOW COLUMNS FROM `group_goods_img` [ RunTime:0.0065s ]
SQL: SHOW COLUMNS FROM `group_goods_detail` [ RunTime:0.0054s ]
SQL: SHOW COLUMNS FROM `group_shop` [ RunTime:0.0056s ]
SQL: SHOW COLUMNS FROM `group_locality` [ RunTime:0.0043s ]
SQL: SHOW COLUMNS FROM `group_category` [ RunTime:0.0065s ]
SQL: SELECT Goods.gid AS gid,Goods.main_title AS main_title,Goods.sub_title AS sub_title,Goods.price AS price,Goods.old_price AS old_price,Goods.begin_time AS begin_time,Goods.end_time AS end_time,Goods.buy AS buy,Goods_img.small_img AS small_img,Goods_img.big_img AS big_img,Goods_img.max_img AS max_img,Goods_detail.detail AS detail,Goods_detail.goods_server AS goods_server,Shop.shopname AS shopname,Shop.shopid AS shopid,Shop.shopaddress AS shopaddress,Shop.shoptel AS shoptel,Shop.coordinate AS coordinate,Locality.lname AS lname,Locality.lid AS lid,Category.cname AS cname,Category.cid AS cid FROM group_goods Goods LEFT JOIN group_goods_img Goods_img ON Goods.gid=Goods_img.goods_id LEFT JOIN group_goods_detail Goods_detail ON Goods.gid=Goods_detail.goods_id LEFT JOIN group_shop Shop ON Goods.shopid=Shop.shopid LEFT JOIN group_locality Locality ON Goods.lid=Locality.lid LEFT JOIN group_category Category ON Goods.cid=Category.cid WHERE Goods.gid = '16' LIMIT 1   [ RunTime:0.0006s ]
INFO: [ view_parse ] --START--
INFO: [ template_filter ] --START--
INFO: Run Behavior\ContentReplaceBehavior [ RunTime:0.000102s ]
INFO: [ template_filter ] --END-- [ RunTime:0.000151s ]
NOTIC: [8] Undefined variable: webInfo D:\xampp\htdocs\meituan\Index\Runtime\Cache\Home\24fc8d200ad2054c77c8ae05d79f0c26.php 第 11 行.
NOTIC: [8] Undefined index: metroaddress D:\xampp\htdocs\meituan\Index\Runtime\Cache\Home\24fc8d200ad2054c77c8ae05d79f0c26.php 第 249 行.
INFO: Run Behavior\ParseTemplateBehavior [ RunTime:0.044630s ]
INFO: [ view_parse ] --END-- [ RunTime:0.044682s ]
INFO: [ view_filter ] --START--
INFO: Run Behavior\WriteHtmlCacheBehavior [ RunTime:0.000204s ]
INFO: [ view_filter ] --END-- [ RunTime:0.000237s ]
INFO: [ app_end ] --START--
INFO: Run Behavior\ShowPageTraceBehavior [ RunTime:0.000390s ]
INFO: [ app_end ] --END-- [ RunTime:0.000431s ]

[ 2016-11-02T11:22:29+08:00 ] ::1 /meituan/index.php/Home/Detail/index/gid/16
INFO: [ app_init ] --START--
INFO: Run Behavior\BuildLiteBehavior [ RunTime:0.000016s ]
INFO: [ app_init ] --END-- [ RunTime:0.000712s ]
INFO: [ app_begin ] --START--
INFO: Run Behavior\ReadHtmlCacheBehavior [ RunTime:0.000479s ]
INFO: [ app_begin ] --END-- [ RunTime:0.000525s ]
SQL: SHOW COLUMNS FROM `group_goods` [ RunTime:0.0086s ]
SQL: SHOW COLUMNS FROM `group_goods_img` [ RunTime:0.0063s ]
SQL: SHOW COLUMNS FROM `group_goods_detail` [ RunTime:0.0060s ]
SQL: SHOW COLUMNS FROM `group_shop` [ RunTime:0.0064s ]
SQL: SHOW COLUMNS FROM `group_locality` [ RunTime:0.0037s ]
SQL: SHOW COLUMNS FROM `group_category` [ RunTime:0.0061s ]
SQL: SELECT Goods.gid AS gid,Goods.main_title AS main_title,Goods.sub_title AS sub_title,Goods.price AS price,Goods.old_price AS old_price,Goods.begin_time AS begin_time,Goods.end_time AS end_time,Goods.buy AS buy,Goods_img.small_img AS small_img,Goods_img.big_img AS big_img,Goods_img.max_img AS max_img,Goods_detail.detail AS detail,Goods_detail.goods_server AS goods_server,Shop.shopname AS shopname,Shop.shopid AS shopid,Shop.shopaddress AS shopaddress,Shop.shoptel AS shoptel,Shop.coordinate AS coordinate,Locality.lname AS lname,Locality.lid AS lid,Category.cname AS cname,Category.cid AS cid FROM group_goods Goods LEFT JOIN group_goods_img Goods_img ON Goods.gid=Goods_img.goods_id LEFT JOIN group_goods_detail Goods_detail ON Goods.gid=Goods_detail.goods_id LEFT JOIN group_shop Shop ON Goods.shopid=Shop.shopid LEFT JOIN group_locality Locality ON Goods.lid=Locality.lid LEFT JOIN group_category Category ON Goods.cid=Category.cid WHERE Goods.gid = '16' LIMIT 1   [ RunTime:0.0007s ]
INFO: [ view_parse ] --START--
INFO: [ template_filter ] --START--
INFO: Run Behavior\ContentReplaceBehavior [ RunTime:0.000103s ]
INFO: [ template_filter ] --END-- [ RunTime:0.000156s ]
NOTIC: [8] Undefined variable: webInfo D:\xampp\htdocs\meituan\Index\Runtime\Cache\Home\24fc8d200ad2054c77c8ae05d79f0c26.php 第 11 行.
NOTIC: [8] Undefined index: metroaddress D:\xampp\htdocs\meituan\Index\Runtime\Cache\Home\24fc8d200ad2054c77c8ae05d79f0c26.php 第 249 行.
INFO: Run Behavior\ParseTemplateBehavior [ RunTime:0.048510s ]
INFO: [ view_parse ] --END-- [ RunTime:0.048562s ]
INFO: [ view_filter ] --START--
INFO: Run Behavior\WriteHtmlCacheBehavior [ RunTime:0.000302s ]
INFO: [ view_filter ] --END-- [ RunTime:0.000339s ]
INFO: [ app_end ] --START--
INFO: Run Behavior\ShowPageTraceBehavior [ RunTime:0.000841s ]
INFO: [ app_end ] --END-- [ RunTime:0.000934s ]

