[ 2017-03-11T12:17:17+08:00 ] ::1 /meituan/
INFO: [ app_init ] --START--
INFO: Run Behavior\BuildLiteBehavior [ RunTime:0.000016s ]
INFO: [ app_init ] --END-- [ RunTime:0.011377s ]
INFO: [ app_begin ] --START--
INFO: Run Behavior\ReadHtmlCacheBehavior [ RunTime:0.025348s ]
INFO: [ app_begin ] --END-- [ RunTime:0.025420s ]
SQL: SHOW COLUMNS FROM `group_category` [ RunTime:0.1271s ]
NOTIC: [8] Undefined variable: url D:\xampp\htdocs\meituan\Index\Home\Controller\IndexController.class.php 第 50 行.
SQL: SELECT `cname`,`cid` FROM `group_category` WHERE `pid` = 0 AND `display` = 1  [ RunTime:0.0430s ]
SQL: SHOW COLUMNS FROM `group_locality` [ RunTime:0.0569s ]
SQL: SELECT `lname`,`lid` FROM `group_locality` WHERE `pid` = 0 AND `display` = 1  [ RunTime:0.0006s ]
SQL: SHOW COLUMNS FROM `group_goods` [ RunTime:0.1119s ]
SQL: SHOW COLUMNS FROM `group_goods_img` [ RunTime:0.0169s ]
SQL: SHOW COLUMNS FROM `group_goods_detail` [ RunTime:0.0132s ]
SQL: SHOW COLUMNS FROM `group_shop` [ RunTime:0.0564s ]
SQL: SELECT COUNT(*) AS tp_count FROM group_goods Goods LEFT JOIN group_goods_img Goods_img ON Goods.gid=Goods_img.goods_id LEFT JOIN group_goods_detail Goods_detail ON Goods.gid=Goods_detail.goods_id LEFT JOIN group_shop Shop ON Goods.shopid=Shop.shopid LEFT JOIN group_locality Locality ON Goods.lid=Locality.lid LEFT JOIN group_category Category ON Goods.cid=Category.cid LIMIT 1   [ RunTime:0.2013s ]
SQL: SELECT Goods.gid AS gid,Goods.main_title AS main_title,Goods.sub_title AS sub_title,Goods.price AS price,Goods.old_price AS old_price,Goods.buy AS buy,Goods_img.big_img AS big_img,Category.cid AS cid FROM group_goods Goods LEFT JOIN group_goods_img Goods_img ON Goods.gid=Goods_img.goods_id LEFT JOIN group_goods_detail Goods_detail ON Goods.gid=Goods_detail.goods_id LEFT JOIN group_shop Shop ON Goods.shopid=Shop.shopid LEFT JOIN group_locality Locality ON Goods.lid=Locality.lid LEFT JOIN group_category Category ON Goods.cid=Category.cid WHERE ( price>0 ) ORDER BY Goods.begin_time desc LIMIT 0,10   [ RunTime:0.0337s ]
INFO: [ view_parse ] --START--
INFO: [ template_filter ] --START--
INFO: Run Behavior\ContentReplaceBehavior [ RunTime:0.000089s ]
INFO: [ template_filter ] --END-- [ RunTime:0.000139s ]
NOTIC: [8] Undefined variable: webInfo D:\xampp\htdocs\meituan\Index\Runtime\Cache\Home\f8cf203eb98c60ed9cec339b90173a5c.php 第 11 行.
NOTIC: [8] Undefined variable: v D:\xampp\htdocs\meituan\Index\Runtime\Cache\Home\f8cf203eb98c60ed9cec339b90173a5c.php 第 175 行.
NOTIC: [8] Undefined variable: v D:\xampp\htdocs\meituan\Index\Runtime\Cache\Home\f8cf203eb98c60ed9cec339b90173a5c.php 第 175 行.
NOTIC: [8] Undefined variable: soncid D:\xampp\htdocs\meituan\Index\Runtime\Cache\Home\f8cf203eb98c60ed9cec339b90173a5c.php 第 191 行.
NOTIC: [8] Undefined variable: sonlid D:\xampp\htdocs\meituan\Index\Runtime\Cache\Home\f8cf203eb98c60ed9cec339b90173a5c.php 第 206 行.
INFO: Run Behavior\ParseTemplateBehavior [ RunTime:0.337409s ]
INFO: [ view_parse ] --END-- [ RunTime:0.337473s ]
INFO: [ view_filter ] --START--
INFO: Run Behavior\WriteHtmlCacheBehavior [ RunTime:0.043618s ]
INFO: [ view_filter ] --END-- [ RunTime:0.043689s ]
INFO: [ app_end ] --START--
INFO: Run Behavior\ShowPageTraceBehavior [ RunTime:0.024971s ]
INFO: [ app_end ] --END-- [ RunTime:0.025127s ]

[ 2017-03-11T12:17:17+08:00 ] ::1 /meituan/
INFO: [ app_init ] --START--
INFO: Run Behavior\BuildLiteBehavior [ RunTime:0.000018s ]
INFO: [ app_init ] --END-- [ RunTime:0.000502s ]
INFO: [ app_begin ] --START--
INFO: Run Behavior\ReadHtmlCacheBehavior [ RunTime:0.000855s ]
INFO: [ app_begin ] --END-- [ RunTime:0.001121s ]
SQL: SHOW COLUMNS FROM `group_category` [ RunTime:0.0136s ]
NOTIC: [8] Undefined variable: url D:\xampp\htdocs\meituan\Index\Home\Controller\IndexController.class.php 第 50 行.
SQL: SELECT `cname`,`cid` FROM `group_category` WHERE `pid` = 0 AND `display` = 1  [ RunTime:0.0003s ]
SQL: SHOW COLUMNS FROM `group_locality` [ RunTime:0.0127s ]
SQL: SELECT `lname`,`lid` FROM `group_locality` WHERE `pid` = 0 AND `display` = 1  [ RunTime:0.0004s ]
SQL: SHOW COLUMNS FROM `group_goods` [ RunTime:0.0068s ]
SQL: SHOW COLUMNS FROM `group_goods_img` [ RunTime:0.0067s ]
SQL: SHOW COLUMNS FROM `group_goods_detail` [ RunTime:0.0103s ]
SQL: SHOW COLUMNS FROM `group_shop` [ RunTime:0.0087s ]
SQL: SELECT COUNT(*) AS tp_count FROM group_goods Goods LEFT JOIN group_goods_img Goods_img ON Goods.gid=Goods_img.goods_id LEFT JOIN group_goods_detail Goods_detail ON Goods.gid=Goods_detail.goods_id LEFT JOIN group_shop Shop ON Goods.shopid=Shop.shopid LEFT JOIN group_locality Locality ON Goods.lid=Locality.lid LEFT JOIN group_category Category ON Goods.cid=Category.cid LIMIT 1   [ RunTime:0.0006s ]
SQL: SELECT Goods.gid AS gid,Goods.main_title AS main_title,Goods.sub_title AS sub_title,Goods.price AS price,Goods.old_price AS old_price,Goods.buy AS buy,Goods_img.big_img AS big_img,Category.cid AS cid FROM group_goods Goods LEFT JOIN group_goods_img Goods_img ON Goods.gid=Goods_img.goods_id LEFT JOIN group_goods_detail Goods_detail ON Goods.gid=Goods_detail.goods_id LEFT JOIN group_shop Shop ON Goods.shopid=Shop.shopid LEFT JOIN group_locality Locality ON Goods.lid=Locality.lid LEFT JOIN group_category Category ON Goods.cid=Category.cid WHERE ( price>0 ) ORDER BY Goods.begin_time desc LIMIT 0,10   [ RunTime:0.0008s ]
INFO: [ view_parse ] --START--
INFO: [ template_filter ] --START--
INFO: Run Behavior\ContentReplaceBehavior [ RunTime:0.000137s ]
INFO: [ template_filter ] --END-- [ RunTime:0.000210s ]
NOTIC: [8] Undefined variable: webInfo D:\xampp\htdocs\meituan\Index\Runtime\Cache\Home\f8cf203eb98c60ed9cec339b90173a5c.php 第 11 行.
NOTIC: [8] Undefined variable: v D:\xampp\htdocs\meituan\Index\Runtime\Cache\Home\f8cf203eb98c60ed9cec339b90173a5c.php 第 175 行.
NOTIC: [8] Undefined variable: v D:\xampp\htdocs\meituan\Index\Runtime\Cache\Home\f8cf203eb98c60ed9cec339b90173a5c.php 第 175 行.
NOTIC: [8] Undefined variable: soncid D:\xampp\htdocs\meituan\Index\Runtime\Cache\Home\f8cf203eb98c60ed9cec339b90173a5c.php 第 191 行.
NOTIC: [8] Undefined variable: sonlid D:\xampp\htdocs\meituan\Index\Runtime\Cache\Home\f8cf203eb98c60ed9cec339b90173a5c.php 第 206 行.
INFO: Run Behavior\ParseTemplateBehavior [ RunTime:0.074535s ]
INFO: [ view_parse ] --END-- [ RunTime:0.074616s ]
INFO: [ view_filter ] --START--
INFO: Run Behavior\WriteHtmlCacheBehavior [ RunTime:0.000458s ]
INFO: [ view_filter ] --END-- [ RunTime:0.000518s ]
INFO: [ app_end ] --START--
INFO: Run Behavior\ShowPageTraceBehavior [ RunTime:0.000773s ]
INFO: [ app_end ] --END-- [ RunTime:0.000975s ]

[ 2017-03-11T12:17:41+08:00 ] ::1 /meituan/index.php/Home/Index/index
INFO: [ app_init ] --START--
INFO: Run Behavior\BuildLiteBehavior [ RunTime:0.000011s ]
INFO: [ app_init ] --END-- [ RunTime:0.000290s ]
INFO: [ app_begin ] --START--
INFO: Run Behavior\ReadHtmlCacheBehavior [ RunTime:0.000512s ]
INFO: [ app_begin ] --END-- [ RunTime:0.000575s ]
SQL: SHOW COLUMNS FROM `group_category` [ RunTime:0.0099s ]
NOTIC: [8] Undefined variable: url D:\xampp\htdocs\meituan\Index\Home\Controller\IndexController.class.php 第 50 行.
SQL: SELECT `cname`,`cid` FROM `group_category` WHERE `pid` = 0 AND `display` = 1  [ RunTime:0.0004s ]
SQL: SHOW COLUMNS FROM `group_locality` [ RunTime:0.0076s ]
SQL: SELECT `lname`,`lid` FROM `group_locality` WHERE `pid` = 0 AND `display` = 1  [ RunTime:0.0003s ]
SQL: SHOW COLUMNS FROM `group_goods` [ RunTime:0.0060s ]
SQL: SHOW COLUMNS FROM `group_goods_img` [ RunTime:0.0044s ]
SQL: SHOW COLUMNS FROM `group_goods_detail` [ RunTime:0.0073s ]
SQL: SHOW COLUMNS FROM `group_shop` [ RunTime:0.0061s ]
SQL: SELECT COUNT(*) AS tp_count FROM group_goods Goods LEFT JOIN group_goods_img Goods_img ON Goods.gid=Goods_img.goods_id LEFT JOIN group_goods_detail Goods_detail ON Goods.gid=Goods_detail.goods_id LEFT JOIN group_shop Shop ON Goods.shopid=Shop.shopid LEFT JOIN group_locality Locality ON Goods.lid=Locality.lid LEFT JOIN group_category Category ON Goods.cid=Category.cid LIMIT 1   [ RunTime:0.0004s ]
SQL: SELECT Goods.gid AS gid,Goods.main_title AS main_title,Goods.sub_title AS sub_title,Goods.price AS price,Goods.old_price AS old_price,Goods.buy AS buy,Goods_img.big_img AS big_img,Category.cid AS cid FROM group_goods Goods LEFT JOIN group_goods_img Goods_img ON Goods.gid=Goods_img.goods_id LEFT JOIN group_goods_detail Goods_detail ON Goods.gid=Goods_detail.goods_id LEFT JOIN group_shop Shop ON Goods.shopid=Shop.shopid LEFT JOIN group_locality Locality ON Goods.lid=Locality.lid LEFT JOIN group_category Category ON Goods.cid=Category.cid WHERE ( price>0 ) ORDER BY Goods.begin_time desc LIMIT 0,10   [ RunTime:0.0007s ]
INFO: [ view_parse ] --START--
INFO: [ template_filter ] --START--
INFO: Run Behavior\ContentReplaceBehavior [ RunTime:0.000082s ]
INFO: [ template_filter ] --END-- [ RunTime:0.000130s ]
NOTIC: [8] Undefined variable: webInfo D:\xampp\htdocs\meituan\Index\Runtime\Cache\Home\f8cf203eb98c60ed9cec339b90173a5c.php 第 11 行.
NOTIC: [8] Undefined variable: v D:\xampp\htdocs\meituan\Index\Runtime\Cache\Home\f8cf203eb98c60ed9cec339b90173a5c.php 第 175 行.
NOTIC: [8] Undefined variable: v D:\xampp\htdocs\meituan\Index\Runtime\Cache\Home\f8cf203eb98c60ed9cec339b90173a5c.php 第 175 行.
NOTIC: [8] Undefined variable: soncid D:\xampp\htdocs\meituan\Index\Runtime\Cache\Home\f8cf203eb98c60ed9cec339b90173a5c.php 第 191 行.
NOTIC: [8] Undefined variable: sonlid D:\xampp\htdocs\meituan\Index\Runtime\Cache\Home\f8cf203eb98c60ed9cec339b90173a5c.php 第 206 行.
INFO: Run Behavior\ParseTemplateBehavior [ RunTime:0.055663s ]
INFO: [ view_parse ] --END-- [ RunTime:0.055707s ]
INFO: [ view_filter ] --START--
INFO: Run Behavior\WriteHtmlCacheBehavior [ RunTime:0.000194s ]
INFO: [ view_filter ] --END-- [ RunTime:0.000226s ]
INFO: [ app_end ] --START--
INFO: Run Behavior\ShowPageTraceBehavior [ RunTime:0.000734s ]
INFO: [ app_end ] --END-- [ RunTime:0.000832s ]

[ 2017-03-11T12:17:41+08:00 ] ::1 /meituan/
INFO: [ app_init ] --START--
INFO: Run Behavior\BuildLiteBehavior [ RunTime:0.000012s ]
INFO: [ app_init ] --END-- [ RunTime:0.000318s ]
INFO: [ app_begin ] --START--
INFO: Run Behavior\ReadHtmlCacheBehavior [ RunTime:0.000712s ]
INFO: [ app_begin ] --END-- [ RunTime:0.000790s ]
SQL: SHOW COLUMNS FROM `group_category` [ RunTime:0.0086s ]
NOTIC: [8] Undefined variable: url D:\xampp\htdocs\meituan\Index\Home\Controller\IndexController.class.php 第 50 行.
SQL: SELECT `cname`,`cid` FROM `group_category` WHERE `pid` = 0 AND `display` = 1  [ RunTime:0.0003s ]
SQL: SHOW COLUMNS FROM `group_locality` [ RunTime:0.0062s ]
SQL: SELECT `lname`,`lid` FROM `group_locality` WHERE `pid` = 0 AND `display` = 1  [ RunTime:0.0003s ]
SQL: SHOW COLUMNS FROM `group_goods` [ RunTime:0.0058s ]
SQL: SHOW COLUMNS FROM `group_goods_img` [ RunTime:0.0031s ]
SQL: SHOW COLUMNS FROM `group_goods_detail` [ RunTime:0.0068s ]
SQL: SHOW COLUMNS FROM `group_shop` [ RunTime:0.0058s ]
SQL: SELECT COUNT(*) AS tp_count FROM group_goods Goods LEFT JOIN group_goods_img Goods_img ON Goods.gid=Goods_img.goods_id LEFT JOIN group_goods_detail Goods_detail ON Goods.gid=Goods_detail.goods_id LEFT JOIN group_shop Shop ON Goods.shopid=Shop.shopid LEFT JOIN group_locality Locality ON Goods.lid=Locality.lid LEFT JOIN group_category Category ON Goods.cid=Category.cid LIMIT 1   [ RunTime:0.0004s ]
SQL: SELECT Goods.gid AS gid,Goods.main_title AS main_title,Goods.sub_title AS sub_title,Goods.price AS price,Goods.old_price AS old_price,Goods.buy AS buy,Goods_img.big_img AS big_img,Category.cid AS cid FROM group_goods Goods LEFT JOIN group_goods_img Goods_img ON Goods.gid=Goods_img.goods_id LEFT JOIN group_goods_detail Goods_detail ON Goods.gid=Goods_detail.goods_id LEFT JOIN group_shop Shop ON Goods.shopid=Shop.shopid LEFT JOIN group_locality Locality ON Goods.lid=Locality.lid LEFT JOIN group_category Category ON Goods.cid=Category.cid WHERE ( price>0 ) ORDER BY Goods.begin_time desc LIMIT 0,10   [ RunTime:0.0005s ]
INFO: [ view_parse ] --START--
INFO: [ template_filter ] --START--
INFO: Run Behavior\ContentReplaceBehavior [ RunTime:0.000093s ]
INFO: [ template_filter ] --END-- [ RunTime:0.000144s ]
NOTIC: [8] Undefined variable: webInfo D:\xampp\htdocs\meituan\Index\Runtime\Cache\Home\f8cf203eb98c60ed9cec339b90173a5c.php 第 11 行.
NOTIC: [8] Undefined variable: v D:\xampp\htdocs\meituan\Index\Runtime\Cache\Home\f8cf203eb98c60ed9cec339b90173a5c.php 第 175 行.
NOTIC: [8] Undefined variable: v D:\xampp\htdocs\meituan\Index\Runtime\Cache\Home\f8cf203eb98c60ed9cec339b90173a5c.php 第 175 行.
NOTIC: [8] Undefined variable: soncid D:\xampp\htdocs\meituan\Index\Runtime\Cache\Home\f8cf203eb98c60ed9cec339b90173a5c.php 第 191 行.
NOTIC: [8] Undefined variable: sonlid D:\xampp\htdocs\meituan\Index\Runtime\Cache\Home\f8cf203eb98c60ed9cec339b90173a5c.php 第 206 行.
INFO: Run Behavior\ParseTemplateBehavior [ RunTime:0.061306s ]
INFO: [ view_parse ] --END-- [ RunTime:0.061353s ]
INFO: [ view_filter ] --START--
INFO: Run Behavior\WriteHtmlCacheBehavior [ RunTime:0.000201s ]
INFO: [ view_filter ] --END-- [ RunTime:0.000235s ]
INFO: [ app_end ] --START--
INFO: Run Behavior\ShowPageTraceBehavior [ RunTime:0.000457s ]
INFO: [ app_end ] --END-- [ RunTime:0.000511s ]

[ 2017-03-11T12:18:22+08:00 ] ::1 /meituan/index.php/Home/Detail/index
INFO: [ app_init ] --START--
INFO: Run Behavior\BuildLiteBehavior [ RunTime:0.000011s ]
INFO: [ app_init ] --END-- [ RunTime:0.000326s ]
INFO: [ app_begin ] --START--
INFO: Run Behavior\ReadHtmlCacheBehavior [ RunTime:0.000423s ]
INFO: [ app_begin ] --END-- [ RunTime:0.000462s ]
SQL: SHOW COLUMNS FROM `group_goods` [ RunTime:0.0118s ]
SQL: SHOW COLUMNS FROM `group_goods_img` [ RunTime:0.0159s ]
SQL: SHOW COLUMNS FROM `group_goods_detail` [ RunTime:0.0068s ]
SQL: SHOW COLUMNS FROM `group_shop` [ RunTime:0.0065s ]
SQL: SHOW COLUMNS FROM `group_locality` [ RunTime:0.0043s ]
SQL: SHOW COLUMNS FROM `group_category` [ RunTime:0.0072s ]
SQL: SELECT Goods.gid AS gid,Goods.main_title AS main_title,Goods.sub_title AS sub_title,Goods.price AS price,Goods.old_price AS old_price,Goods.begin_time AS begin_time,Goods.end_time AS end_time,Goods.buy AS buy,Goods_img.small_img AS small_img,Goods_img.big_img AS big_img,Goods_img.max_img AS max_img,Goods_detail.detail AS detail,Goods_detail.goods_server AS goods_server,Shop.shopname AS shopname,Shop.shopid AS shopid,Shop.shopaddress AS shopaddress,Shop.shoptel AS shoptel,Shop.coordinate AS coordinate,Locality.lname AS lname,Locality.lid AS lid,Category.cname AS cname,Category.cid AS cid FROM group_goods Goods LEFT JOIN group_goods_img Goods_img ON Goods.gid=Goods_img.goods_id LEFT JOIN group_goods_detail Goods_detail ON Goods.gid=Goods_detail.goods_id LEFT JOIN group_shop Shop ON Goods.shopid=Shop.shopid LEFT JOIN group_locality Locality ON Goods.lid=Locality.lid LEFT JOIN group_category Category ON Goods.cid=Category.cid WHERE Goods.gid = '' LIMIT 1   [ RunTime:0.0005s ]
INFO: [ view_parse ] --START--
INFO: [ template_filter ] --START--
INFO: Run Behavior\ContentReplaceBehavior [ RunTime:0.000091s ]
INFO: [ template_filter ] --END-- [ RunTime:0.000134s ]
NOTIC: [8] Undefined variable: webInfo D:\xampp\htdocs\meituan\Index\Runtime\Cache\Home\24fc8d200ad2054c77c8ae05d79f0c26.php 第 11 行.
INFO: Run Behavior\ParseTemplateBehavior [ RunTime:0.102458s ]
INFO: [ view_parse ] --END-- [ RunTime:0.102517s ]
INFO: [ view_filter ] --START--
INFO: Run Behavior\WriteHtmlCacheBehavior [ RunTime:0.000348s ]
INFO: [ view_filter ] --END-- [ RunTime:0.000385s ]
INFO: [ app_end ] --START--
INFO: Run Behavior\ShowPageTraceBehavior [ RunTime:0.000830s ]
INFO: [ app_end ] --END-- [ RunTime:0.000927s ]

[ 2017-03-11T12:18:23+08:00 ] ::1 /meituan/
INFO: [ app_init ] --START--
INFO: Run Behavior\BuildLiteBehavior [ RunTime:0.000019s ]
INFO: [ app_init ] --END-- [ RunTime:0.000519s ]
INFO: [ app_begin ] --START--
INFO: Run Behavior\ReadHtmlCacheBehavior [ RunTime:0.000787s ]
INFO: [ app_begin ] --END-- [ RunTime:0.000881s ]
SQL: SHOW COLUMNS FROM `group_category` [ RunTime:0.0104s ]
NOTIC: [8] Undefined variable: url D:\xampp\htdocs\meituan\Index\Home\Controller\IndexController.class.php 第 50 行.
SQL: SELECT `cname`,`cid` FROM `group_category` WHERE `pid` = 0 AND `display` = 1  [ RunTime:0.0005s ]
SQL: SHOW COLUMNS FROM `group_locality` [ RunTime:0.0137s ]
SQL: SELECT `lname`,`lid` FROM `group_locality` WHERE `pid` = 0 AND `display` = 1  [ RunTime:0.0003s ]
SQL: SHOW COLUMNS FROM `group_goods` [ RunTime:0.0085s ]
SQL: SHOW COLUMNS FROM `group_goods_img` [ RunTime:0.0051s ]
SQL: SHOW COLUMNS FROM `group_goods_detail` [ RunTime:0.0078s ]
SQL: SHOW COLUMNS FROM `group_shop` [ RunTime:0.0066s ]
SQL: SELECT COUNT(*) AS tp_count FROM group_goods Goods LEFT JOIN group_goods_img Goods_img ON Goods.gid=Goods_img.goods_id LEFT JOIN group_goods_detail Goods_detail ON Goods.gid=Goods_detail.goods_id LEFT JOIN group_shop Shop ON Goods.shopid=Shop.shopid LEFT JOIN group_locality Locality ON Goods.lid=Locality.lid LEFT JOIN group_category Category ON Goods.cid=Category.cid LIMIT 1   [ RunTime:0.0006s ]
SQL: SELECT Goods.gid AS gid,Goods.main_title AS main_title,Goods.sub_title AS sub_title,Goods.price AS price,Goods.old_price AS old_price,Goods.buy AS buy,Goods_img.big_img AS big_img,Category.cid AS cid FROM group_goods Goods LEFT JOIN group_goods_img Goods_img ON Goods.gid=Goods_img.goods_id LEFT JOIN group_goods_detail Goods_detail ON Goods.gid=Goods_detail.goods_id LEFT JOIN group_shop Shop ON Goods.shopid=Shop.shopid LEFT JOIN group_locality Locality ON Goods.lid=Locality.lid LEFT JOIN group_category Category ON Goods.cid=Category.cid WHERE ( price>0 ) ORDER BY Goods.begin_time desc LIMIT 0,10   [ RunTime:0.0008s ]
INFO: [ view_parse ] --START--
INFO: [ template_filter ] --START--
INFO: Run Behavior\ContentReplaceBehavior [ RunTime:0.000091s ]
INFO: [ template_filter ] --END-- [ RunTime:0.000144s ]
NOTIC: [8] Undefined variable: webInfo D:\xampp\htdocs\meituan\Index\Runtime\Cache\Home\f8cf203eb98c60ed9cec339b90173a5c.php 第 11 行.
NOTIC: [8] Undefined variable: v D:\xampp\htdocs\meituan\Index\Runtime\Cache\Home\f8cf203eb98c60ed9cec339b90173a5c.php 第 175 行.
NOTIC: [8] Undefined variable: v D:\xampp\htdocs\meituan\Index\Runtime\Cache\Home\f8cf203eb98c60ed9cec339b90173a5c.php 第 175 行.
NOTIC: [8] Undefined variable: soncid D:\xampp\htdocs\meituan\Index\Runtime\Cache\Home\f8cf203eb98c60ed9cec339b90173a5c.php 第 191 行.
NOTIC: [8] Undefined variable: sonlid D:\xampp\htdocs\meituan\Index\Runtime\Cache\Home\f8cf203eb98c60ed9cec339b90173a5c.php 第 206 行.
INFO: Run Behavior\ParseTemplateBehavior [ RunTime:0.080057s ]
INFO: [ view_parse ] --END-- [ RunTime:0.080128s ]
INFO: [ view_filter ] --START--
INFO: Run Behavior\WriteHtmlCacheBehavior [ RunTime:0.000455s ]
INFO: [ view_filter ] --END-- [ RunTime:0.000512s ]
INFO: [ app_end ] --START--
INFO: Run Behavior\ShowPageTraceBehavior [ RunTime:0.000912s ]
INFO: [ app_end ] --END-- [ RunTime:0.000999s ]

[ 2017-03-11T12:18:32+08:00 ] ::1 /meituan/index.php/Home/Detail/index
INFO: [ app_init ] --START--
INFO: Run Behavior\BuildLiteBehavior [ RunTime:0.000018s ]
INFO: [ app_init ] --END-- [ RunTime:0.000398s ]
INFO: [ app_begin ] --START--
INFO: Run Behavior\ReadHtmlCacheBehavior [ RunTime:0.000392s ]
INFO: [ app_begin ] --END-- [ RunTime:0.000440s ]
SQL: SHOW COLUMNS FROM `group_goods` [ RunTime:0.0108s ]
SQL: SHOW COLUMNS FROM `group_goods_img` [ RunTime:0.0064s ]
SQL: SHOW COLUMNS FROM `group_goods_detail` [ RunTime:0.0078s ]
SQL: SHOW COLUMNS FROM `group_shop` [ RunTime:0.0068s ]
SQL: SHOW COLUMNS FROM `group_locality` [ RunTime:0.0036s ]
SQL: SHOW COLUMNS FROM `group_category` [ RunTime:0.0078s ]
SQL: SELECT Goods.gid AS gid,Goods.main_title AS main_title,Goods.sub_title AS sub_title,Goods.price AS price,Goods.old_price AS old_price,Goods.begin_time AS begin_time,Goods.end_time AS end_time,Goods.buy AS buy,Goods_img.small_img AS small_img,Goods_img.big_img AS big_img,Goods_img.max_img AS max_img,Goods_detail.detail AS detail,Goods_detail.goods_server AS goods_server,Shop.shopname AS shopname,Shop.shopid AS shopid,Shop.shopaddress AS shopaddress,Shop.shoptel AS shoptel,Shop.coordinate AS coordinate,Locality.lname AS lname,Locality.lid AS lid,Category.cname AS cname,Category.cid AS cid FROM group_goods Goods LEFT JOIN group_goods_img Goods_img ON Goods.gid=Goods_img.goods_id LEFT JOIN group_goods_detail Goods_detail ON Goods.gid=Goods_detail.goods_id LEFT JOIN group_shop Shop ON Goods.shopid=Shop.shopid LEFT JOIN group_locality Locality ON Goods.lid=Locality.lid LEFT JOIN group_category Category ON Goods.cid=Category.cid WHERE Goods.gid = '' LIMIT 1   [ RunTime:0.0005s ]
INFO: [ view_parse ] --START--
INFO: [ template_filter ] --START--
INFO: Run Behavior\ContentReplaceBehavior [ RunTime:0.000091s ]
INFO: [ template_filter ] --END-- [ RunTime:0.000133s ]
NOTIC: [8] Undefined variable: webInfo D:\xampp\htdocs\meituan\Index\Runtime\Cache\Home\24fc8d200ad2054c77c8ae05d79f0c26.php 第 11 行.
INFO: Run Behavior\ParseTemplateBehavior [ RunTime:0.066264s ]
INFO: [ view_parse ] --END-- [ RunTime:0.066311s ]
INFO: [ view_filter ] --START--
INFO: Run Behavior\WriteHtmlCacheBehavior [ RunTime:0.000192s ]
INFO: [ view_filter ] --END-- [ RunTime:0.000225s ]
INFO: [ app_end ] --START--
INFO: Run Behavior\ShowPageTraceBehavior [ RunTime:0.000747s ]
INFO: [ app_end ] --END-- [ RunTime:0.000847s ]

[ 2017-03-11T12:18:32+08:00 ] ::1 /meituan/
INFO: [ app_init ] --START--
INFO: Run Behavior\BuildLiteBehavior [ RunTime:0.000020s ]
INFO: [ app_init ] --END-- [ RunTime:0.000448s ]
INFO: [ app_begin ] --START--
INFO: Run Behavior\ReadHtmlCacheBehavior [ RunTime:0.000604s ]
INFO: [ app_begin ] --END-- [ RunTime:0.000676s ]
SQL: SHOW COLUMNS FROM `group_category` [ RunTime:0.0992s ]
NOTIC: [8] Undefined variable: url D:\xampp\htdocs\meituan\Index\Home\Controller\IndexController.class.php 第 50 行.
SQL: SELECT `cname`,`cid` FROM `group_category` WHERE `pid` = 0 AND `display` = 1  [ RunTime:0.0003s ]
SQL: SHOW COLUMNS FROM `group_locality` [ RunTime:0.0047s ]
SQL: SELECT `lname`,`lid` FROM `group_locality` WHERE `pid` = 0 AND `display` = 1  [ RunTime:0.0003s ]
SQL: SHOW COLUMNS FROM `group_goods` [ RunTime:0.0044s ]
SQL: SHOW COLUMNS FROM `group_goods_img` [ RunTime:0.0041s ]
SQL: SHOW COLUMNS FROM `group_goods_detail` [ RunTime:0.0038s ]
SQL: SHOW COLUMNS FROM `group_shop` [ RunTime:0.0041s ]
SQL: SELECT COUNT(*) AS tp_count FROM group_goods Goods LEFT JOIN group_goods_img Goods_img ON Goods.gid=Goods_img.goods_id LEFT JOIN group_goods_detail Goods_detail ON Goods.gid=Goods_detail.goods_id LEFT JOIN group_shop Shop ON Goods.shopid=Shop.shopid LEFT JOIN group_locality Locality ON Goods.lid=Locality.lid LEFT JOIN group_category Category ON Goods.cid=Category.cid LIMIT 1   [ RunTime:0.0006s ]
SQL: SELECT Goods.gid AS gid,Goods.main_title AS main_title,Goods.sub_title AS sub_title,Goods.price AS price,Goods.old_price AS old_price,Goods.buy AS buy,Goods_img.big_img AS big_img,Category.cid AS cid FROM group_goods Goods LEFT JOIN group_goods_img Goods_img ON Goods.gid=Goods_img.goods_id LEFT JOIN group_goods_detail Goods_detail ON Goods.gid=Goods_detail.goods_id LEFT JOIN group_shop Shop ON Goods.shopid=Shop.shopid LEFT JOIN group_locality Locality ON Goods.lid=Locality.lid LEFT JOIN group_category Category ON Goods.cid=Category.cid WHERE ( price>0 ) ORDER BY Goods.begin_time desc LIMIT 0,10   [ RunTime:0.0008s ]
INFO: [ view_parse ] --START--
INFO: [ template_filter ] --START--
INFO: Run Behavior\ContentReplaceBehavior [ RunTime:0.000082s ]
INFO: [ template_filter ] --END-- [ RunTime:0.000131s ]
NOTIC: [8] Undefined variable: webInfo D:\xampp\htdocs\meituan\Index\Runtime\Cache\Home\f8cf203eb98c60ed9cec339b90173a5c.php 第 11 行.
NOTIC: [8] Undefined variable: v D:\xampp\htdocs\meituan\Index\Runtime\Cache\Home\f8cf203eb98c60ed9cec339b90173a5c.php 第 175 行.
NOTIC: [8] Undefined variable: v D:\xampp\htdocs\meituan\Index\Runtime\Cache\Home\f8cf203eb98c60ed9cec339b90173a5c.php 第 175 行.
NOTIC: [8] Undefined variable: soncid D:\xampp\htdocs\meituan\Index\Runtime\Cache\Home\f8cf203eb98c60ed9cec339b90173a5c.php 第 191 行.
NOTIC: [8] Undefined variable: sonlid D:\xampp\htdocs\meituan\Index\Runtime\Cache\Home\f8cf203eb98c60ed9cec339b90173a5c.php 第 206 行.
INFO: Run Behavior\ParseTemplateBehavior [ RunTime:0.076954s ]
INFO: [ view_parse ] --END-- [ RunTime:0.077002s ]
INFO: [ view_filter ] --START--
INFO: Run Behavior\WriteHtmlCacheBehavior [ RunTime:0.000259s ]
INFO: [ view_filter ] --END-- [ RunTime:0.000295s ]
INFO: [ app_end ] --START--
INFO: Run Behavior\ShowPageTraceBehavior [ RunTime:0.000723s ]
INFO: [ app_end ] --END-- [ RunTime:0.000824s ]

[ 2017-03-11T12:18:46+08:00 ] ::1 /meituan/index.php/Home/Detail/index
INFO: [ app_init ] --START--
INFO: Run Behavior\BuildLiteBehavior [ RunTime:0.000015s ]
INFO: [ app_init ] --END-- [ RunTime:0.000378s ]
INFO: [ app_begin ] --START--
INFO: Run Behavior\ReadHtmlCacheBehavior [ RunTime:0.000648s ]
INFO: [ app_begin ] --END-- [ RunTime:0.000725s ]
SQL: SHOW COLUMNS FROM `group_goods` [ RunTime:0.0103s ]
SQL: SHOW COLUMNS FROM `group_goods_img` [ RunTime:0.0085s ]
SQL: SHOW COLUMNS FROM `group_goods_detail` [ RunTime:0.0059s ]
SQL: SHOW COLUMNS FROM `group_shop` [ RunTime:0.0062s ]
SQL: SHOW COLUMNS FROM `group_locality` [ RunTime:0.0033s ]
SQL: SHOW COLUMNS FROM `group_category` [ RunTime:0.0058s ]
SQL: SELECT Goods.gid AS gid,Goods.main_title AS main_title,Goods.sub_title AS sub_title,Goods.price AS price,Goods.old_price AS old_price,Goods.begin_time AS begin_time,Goods.end_time AS end_time,Goods.buy AS buy,Goods_img.small_img AS small_img,Goods_img.big_img AS big_img,Goods_img.max_img AS max_img,Goods_detail.detail AS detail,Goods_detail.goods_server AS goods_server,Shop.shopname AS shopname,Shop.shopid AS shopid,Shop.shopaddress AS shopaddress,Shop.shoptel AS shoptel,Shop.coordinate AS coordinate,Locality.lname AS lname,Locality.lid AS lid,Category.cname AS cname,Category.cid AS cid FROM group_goods Goods LEFT JOIN group_goods_img Goods_img ON Goods.gid=Goods_img.goods_id LEFT JOIN group_goods_detail Goods_detail ON Goods.gid=Goods_detail.goods_id LEFT JOIN group_shop Shop ON Goods.shopid=Shop.shopid LEFT JOIN group_locality Locality ON Goods.lid=Locality.lid LEFT JOIN group_category Category ON Goods.cid=Category.cid WHERE Goods.gid = '' LIMIT 1   [ RunTime:0.0004s ]
INFO: [ view_parse ] --START--
INFO: [ template_filter ] --START--
INFO: Run Behavior\ContentReplaceBehavior [ RunTime:0.000098s ]
INFO: [ template_filter ] --END-- [ RunTime:0.000146s ]
NOTIC: [8] Undefined variable: webInfo D:\xampp\htdocs\meituan\Index\Runtime\Cache\Home\24fc8d200ad2054c77c8ae05d79f0c26.php 第 11 行.
INFO: Run Behavior\ParseTemplateBehavior [ RunTime:0.062392s ]
INFO: [ view_parse ] --END-- [ RunTime:0.062438s ]
INFO: [ view_filter ] --START--
INFO: Run Behavior\WriteHtmlCacheBehavior [ RunTime:0.000277s ]
INFO: [ view_filter ] --END-- [ RunTime:0.000309s ]
INFO: [ app_end ] --START--
INFO: Run Behavior\ShowPageTraceBehavior [ RunTime:0.000862s ]
INFO: [ app_end ] --END-- [ RunTime:0.000960s ]

[ 2017-03-11T12:18:47+08:00 ] ::1 /meituan/
INFO: [ app_init ] --START--
INFO: Run Behavior\BuildLiteBehavior [ RunTime:0.000013s ]
INFO: [ app_init ] --END-- [ RunTime:0.000339s ]
INFO: [ app_begin ] --START--
INFO: Run Behavior\ReadHtmlCacheBehavior [ RunTime:0.000370s ]
INFO: [ app_begin ] --END-- [ RunTime:0.000412s ]
SQL: SHOW COLUMNS FROM `group_category` [ RunTime:0.0043s ]
NOTIC: [8] Undefined variable: url D:\xampp\htdocs\meituan\Index\Home\Controller\IndexController.class.php 第 50 行.
SQL: SELECT `cname`,`cid` FROM `group_category` WHERE `pid` = 0 AND `display` = 1  [ RunTime:0.0003s ]
SQL: SHOW COLUMNS FROM `group_locality` [ RunTime:0.0035s ]
SQL: SELECT `lname`,`lid` FROM `group_locality` WHERE `pid` = 0 AND `display` = 1  [ RunTime:0.0003s ]
SQL: SHOW COLUMNS FROM `group_goods` [ RunTime:0.0037s ]
SQL: SHOW COLUMNS FROM `group_goods_img` [ RunTime:0.0047s ]
SQL: SHOW COLUMNS FROM `group_goods_detail` [ RunTime:0.0160s ]
SQL: SHOW COLUMNS FROM `group_shop` [ RunTime:0.0044s ]
SQL: SELECT COUNT(*) AS tp_count FROM group_goods Goods LEFT JOIN group_goods_img Goods_img ON Goods.gid=Goods_img.goods_id LEFT JOIN group_goods_detail Goods_detail ON Goods.gid=Goods_detail.goods_id LEFT JOIN group_shop Shop ON Goods.shopid=Shop.shopid LEFT JOIN group_locality Locality ON Goods.lid=Locality.lid LEFT JOIN group_category Category ON Goods.cid=Category.cid LIMIT 1   [ RunTime:0.0007s ]
SQL: SELECT Goods.gid AS gid,Goods.main_title AS main_title,Goods.sub_title AS sub_title,Goods.price AS price,Goods.old_price AS old_price,Goods.buy AS buy,Goods_img.big_img AS big_img,Category.cid AS cid FROM group_goods Goods LEFT JOIN group_goods_img Goods_img ON Goods.gid=Goods_img.goods_id LEFT JOIN group_goods_detail Goods_detail ON Goods.gid=Goods_detail.goods_id LEFT JOIN group_shop Shop ON Goods.shopid=Shop.shopid LEFT JOIN group_locality Locality ON Goods.lid=Locality.lid LEFT JOIN group_category Category ON Goods.cid=Category.cid WHERE ( price>0 ) ORDER BY Goods.begin_time desc LIMIT 0,10   [ RunTime:0.0007s ]
INFO: [ view_parse ] --START--
INFO: [ template_filter ] --START--
INFO: Run Behavior\ContentReplaceBehavior [ RunTime:0.000135s ]
INFO: [ template_filter ] --END-- [ RunTime:0.000208s ]
NOTIC: [8] Undefined variable: webInfo D:\xampp\htdocs\meituan\Index\Runtime\Cache\Home\f8cf203eb98c60ed9cec339b90173a5c.php 第 11 行.
NOTIC: [8] Undefined variable: v D:\xampp\htdocs\meituan\Index\Runtime\Cache\Home\f8cf203eb98c60ed9cec339b90173a5c.php 第 175 行.
NOTIC: [8] Undefined variable: v D:\xampp\htdocs\meituan\Index\Runtime\Cache\Home\f8cf203eb98c60ed9cec339b90173a5c.php 第 175 行.
NOTIC: [8] Undefined variable: soncid D:\xampp\htdocs\meituan\Index\Runtime\Cache\Home\f8cf203eb98c60ed9cec339b90173a5c.php 第 191 行.
NOTIC: [8] Undefined variable: sonlid D:\xampp\htdocs\meituan\Index\Runtime\Cache\Home\f8cf203eb98c60ed9cec339b90173a5c.php 第 206 行.
INFO: Run Behavior\ParseTemplateBehavior [ RunTime:0.079368s ]
INFO: [ view_parse ] --END-- [ RunTime:0.079428s ]
INFO: [ view_filter ] --START--
INFO: Run Behavior\WriteHtmlCacheBehavior [ RunTime:0.000210s ]
INFO: [ view_filter ] --END-- [ RunTime:0.000243s ]
INFO: [ app_end ] --START--
INFO: Run Behavior\ShowPageTraceBehavior [ RunTime:0.000629s ]
INFO: [ app_end ] --END-- [ RunTime:0.000712s ]

