[ 2017-03-01T15:03:27+08:00 ] ::1 /meituan/
INFO: [ app_init ] --START--
INFO: Run Behavior\BuildLiteBehavior [ RunTime:0.000016s ]
INFO: [ app_init ] --END-- [ RunTime:0.001325s ]
INFO: [ app_begin ] --START--
INFO: Run Behavior\ReadHtmlCacheBehavior [ RunTime:0.024867s ]
INFO: [ app_begin ] --END-- [ RunTime:0.024935s ]
SQL: SHOW COLUMNS FROM `group_category` [ RunTime:0.1548s ]
NOTIC: [8] Undefined variable: url D:\xampp\htdocs\meituan\Index\Home\Controller\IndexController.class.php 第 49 行.
SQL: SELECT `cname`,`cid` FROM `group_category` WHERE `pid` = 0 AND `display` = 1  [ RunTime:0.0007s ]
SQL: SHOW COLUMNS FROM `group_locality` [ RunTime:0.0478s ]
SQL: SELECT `lname`,`lid` FROM `group_locality` WHERE `pid` = 0 AND `display` = 1  [ RunTime:0.0005s ]
SQL: SHOW COLUMNS FROM `group_goods` [ RunTime:0.0734s ]
SQL: SHOW COLUMNS FROM `group_goods_img` [ RunTime:0.0378s ]
SQL: SHOW COLUMNS FROM `group_goods_detail` [ RunTime:0.0194s ]
SQL: SHOW COLUMNS FROM `group_shop` [ RunTime:0.0460s ]
SQL: SELECT COUNT(*) AS tp_count FROM group_goods Goods LEFT JOIN group_goods_img Goods_img ON Goods.gid=Goods_img.goods_id LEFT JOIN group_goods_detail Goods_detail ON Goods.gid=Goods_detail.goods_id LEFT JOIN group_shop Shop ON Goods.shopid=Shop.shopid LEFT JOIN group_locality Locality ON Goods.lid=Locality.lid LEFT JOIN group_category Category ON Goods.cid=Category.cid LIMIT 1   [ RunTime:0.0359s ]
SQL: SELECT Goods.gid AS gid,Goods.main_title AS main_title,Goods.sub_title AS sub_title,Goods.price AS price,Goods.old_price AS old_price,Goods.buy AS buy,Goods_img.big_img AS big_img,Category.cid AS cid FROM group_goods Goods LEFT JOIN group_goods_img Goods_img ON Goods.gid=Goods_img.goods_id LEFT JOIN group_goods_detail Goods_detail ON Goods.gid=Goods_detail.goods_id LEFT JOIN group_shop Shop ON Goods.shopid=Shop.shopid LEFT JOIN group_locality Locality ON Goods.lid=Locality.lid LEFT JOIN group_category Category ON Goods.cid=Category.cid WHERE ( price>0 ) ORDER BY Goods.begin_time desc LIMIT 0,10   [ RunTime:0.2203s ]
INFO: [ view_parse ] --START--
INFO: [ template_filter ] --START--
INFO: Run Behavior\ContentReplaceBehavior [ RunTime:0.000088s ]
INFO: [ template_filter ] --END-- [ RunTime:0.000134s ]
NOTIC: [8] Undefined variable: webInfo D:\xampp\htdocs\meituan\Index\Runtime\Cache\Home\f8cf203eb98c60ed9cec339b90173a5c.php 第 11 行.
NOTIC: [8] Undefined variable: v D:\xampp\htdocs\meituan\Index\Runtime\Cache\Home\f8cf203eb98c60ed9cec339b90173a5c.php 第 175 行.
NOTIC: [8] Undefined variable: v D:\xampp\htdocs\meituan\Index\Runtime\Cache\Home\f8cf203eb98c60ed9cec339b90173a5c.php 第 175 行.
NOTIC: [8] Undefined variable: soncid D:\xampp\htdocs\meituan\Index\Runtime\Cache\Home\f8cf203eb98c60ed9cec339b90173a5c.php 第 191 行.
NOTIC: [8] Undefined variable: sonlid D:\xampp\htdocs\meituan\Index\Runtime\Cache\Home\f8cf203eb98c60ed9cec339b90173a5c.php 第 206 行.
INFO: Run Behavior\ParseTemplateBehavior [ RunTime:0.243813s ]
INFO: [ view_parse ] --END-- [ RunTime:0.243898s ]
INFO: [ view_filter ] --START--
INFO: Run Behavior\WriteHtmlCacheBehavior [ RunTime:0.037221s ]
INFO: [ view_filter ] --END-- [ RunTime:0.037290s ]
INFO: [ app_end ] --START--
INFO: Run Behavior\ShowPageTraceBehavior [ RunTime:0.015675s ]
INFO: [ app_end ] --END-- [ RunTime:0.015777s ]

[ 2017-03-01T15:03:28+08:00 ] ::1 /meituan/
INFO: [ app_init ] --START--
INFO: Run Behavior\BuildLiteBehavior [ RunTime:0.000019s ]
INFO: [ app_init ] --END-- [ RunTime:0.000592s ]
INFO: [ app_begin ] --START--
INFO: Run Behavior\ReadHtmlCacheBehavior [ RunTime:0.000937s ]
INFO: [ app_begin ] --END-- [ RunTime:0.001059s ]
SQL: SHOW COLUMNS FROM `group_category` [ RunTime:0.0120s ]
NOTIC: [8] Undefined variable: url D:\xampp\htdocs\meituan\Index\Home\Controller\IndexController.class.php 第 49 行.
SQL: SELECT `cname`,`cid` FROM `group_category` WHERE `pid` = 0 AND `display` = 1  [ RunTime:0.0004s ]
SQL: SHOW COLUMNS FROM `group_locality` [ RunTime:0.0084s ]
SQL: SELECT `lname`,`lid` FROM `group_locality` WHERE `pid` = 0 AND `display` = 1  [ RunTime:0.0003s ]
SQL: SHOW COLUMNS FROM `group_goods` [ RunTime:0.0085s ]
SQL: SHOW COLUMNS FROM `group_goods_img` [ RunTime:0.0045s ]
SQL: SHOW COLUMNS FROM `group_goods_detail` [ RunTime:0.0064s ]
SQL: SHOW COLUMNS FROM `group_shop` [ RunTime:0.0083s ]
SQL: SELECT COUNT(*) AS tp_count FROM group_goods Goods LEFT JOIN group_goods_img Goods_img ON Goods.gid=Goods_img.goods_id LEFT JOIN group_goods_detail Goods_detail ON Goods.gid=Goods_detail.goods_id LEFT JOIN group_shop Shop ON Goods.shopid=Shop.shopid LEFT JOIN group_locality Locality ON Goods.lid=Locality.lid LEFT JOIN group_category Category ON Goods.cid=Category.cid LIMIT 1   [ RunTime:0.0007s ]
SQL: SELECT Goods.gid AS gid,Goods.main_title AS main_title,Goods.sub_title AS sub_title,Goods.price AS price,Goods.old_price AS old_price,Goods.buy AS buy,Goods_img.big_img AS big_img,Category.cid AS cid FROM group_goods Goods LEFT JOIN group_goods_img Goods_img ON Goods.gid=Goods_img.goods_id LEFT JOIN group_goods_detail Goods_detail ON Goods.gid=Goods_detail.goods_id LEFT JOIN group_shop Shop ON Goods.shopid=Shop.shopid LEFT JOIN group_locality Locality ON Goods.lid=Locality.lid LEFT JOIN group_category Category ON Goods.cid=Category.cid WHERE ( price>0 ) ORDER BY Goods.begin_time desc LIMIT 0,10   [ RunTime:0.0010s ]
INFO: [ view_parse ] --START--
INFO: [ template_filter ] --START--
INFO: Run Behavior\ContentReplaceBehavior [ RunTime:0.000086s ]
INFO: [ template_filter ] --END-- [ RunTime:0.000136s ]
NOTIC: [8] Undefined variable: webInfo D:\xampp\htdocs\meituan\Index\Runtime\Cache\Home\f8cf203eb98c60ed9cec339b90173a5c.php 第 11 行.
NOTIC: [8] Undefined variable: v D:\xampp\htdocs\meituan\Index\Runtime\Cache\Home\f8cf203eb98c60ed9cec339b90173a5c.php 第 175 行.
NOTIC: [8] Undefined variable: v D:\xampp\htdocs\meituan\Index\Runtime\Cache\Home\f8cf203eb98c60ed9cec339b90173a5c.php 第 175 行.
NOTIC: [8] Undefined variable: soncid D:\xampp\htdocs\meituan\Index\Runtime\Cache\Home\f8cf203eb98c60ed9cec339b90173a5c.php 第 191 行.
NOTIC: [8] Undefined variable: sonlid D:\xampp\htdocs\meituan\Index\Runtime\Cache\Home\f8cf203eb98c60ed9cec339b90173a5c.php 第 206 行.
INFO: Run Behavior\ParseTemplateBehavior [ RunTime:0.076254s ]
INFO: [ view_parse ] --END-- [ RunTime:0.076331s ]
INFO: [ view_filter ] --START--
INFO: Run Behavior\WriteHtmlCacheBehavior [ RunTime:0.000576s ]
INFO: [ view_filter ] --END-- [ RunTime:0.000645s ]
INFO: [ app_end ] --START--
INFO: Run Behavior\ShowPageTraceBehavior [ RunTime:0.001263s ]
INFO: [ app_end ] --END-- [ RunTime:0.001426s ]

